<?xml version="1.0" encoding="UTF-8"?>
<testsuite name="com.portfolio.reservation.service.UserServiceTest" tests="1" skipped="0" failures="0" errors="0" timestamp="2024-05-08T11:11:32" hostname="DESKTOP-A553VVH" time="1.074">
  <properties/>
  <testcase name="getUser_테스트()" classname="com.portfolio.reservation.service.UserServiceTest" time="1.074"/>
  <system-out><![CDATA[20:11:25.655 [Test worker] INFO org.springframework.test.context.support.AnnotationConfigContextLoaderUtils -- Could not detect default configuration classes for test class [com.portfolio.reservation.service.UserServiceTest]: UserServiceTest does not declare any static, non-private, non-final, nested classes annotated with @Configuration.
20:11:25.802 [Test worker] INFO org.springframework.boot.test.context.SpringBootTestContextBootstrapper -- Found @SpringBootConfiguration com.portfolio.reservation.ReservationApplication for test class com.portfolio.reservation.service.UserServiceTest

  .   ____          _            __ _ _
 /\\ / ___'_ __ _ _(_)_ __  __ _ \ \ \ \
( ( )\___ | '_ | '_| | '_ \/ _` | \ \ \ \
 \\/  ___)| |_)| | | | | || (_| |  ) ) ) )
  '  |____| .__|_| |_|_| |_\__, | / / / /
 =========|_|==============|___/=/_/_/_/
 :: Spring Boot ::                (v3.2.4)

2024-05-08T20:11:26.252+09:00  INFO 10608 --- [reservation] [    Test worker] c.p.reservation.service.UserServiceTest  : Starting UserServiceTest using Java 17.0.10 with PID 10608 (started by ASUS in C:\portfolio\reservation_portfolio_remote\reservation\reservation)
2024-05-08T20:11:26.253+09:00  INFO 10608 --- [reservation] [    Test worker] c.p.reservation.service.UserServiceTest  : No active profile set, falling back to 1 default profile: "default"
2024-05-08T20:11:27.320+09:00  INFO 10608 --- [reservation] [    Test worker] .s.d.r.c.RepositoryConfigurationDelegate : Bootstrapping Spring Data JPA repositories in DEFAULT mode.
2024-05-08T20:11:27.386+09:00  INFO 10608 --- [reservation] [    Test worker] .s.d.r.c.RepositoryConfigurationDelegate : Finished Spring Data repository scanning in 54 ms. Found 1 JPA repository interface.
2024-05-08T20:11:27.522+09:00  WARN 10608 --- [reservation] [    Test worker] o.m.s.mapper.ClassPathMapperScanner      : No MyBatis mapper was found in '[com.portfolio.reservation]' package. Please check your configuration.
2024-05-08T20:11:28.001+09:00  INFO 10608 --- [reservation] [    Test worker] o.hibernate.jpa.internal.util.LogHelper  : HHH000204: Processing PersistenceUnitInfo [name: default]
2024-05-08T20:11:28.110+09:00  INFO 10608 --- [reservation] [    Test worker] org.hibernate.Version                    : HHH000412: Hibernate ORM core version 6.4.4.Final
2024-05-08T20:11:28.167+09:00  INFO 10608 --- [reservation] [    Test worker] o.h.c.internal.RegionFactoryInitiator    : HHH000026: Second-level cache disabled
2024-05-08T20:11:28.266+09:00 DEBUG 10608 --- [reservation] [    Test worker] org.hibernate.type.BasicTypeRegistry     : Adding type registration boolean -> org.hibernate.type.BasicTypeReference@8b670c0
2024-05-08T20:11:28.266+09:00 DEBUG 10608 --- [reservation] [    Test worker] org.hibernate.type.BasicTypeRegistry     : Adding type registration boolean -> org.hibernate.type.BasicTypeReference@8b670c0
2024-05-08T20:11:28.267+09:00 DEBUG 10608 --- [reservation] [    Test worker] org.hibernate.type.BasicTypeRegistry     : Adding type registration java.lang.Boolean -> org.hibernate.type.BasicTypeReference@8b670c0
2024-05-08T20:11:28.267+09:00 DEBUG 10608 --- [reservation] [    Test worker] org.hibernate.type.BasicTypeRegistry     : Adding type registration numeric_boolean -> org.hibernate.type.BasicTypeReference@4c2ab536
2024-05-08T20:11:28.267+09:00 DEBUG 10608 --- [reservation] [    Test worker] org.hibernate.type.BasicTypeRegistry     : Adding type registration org.hibernate.type.NumericBooleanConverter -> org.hibernate.type.BasicTypeReference@4c2ab536
2024-05-08T20:11:28.267+09:00 DEBUG 10608 --- [reservation] [    Test worker] org.hibernate.type.BasicTypeRegistry     : Adding type registration true_false -> org.hibernate.type.BasicTypeReference@22fb9a2c
2024-05-08T20:11:28.267+09:00 DEBUG 10608 --- [reservation] [    Test worker] org.hibernate.type.BasicTypeRegistry     : Adding type registration org.hibernate.type.TrueFalseConverter -> org.hibernate.type.BasicTypeReference@22fb9a2c
2024-05-08T20:11:28.267+09:00 DEBUG 10608 --- [reservation] [    Test worker] org.hibernate.type.BasicTypeRegistry     : Adding type registration yes_no -> org.hibernate.type.BasicTypeReference@2084e65a
2024-05-08T20:11:28.267+09:00 DEBUG 10608 --- [reservation] [    Test worker] org.hibernate.type.BasicTypeRegistry     : Adding type registration org.hibernate.type.YesNoConverter -> org.hibernate.type.BasicTypeReference@2084e65a
2024-05-08T20:11:28.267+09:00 DEBUG 10608 --- [reservation] [    Test worker] org.hibernate.type.BasicTypeRegistry     : Adding type registration byte -> org.hibernate.type.BasicTypeReference@1b8fa2fa
2024-05-08T20:11:28.267+09:00 DEBUG 10608 --- [reservation] [    Test worker] org.hibernate.type.BasicTypeRegistry     : Adding type registration byte -> org.hibernate.type.BasicTypeReference@1b8fa2fa
2024-05-08T20:11:28.267+09:00 DEBUG 10608 --- [reservation] [    Test worker] org.hibernate.type.BasicTypeRegistry     : Adding type registration java.lang.Byte -> org.hibernate.type.BasicTypeReference@1b8fa2fa
2024-05-08T20:11:28.268+09:00 DEBUG 10608 --- [reservation] [    Test worker] org.hibernate.type.BasicTypeRegistry     : Adding type registration binary -> org.hibernate.type.BasicTypeReference@21527b8
2024-05-08T20:11:28.268+09:00 DEBUG 10608 --- [reservation] [    Test worker] org.hibernate.type.BasicTypeRegistry     : Adding type registration byte[] -> org.hibernate.type.BasicTypeReference@21527b8
2024-05-08T20:11:28.268+09:00 DEBUG 10608 --- [reservation] [    Test worker] org.hibernate.type.BasicTypeRegistry     : Adding type registration [B -> org.hibernate.type.BasicTypeReference@21527b8
2024-05-08T20:11:28.269+09:00 DEBUG 10608 --- [reservation] [    Test worker] org.hibernate.type.BasicTypeRegistry     : Adding type registration binary_wrapper -> org.hibernate.type.BasicTypeReference@1d8e9d3e
2024-05-08T20:11:28.269+09:00 DEBUG 10608 --- [reservation] [    Test worker] org.hibernate.type.BasicTypeRegistry     : Adding type registration wrapper-binary -> org.hibernate.type.BasicTypeReference@1d8e9d3e
2024-05-08T20:11:28.269+09:00 DEBUG 10608 --- [reservation] [    Test worker] org.hibernate.type.BasicTypeRegistry     : Adding type registration image -> org.hibernate.type.BasicTypeReference@360d41d0
2024-05-08T20:11:28.269+09:00 DEBUG 10608 --- [reservation] [    Test worker] org.hibernate.type.BasicTypeRegistry     : Adding type registration blob -> org.hibernate.type.BasicTypeReference@4586a8aa
2024-05-08T20:11:28.269+09:00 DEBUG 10608 --- [reservation] [    Test worker] org.hibernate.type.BasicTypeRegistry     : Adding type registration java.sql.Blob -> org.hibernate.type.BasicTypeReference@4586a8aa
2024-05-08T20:11:28.269+09:00 DEBUG 10608 --- [reservation] [    Test worker] org.hibernate.type.BasicTypeRegistry     : Adding type registration materialized_blob -> org.hibernate.type.BasicTypeReference@3dc82e6a
2024-05-08T20:11:28.269+09:00 DEBUG 10608 --- [reservation] [    Test worker] org.hibernate.type.BasicTypeRegistry     : Adding type registration materialized_blob_wrapper -> org.hibernate.type.BasicTypeReference@54463380
2024-05-08T20:11:28.269+09:00 DEBUG 10608 --- [reservation] [    Test worker] org.hibernate.type.BasicTypeRegistry     : Adding type registration short -> org.hibernate.type.BasicTypeReference@819fb19
2024-05-08T20:11:28.269+09:00 DEBUG 10608 --- [reservation] [    Test worker] org.hibernate.type.BasicTypeRegistry     : Adding type registration short -> org.hibernate.type.BasicTypeReference@819fb19
2024-05-08T20:11:28.270+09:00 DEBUG 10608 --- [reservation] [    Test worker] org.hibernate.type.BasicTypeRegistry     : Adding type registration java.lang.Short -> org.hibernate.type.BasicTypeReference@819fb19
2024-05-08T20:11:28.270+09:00 DEBUG 10608 --- [reservation] [    Test worker] org.hibernate.type.BasicTypeRegistry     : Adding type registration integer -> org.hibernate.type.BasicTypeReference@782ac148
2024-05-08T20:11:28.270+09:00 DEBUG 10608 --- [reservation] [    Test worker] org.hibernate.type.BasicTypeRegistry     : Adding type registration int -> org.hibernate.type.BasicTypeReference@782ac148
2024-05-08T20:11:28.270+09:00 DEBUG 10608 --- [reservation] [    Test worker] org.hibernate.type.BasicTypeRegistry     : Adding type registration java.lang.Integer -> org.hibernate.type.BasicTypeReference@782ac148
2024-05-08T20:11:28.270+09:00 DEBUG 10608 --- [reservation] [    Test worker] org.hibernate.type.BasicTypeRegistry     : Adding type registration long -> org.hibernate.type.BasicTypeReference@46d1b59
2024-05-08T20:11:28.270+09:00 DEBUG 10608 --- [reservation] [    Test worker] org.hibernate.type.BasicTypeRegistry     : Adding type registration long -> org.hibernate.type.BasicTypeReference@46d1b59
2024-05-08T20:11:28.270+09:00 DEBUG 10608 --- [reservation] [    Test worker] org.hibernate.type.BasicTypeRegistry     : Adding type registration java.lang.Long -> org.hibernate.type.BasicTypeReference@46d1b59
2024-05-08T20:11:28.270+09:00 DEBUG 10608 --- [reservation] [    Test worker] org.hibernate.type.BasicTypeRegistry     : Adding type registration float -> org.hibernate.type.BasicTypeReference@61d2f267
2024-05-08T20:11:28.270+09:00 DEBUG 10608 --- [reservation] [    Test worker] org.hibernate.type.BasicTypeRegistry     : Adding type registration float -> org.hibernate.type.BasicTypeReference@61d2f267
2024-05-08T20:11:28.270+09:00 DEBUG 10608 --- [reservation] [    Test worker] org.hibernate.type.BasicTypeRegistry     : Adding type registration java.lang.Float -> org.hibernate.type.BasicTypeReference@61d2f267
2024-05-08T20:11:28.271+09:00 DEBUG 10608 --- [reservation] [    Test worker] org.hibernate.type.BasicTypeRegistry     : Adding type registration double -> org.hibernate.type.BasicTypeReference@26d40c77
2024-05-08T20:11:28.272+09:00 DEBUG 10608 --- [reservation] [    Test worker] org.hibernate.type.BasicTypeRegistry     : Adding type registration double -> org.hibernate.type.BasicTypeReference@26d40c77
2024-05-08T20:11:28.272+09:00 DEBUG 10608 --- [reservation] [    Test worker] org.hibernate.type.BasicTypeRegistry     : Adding type registration java.lang.Double -> org.hibernate.type.BasicTypeReference@26d40c77
2024-05-08T20:11:28.272+09:00 DEBUG 10608 --- [reservation] [    Test worker] org.hibernate.type.BasicTypeRegistry     : Adding type registration big_integer -> org.hibernate.type.BasicTypeReference@85ab964
2024-05-08T20:11:28.273+09:00 DEBUG 10608 --- [reservation] [    Test worker] org.hibernate.type.BasicTypeRegistry     : Adding type registration java.math.BigInteger -> org.hibernate.type.BasicTypeReference@85ab964
2024-05-08T20:11:28.273+09:00 DEBUG 10608 --- [reservation] [    Test worker] org.hibernate.type.BasicTypeRegistry     : Adding type registration big_decimal -> org.hibernate.type.BasicTypeReference@6481dce5
2024-05-08T20:11:28.273+09:00 DEBUG 10608 --- [reservation] [    Test worker] org.hibernate.type.BasicTypeRegistry     : Adding type registration java.math.BigDecimal -> org.hibernate.type.BasicTypeReference@6481dce5
2024-05-08T20:11:28.273+09:00 DEBUG 10608 --- [reservation] [    Test worker] org.hibernate.type.BasicTypeRegistry     : Adding type registration character -> org.hibernate.type.BasicTypeReference@12365bd8
2024-05-08T20:11:28.273+09:00 DEBUG 10608 --- [reservation] [    Test worker] org.hibernate.type.BasicTypeRegistry     : Adding type registration char -> org.hibernate.type.BasicTypeReference@12365bd8
2024-05-08T20:11:28.273+09:00 DEBUG 10608 --- [reservation] [    Test worker] org.hibernate.type.BasicTypeRegistry     : Adding type registration java.lang.Character -> org.hibernate.type.BasicTypeReference@12365bd8
2024-05-08T20:11:28.273+09:00 DEBUG 10608 --- [reservation] [    Test worker] org.hibernate.type.BasicTypeRegistry     : Adding type registration character_nchar -> org.hibernate.type.BasicTypeReference@14874a5d
2024-05-08T20:11:28.273+09:00 DEBUG 10608 --- [reservation] [    Test worker] org.hibernate.type.BasicTypeRegistry     : Adding type registration string -> org.hibernate.type.BasicTypeReference@49cb5030
2024-05-08T20:11:28.273+09:00 DEBUG 10608 --- [reservation] [    Test worker] org.hibernate.type.BasicTypeRegistry     : Adding type registration java.lang.String -> org.hibernate.type.BasicTypeReference@49cb5030
2024-05-08T20:11:28.274+09:00 DEBUG 10608 --- [reservation] [    Test worker] org.hibernate.type.BasicTypeRegistry     : Adding type registration nstring -> org.hibernate.type.BasicTypeReference@23c7cb18
2024-05-08T20:11:28.274+09:00 DEBUG 10608 --- [reservation] [    Test worker] org.hibernate.type.BasicTypeRegistry     : Adding type registration characters -> org.hibernate.type.BasicTypeReference@30fbc23
2024-05-08T20:11:28.274+09:00 DEBUG 10608 --- [reservation] [    Test worker] org.hibernate.type.BasicTypeRegistry     : Adding type registration char[] -> org.hibernate.type.BasicTypeReference@30fbc23
2024-05-08T20:11:28.274+09:00 DEBUG 10608 --- [reservation] [    Test worker] org.hibernate.type.BasicTypeRegistry     : Adding type registration [C -> org.hibernate.type.BasicTypeReference@30fbc23
2024-05-08T20:11:28.274+09:00 DEBUG 10608 --- [reservation] [    Test worker] org.hibernate.type.BasicTypeRegistry     : Adding type registration wrapper-characters -> org.hibernate.type.BasicTypeReference@2d74cbbd
2024-05-08T20:11:28.274+09:00 DEBUG 10608 --- [reservation] [    Test worker] org.hibernate.type.BasicTypeRegistry     : Adding type registration text -> org.hibernate.type.BasicTypeReference@3e2d44f3
2024-05-08T20:11:28.274+09:00 DEBUG 10608 --- [reservation] [    Test worker] org.hibernate.type.BasicTypeRegistry     : Adding type registration ntext -> org.hibernate.type.BasicTypeReference@23afc725
2024-05-08T20:11:28.274+09:00 DEBUG 10608 --- [reservation] [    Test worker] org.hibernate.type.BasicTypeRegistry     : Adding type registration clob -> org.hibernate.type.BasicTypeReference@5d3f99d7
2024-05-08T20:11:28.275+09:00 DEBUG 10608 --- [reservation] [    Test worker] org.hibernate.type.BasicTypeRegistry     : Adding type registration java.sql.Clob -> org.hibernate.type.BasicTypeReference@5d3f99d7
2024-05-08T20:11:28.275+09:00 DEBUG 10608 --- [reservation] [    Test worker] org.hibernate.type.BasicTypeRegistry     : Adding type registration nclob -> org.hibernate.type.BasicTypeReference@561d88ee
2024-05-08T20:11:28.275+09:00 DEBUG 10608 --- [reservation] [    Test worker] org.hibernate.type.BasicTypeRegistry     : Adding type registration java.sql.NClob -> org.hibernate.type.BasicTypeReference@561d88ee
2024-05-08T20:11:28.275+09:00 DEBUG 10608 --- [reservation] [    Test worker] org.hibernate.type.BasicTypeRegistry     : Adding type registration materialized_clob -> org.hibernate.type.BasicTypeReference@2c34402
2024-05-08T20:11:28.275+09:00 DEBUG 10608 --- [reservation] [    Test worker] org.hibernate.type.BasicTypeRegistry     : Adding type registration materialized_clob_char_array -> org.hibernate.type.BasicTypeReference@5f883d90
2024-05-08T20:11:28.275+09:00 DEBUG 10608 --- [reservation] [    Test worker] org.hibernate.type.BasicTypeRegistry     : Adding type registration materialized_clob_character_array -> org.hibernate.type.BasicTypeReference@7e58f697
2024-05-08T20:11:28.275+09:00 DEBUG 10608 --- [reservation] [    Test worker] org.hibernate.type.BasicTypeRegistry     : Adding type registration materialized_nclob -> org.hibernate.type.BasicTypeReference@44384b4a
2024-05-08T20:11:28.275+09:00 DEBUG 10608 --- [reservation] [    Test worker] org.hibernate.type.BasicTypeRegistry     : Adding type registration materialized_nclob_character_array -> org.hibernate.type.BasicTypeReference@5cc3e49b
2024-05-08T20:11:28.275+09:00 DEBUG 10608 --- [reservation] [    Test worker] org.hibernate.type.BasicTypeRegistry     : Adding type registration materialized_nclob_char_array -> org.hibernate.type.BasicTypeReference@4239262e
2024-05-08T20:11:28.276+09:00 DEBUG 10608 --- [reservation] [    Test worker] org.hibernate.type.BasicTypeRegistry     : Adding type registration Duration -> org.hibernate.type.BasicTypeReference@7bec8cb0
2024-05-08T20:11:28.276+09:00 DEBUG 10608 --- [reservation] [    Test worker] org.hibernate.type.BasicTypeRegistry     : Adding type registration java.time.Duration -> org.hibernate.type.BasicTypeReference@7bec8cb0
2024-05-08T20:11:28.276+09:00 DEBUG 10608 --- [reservation] [    Test worker] org.hibernate.type.BasicTypeRegistry     : Adding type registration LocalDateTime -> org.hibernate.type.BasicTypeReference@7d88fa9c
2024-05-08T20:11:28.276+09:00 DEBUG 10608 --- [reservation] [    Test worker] org.hibernate.type.BasicTypeRegistry     : Adding type registration java.time.LocalDateTime -> org.hibernate.type.BasicTypeReference@7d88fa9c
2024-05-08T20:11:28.276+09:00 DEBUG 10608 --- [reservation] [    Test worker] org.hibernate.type.BasicTypeRegistry     : Adding type registration LocalDate -> org.hibernate.type.BasicTypeReference@3eac2e8a
2024-05-08T20:11:28.276+09:00 DEBUG 10608 --- [reservation] [    Test worker] org.hibernate.type.BasicTypeRegistry     : Adding type registration java.time.LocalDate -> org.hibernate.type.BasicTypeReference@3eac2e8a
2024-05-08T20:11:28.277+09:00 DEBUG 10608 --- [reservation] [    Test worker] org.hibernate.type.BasicTypeRegistry     : Adding type registration LocalTime -> org.hibernate.type.BasicTypeReference@352f6727
2024-05-08T20:11:28.278+09:00 DEBUG 10608 --- [reservation] [    Test worker] org.hibernate.type.BasicTypeRegistry     : Adding type registration java.time.LocalTime -> org.hibernate.type.BasicTypeReference@352f6727
2024-05-08T20:11:28.278+09:00 DEBUG 10608 --- [reservation] [    Test worker] org.hibernate.type.BasicTypeRegistry     : Adding type registration OffsetDateTime -> org.hibernate.type.BasicTypeReference@2ab9e43e
2024-05-08T20:11:28.282+09:00 DEBUG 10608 --- [reservation] [    Test worker] org.hibernate.type.BasicTypeRegistry     : Adding type registration java.time.OffsetDateTime -> org.hibernate.type.BasicTypeReference@2ab9e43e
2024-05-08T20:11:28.282+09:00 DEBUG 10608 --- [reservation] [    Test worker] org.hibernate.type.BasicTypeRegistry     : Adding type registration OffsetDateTimeWithTimezone -> org.hibernate.type.BasicTypeReference@10dfa7ef
2024-05-08T20:11:28.282+09:00 DEBUG 10608 --- [reservation] [    Test worker] org.hibernate.type.BasicTypeRegistry     : Adding type registration OffsetDateTimeWithoutTimezone -> org.hibernate.type.BasicTypeReference@4fd80300
2024-05-08T20:11:28.282+09:00 DEBUG 10608 --- [reservation] [    Test worker] org.hibernate.type.BasicTypeRegistry     : Adding type registration OffsetTime -> org.hibernate.type.BasicTypeReference@1805383
2024-05-08T20:11:28.282+09:00 DEBUG 10608 --- [reservation] [    Test worker] org.hibernate.type.BasicTypeRegistry     : Adding type registration java.time.OffsetTime -> org.hibernate.type.BasicTypeReference@1805383
2024-05-08T20:11:28.282+09:00 DEBUG 10608 --- [reservation] [    Test worker] org.hibernate.type.BasicTypeRegistry     : Adding type registration OffsetTimeUtc -> org.hibernate.type.BasicTypeReference@64fdcf99
2024-05-08T20:11:28.282+09:00 DEBUG 10608 --- [reservation] [    Test worker] org.hibernate.type.BasicTypeRegistry     : Adding type registration OffsetTimeWithTimezone -> org.hibernate.type.BasicTypeReference@9f0fc36
2024-05-08T20:11:28.282+09:00 DEBUG 10608 --- [reservation] [    Test worker] org.hibernate.type.BasicTypeRegistry     : Adding type registration OffsetTimeWithoutTimezone -> org.hibernate.type.BasicTypeReference@63f2e0b
2024-05-08T20:11:28.282+09:00 DEBUG 10608 --- [reservation] [    Test worker] org.hibernate.type.BasicTypeRegistry     : Adding type registration ZonedDateTime -> org.hibernate.type.BasicTypeReference@5a06904
2024-05-08T20:11:28.283+09:00 DEBUG 10608 --- [reservation] [    Test worker] org.hibernate.type.BasicTypeRegistry     : Adding type registration java.time.ZonedDateTime -> org.hibernate.type.BasicTypeReference@5a06904
2024-05-08T20:11:28.283+09:00 DEBUG 10608 --- [reservation] [    Test worker] org.hibernate.type.BasicTypeRegistry     : Adding type registration ZonedDateTimeWithTimezone -> org.hibernate.type.BasicTypeReference@fabef2e
2024-05-08T20:11:28.283+09:00 DEBUG 10608 --- [reservation] [    Test worker] org.hibernate.type.BasicTypeRegistry     : Adding type registration ZonedDateTimeWithoutTimezone -> org.hibernate.type.BasicTypeReference@1b4a3a1
2024-05-08T20:11:28.283+09:00 DEBUG 10608 --- [reservation] [    Test worker] org.hibernate.type.BasicTypeRegistry     : Adding type registration date -> org.hibernate.type.BasicTypeReference@7e848aea
2024-05-08T20:11:28.283+09:00 DEBUG 10608 --- [reservation] [    Test worker] org.hibernate.type.BasicTypeRegistry     : Adding type registration java.sql.Date -> org.hibernate.type.BasicTypeReference@7e848aea
2024-05-08T20:11:28.283+09:00 DEBUG 10608 --- [reservation] [    Test worker] org.hibernate.type.BasicTypeRegistry     : Adding type registration time -> org.hibernate.type.BasicTypeReference@786a3477
2024-05-08T20:11:28.283+09:00 DEBUG 10608 --- [reservation] [    Test worker] org.hibernate.type.BasicTypeRegistry     : Adding type registration java.sql.Time -> org.hibernate.type.BasicTypeReference@786a3477
2024-05-08T20:11:28.283+09:00 DEBUG 10608 --- [reservation] [    Test worker] org.hibernate.type.BasicTypeRegistry     : Adding type registration timestamp -> org.hibernate.type.BasicTypeReference@286866cb
2024-05-08T20:11:28.283+09:00 DEBUG 10608 --- [reservation] [    Test worker] org.hibernate.type.BasicTypeRegistry     : Adding type registration java.sql.Timestamp -> org.hibernate.type.BasicTypeReference@286866cb
2024-05-08T20:11:28.283+09:00 DEBUG 10608 --- [reservation] [    Test worker] org.hibernate.type.BasicTypeRegistry     : Adding type registration java.util.Date -> org.hibernate.type.BasicTypeReference@286866cb
2024-05-08T20:11:28.283+09:00 DEBUG 10608 --- [reservation] [    Test worker] org.hibernate.type.BasicTypeRegistry     : Adding type registration calendar -> org.hibernate.type.BasicTypeReference@ce561cc
2024-05-08T20:11:28.284+09:00 DEBUG 10608 --- [reservation] [    Test worker] org.hibernate.type.BasicTypeRegistry     : Adding type registration java.util.Calendar -> org.hibernate.type.BasicTypeReference@ce561cc
2024-05-08T20:11:28.284+09:00 DEBUG 10608 --- [reservation] [    Test worker] org.hibernate.type.BasicTypeRegistry     : Adding type registration java.util.GregorianCalendar -> org.hibernate.type.BasicTypeReference@ce561cc
2024-05-08T20:11:28.284+09:00 DEBUG 10608 --- [reservation] [    Test worker] org.hibernate.type.BasicTypeRegistry     : Adding type registration calendar_date -> org.hibernate.type.BasicTypeReference@56ec6960
2024-05-08T20:11:28.284+09:00 DEBUG 10608 --- [reservation] [    Test worker] org.hibernate.type.BasicTypeRegistry     : Adding type registration calendar_time -> org.hibernate.type.BasicTypeReference@7f8c3646
2024-05-08T20:11:28.284+09:00 DEBUG 10608 --- [reservation] [    Test worker] org.hibernate.type.BasicTypeRegistry     : Adding type registration instant -> org.hibernate.type.BasicTypeReference@14b95942
2024-05-08T20:11:28.284+09:00 DEBUG 10608 --- [reservation] [    Test worker] org.hibernate.type.BasicTypeRegistry     : Adding type registration java.time.Instant -> org.hibernate.type.BasicTypeReference@14b95942
2024-05-08T20:11:28.284+09:00 DEBUG 10608 --- [reservation] [    Test worker] org.hibernate.type.BasicTypeRegistry     : Adding type registration uuid -> org.hibernate.type.BasicTypeReference@3375b118
2024-05-08T20:11:28.284+09:00 DEBUG 10608 --- [reservation] [    Test worker] org.hibernate.type.BasicTypeRegistry     : Adding type registration java.util.UUID -> org.hibernate.type.BasicTypeReference@3375b118
2024-05-08T20:11:28.285+09:00 DEBUG 10608 --- [reservation] [    Test worker] org.hibernate.type.BasicTypeRegistry     : Adding type registration pg-uuid -> org.hibernate.type.BasicTypeReference@3375b118
2024-05-08T20:11:28.285+09:00 DEBUG 10608 --- [reservation] [    Test worker] org.hibernate.type.BasicTypeRegistry     : Adding type registration uuid-binary -> org.hibernate.type.BasicTypeReference@667797f
2024-05-08T20:11:28.285+09:00 DEBUG 10608 --- [reservation] [    Test worker] org.hibernate.type.BasicTypeRegistry     : Adding type registration uuid-char -> org.hibernate.type.BasicTypeReference@184751f3
2024-05-08T20:11:28.285+09:00 DEBUG 10608 --- [reservation] [    Test worker] org.hibernate.type.BasicTypeRegistry     : Adding type registration class -> org.hibernate.type.BasicTypeReference@46ea78f0
2024-05-08T20:11:28.286+09:00 DEBUG 10608 --- [reservation] [    Test worker] org.hibernate.type.BasicTypeRegistry     : Adding type registration java.lang.Class -> org.hibernate.type.BasicTypeReference@46ea78f0
2024-05-08T20:11:28.286+09:00 DEBUG 10608 --- [reservation] [    Test worker] org.hibernate.type.BasicTypeRegistry     : Adding type registration currency -> org.hibernate.type.BasicTypeReference@5889fc44
2024-05-08T20:11:28.286+09:00 DEBUG 10608 --- [reservation] [    Test worker] org.hibernate.type.BasicTypeRegistry     : Adding type registration Currency -> org.hibernate.type.BasicTypeReference@5889fc44
2024-05-08T20:11:28.287+09:00 DEBUG 10608 --- [reservation] [    Test worker] org.hibernate.type.BasicTypeRegistry     : Adding type registration java.util.Currency -> org.hibernate.type.BasicTypeReference@5889fc44
2024-05-08T20:11:28.287+09:00 DEBUG 10608 --- [reservation] [    Test worker] org.hibernate.type.BasicTypeRegistry     : Adding type registration locale -> org.hibernate.type.BasicTypeReference@6598caab
2024-05-08T20:11:28.287+09:00 DEBUG 10608 --- [reservation] [    Test worker] org.hibernate.type.BasicTypeRegistry     : Adding type registration java.util.Locale -> org.hibernate.type.BasicTypeReference@6598caab
2024-05-08T20:11:28.287+09:00 DEBUG 10608 --- [reservation] [    Test worker] org.hibernate.type.BasicTypeRegistry     : Adding type registration serializable -> org.hibernate.type.BasicTypeReference@47f2c722
2024-05-08T20:11:28.287+09:00 DEBUG 10608 --- [reservation] [    Test worker] org.hibernate.type.BasicTypeRegistry     : Adding type registration java.io.Serializable -> org.hibernate.type.BasicTypeReference@47f2c722
2024-05-08T20:11:28.287+09:00 DEBUG 10608 --- [reservation] [    Test worker] org.hibernate.type.BasicTypeRegistry     : Adding type registration timezone -> org.hibernate.type.BasicTypeReference@52ca0ad4
2024-05-08T20:11:28.287+09:00 DEBUG 10608 --- [reservation] [    Test worker] org.hibernate.type.BasicTypeRegistry     : Adding type registration java.util.TimeZone -> org.hibernate.type.BasicTypeReference@52ca0ad4
2024-05-08T20:11:28.287+09:00 DEBUG 10608 --- [reservation] [    Test worker] org.hibernate.type.BasicTypeRegistry     : Adding type registration ZoneOffset -> org.hibernate.type.BasicTypeReference@4536a715
2024-05-08T20:11:28.287+09:00 DEBUG 10608 --- [reservation] [    Test worker] org.hibernate.type.BasicTypeRegistry     : Adding type registration java.time.ZoneOffset -> org.hibernate.type.BasicTypeReference@4536a715
2024-05-08T20:11:28.287+09:00 DEBUG 10608 --- [reservation] [    Test worker] org.hibernate.type.BasicTypeRegistry     : Adding type registration url -> org.hibernate.type.BasicTypeReference@6658f08a
2024-05-08T20:11:28.288+09:00 DEBUG 10608 --- [reservation] [    Test worker] org.hibernate.type.BasicTypeRegistry     : Adding type registration java.net.URL -> org.hibernate.type.BasicTypeReference@6658f08a
2024-05-08T20:11:28.288+09:00 DEBUG 10608 --- [reservation] [    Test worker] org.hibernate.type.BasicTypeRegistry     : Adding type registration vector -> org.hibernate.type.BasicTypeReference@37c2f0b4
2024-05-08T20:11:28.288+09:00 DEBUG 10608 --- [reservation] [    Test worker] org.hibernate.type.BasicTypeRegistry     : Adding type registration row_version -> org.hibernate.type.BasicTypeReference@35dcd032
2024-05-08T20:11:28.295+09:00 DEBUG 10608 --- [reservation] [    Test worker] org.hibernate.type.BasicTypeRegistry     : Adding type registration object -> org.hibernate.type.JavaObjectType@98637a2
2024-05-08T20:11:28.296+09:00 DEBUG 10608 --- [reservation] [    Test worker] org.hibernate.type.BasicTypeRegistry     : Adding type registration java.lang.Object -> org.hibernate.type.JavaObjectType@98637a2
2024-05-08T20:11:28.297+09:00 DEBUG 10608 --- [reservation] [    Test worker] org.hibernate.type.BasicTypeRegistry     : Adding type registration null -> org.hibernate.type.NullType@1426370c
2024-05-08T20:11:28.297+09:00 DEBUG 10608 --- [reservation] [    Test worker] org.hibernate.type.BasicTypeRegistry     : Adding type registration imm_date -> org.hibernate.type.BasicTypeReference@9f9146d
2024-05-08T20:11:28.297+09:00 DEBUG 10608 --- [reservation] [    Test worker] org.hibernate.type.BasicTypeRegistry     : Adding type registration imm_time -> org.hibernate.type.BasicTypeReference@2ef041bb
2024-05-08T20:11:28.297+09:00 DEBUG 10608 --- [reservation] [    Test worker] org.hibernate.type.BasicTypeRegistry     : Adding type registration imm_timestamp -> org.hibernate.type.BasicTypeReference@45e7bb79
2024-05-08T20:11:28.297+09:00 DEBUG 10608 --- [reservation] [    Test worker] org.hibernate.type.BasicTypeRegistry     : Adding type registration imm_calendar -> org.hibernate.type.BasicTypeReference@605c7a9e
2024-05-08T20:11:28.297+09:00 DEBUG 10608 --- [reservation] [    Test worker] org.hibernate.type.BasicTypeRegistry     : Adding type registration imm_calendar_date -> org.hibernate.type.BasicTypeReference@21c75084
2024-05-08T20:11:28.297+09:00 DEBUG 10608 --- [reservation] [    Test worker] org.hibernate.type.BasicTypeRegistry     : Adding type registration imm_calendar_time -> org.hibernate.type.BasicTypeReference@d16209e
2024-05-08T20:11:28.297+09:00 DEBUG 10608 --- [reservation] [    Test worker] org.hibernate.type.BasicTypeRegistry     : Adding type registration imm_binary -> org.hibernate.type.BasicTypeReference@75527e36
2024-05-08T20:11:28.297+09:00 DEBUG 10608 --- [reservation] [    Test worker] org.hibernate.type.BasicTypeRegistry     : Adding type registration imm_serializable -> org.hibernate.type.BasicTypeReference@76596288
2024-05-08T20:11:28.513+09:00  INFO 10608 --- [reservation] [    Test worker] o.s.o.j.p.SpringPersistenceUnitInfo      : No LoadTimeWeaver setup: ignoring JPA class transformer
2024-05-08T20:11:28.556+09:00  INFO 10608 --- [reservation] [    Test worker] com.zaxxer.hikari.HikariDataSource       : HikariPool-1 - Starting...
2024-05-08T20:11:28.774+09:00  INFO 10608 --- [reservation] [    Test worker] com.zaxxer.hikari.pool.HikariPool        : HikariPool-1 - Added connection conn0: url=jdbc:h2:mem:testdb user=SA
2024-05-08T20:11:28.776+09:00  INFO 10608 --- [reservation] [    Test worker] com.zaxxer.hikari.HikariDataSource       : HikariPool-1 - Start completed.
2024-05-08T20:11:28.807+09:00  WARN 10608 --- [reservation] [    Test worker] org.hibernate.orm.deprecation            : HHH90000025: H2Dialect does not need to be specified explicitly using 'hibernate.dialect' (remove the property setting and it will be selected by default)
2024-05-08T20:11:28.837+09:00 DEBUG 10608 --- [reservation] [    Test worker] o.h.t.d.jdbc.spi.JdbcTypeRegistry        : addDescriptor(NCharTypeDescriptor) replaced previous registration(CharTypeDescriptor)
2024-05-08T20:11:28.837+09:00 DEBUG 10608 --- [reservation] [    Test worker] o.h.t.d.jdbc.spi.JdbcTypeRegistry        : addDescriptor(NVarcharTypeDescriptor) replaced previous registration(VarcharTypeDescriptor)
2024-05-08T20:11:28.837+09:00 DEBUG 10608 --- [reservation] [    Test worker] o.h.t.d.jdbc.spi.JdbcTypeRegistry        : addDescriptor(LongNVarcharTypeDescriptor) replaced previous registration(LongVarcharTypeDescriptor)
2024-05-08T20:11:28.840+09:00 DEBUG 10608 --- [reservation] [    Test worker] o.h.t.d.jdbc.spi.JdbcTypeRegistry        : addDescriptor(NClobTypeDescriptor(DEFAULT)) replaced previous registration(ClobTypeDescriptor(DEFAULT))
2024-05-08T20:11:28.840+09:00 DEBUG 10608 --- [reservation] [    Test worker] o.h.t.d.jdbc.spi.JdbcTypeRegistry        : addDescriptor(2005, ClobTypeDescriptor(STREAM_BINDING)) replaced previous registration(ClobTypeDescriptor(DEFAULT))
2024-05-08T20:11:28.842+09:00 DEBUG 10608 --- [reservation] [    Test worker] o.h.t.d.jdbc.spi.JdbcTypeRegistry        : addDescriptor(TimestampUtcDescriptor) replaced previous registration(TimestampUtcDescriptor)
2024-05-08T20:11:28.847+09:00 DEBUG 10608 --- [reservation] [    Test worker] org.hibernate.type.BasicTypeRegistry     : Adding type registration org.hibernate.type.DurationType -> basicType@1(java.time.Duration,3015)
2024-05-08T20:11:28.847+09:00 DEBUG 10608 --- [reservation] [    Test worker] org.hibernate.type.BasicTypeRegistry     : Adding type registration Duration -> basicType@1(java.time.Duration,3015)
2024-05-08T20:11:28.848+09:00 DEBUG 10608 --- [reservation] [    Test worker] org.hibernate.type.BasicTypeRegistry     : Adding type registration java.time.Duration -> basicType@1(java.time.Duration,3015)
2024-05-08T20:11:28.852+09:00 DEBUG 10608 --- [reservation] [    Test worker] o.h.type.spi.TypeConfiguration$Scope     : Scoping TypeConfiguration [org.hibernate.type.spi.TypeConfiguration@42ffbab6] to MetadataBuildingContext [org.hibernate.boot.internal.MetadataBuildingContextRootImpl@7672960e]
2024-05-08T20:11:29.749+09:00  INFO 10608 --- [reservation] [    Test worker] o.h.e.t.j.p.i.JtaPlatformInitiator       : HHH000489: No JTA platform available (set 'hibernate.transaction.jta.platform' to enable JTA platform integration)
2024-05-08T20:11:29.749+09:00 DEBUG 10608 --- [reservation] [    Test worker] o.h.type.spi.TypeConfiguration$Scope     : Scoping TypeConfiguration [org.hibernate.type.spi.TypeConfiguration@42ffbab6] to SessionFactoryImplementor [org.hibernate.internal.SessionFactoryImpl@7cb38a6a]
2024-05-08T20:11:29.768+09:00 DEBUG 10608 --- [reservation] [    Test worker] org.hibernate.SQL                        : 
    drop table if exists users cascade 
Hibernate: 
    drop table if exists users cascade 
2024-05-08T20:11:29.779+09:00 DEBUG 10608 --- [reservation] [    Test worker] org.hibernate.SQL                        : 
    create table users (
        expired_at timestamp(6),
        id bigint generated by default as identity,
        nickname varchar(50),
        username varchar(50) unique,
        password varchar(100),
        refresh_token varchar(1000),
        authority varchar(255) check (authority in ('USER','ADMIN')),
        primary key (id)
    )
Hibernate: 
    create table users (
        expired_at timestamp(6),
        id bigint generated by default as identity,
        nickname varchar(50),
        username varchar(50) unique,
        password varchar(100),
        refresh_token varchar(1000),
        authority varchar(255) check (authority in ('USER','ADMIN')),
        primary key (id)
    )
2024-05-08T20:11:29.797+09:00 TRACE 10608 --- [reservation] [    Test worker] o.h.type.spi.TypeConfiguration$Scope     : Handling #sessionFactoryCreated from [org.hibernate.internal.SessionFactoryImpl@7cb38a6a] for TypeConfiguration
2024-05-08T20:11:29.797+09:00  INFO 10608 --- [reservation] [    Test worker] j.LocalContainerEntityManagerFactoryBean : Initialized JPA EntityManagerFactory for persistence unit 'default'
2024-05-08T20:11:30.465+09:00  WARN 10608 --- [reservation] [    Test worker] JpaBaseConfiguration$JpaWebConfiguration : spring.jpa.open-in-view is enabled by default. Therefore, database queries may be performed during view rendering. Explicitly configure spring.jpa.open-in-view to disable this warning
2024-05-08T20:11:31.824+09:00  INFO 10608 --- [reservation] [    Test worker] o.s.s.web.DefaultSecurityFilterChain     : Will secure any request with [org.springframework.security.web.session.DisableEncodeUrlFilter@163cd4a6, org.springframework.security.web.context.request.async.WebAsyncManagerIntegrationFilter@1d0f03f6, org.springframework.security.web.context.SecurityContextHolderFilter@13cec4ff, org.springframework.security.web.header.HeaderWriterFilter@b67b359, org.springframework.web.filter.CorsFilter@5653429e, com.portfolio.reservation.filter.JwtAuthenticationProcessingFilter@7976d382, org.springframework.security.web.authentication.logout.LogoutFilter@60515ab1, com.portfolio.reservation.filter.JsonUsernamePasswordAuthenticationFilter@51f31fad, org.springframework.security.web.savedrequest.RequestCacheAwareFilter@24b05292, org.springframework.security.web.servletapi.SecurityContextHolderAwareRequestFilter@34d6e9a4, org.springframework.security.web.authentication.AnonymousAuthenticationFilter@78c9c38a, org.springframework.security.web.session.SessionManagementFilter@130bd00e, org.springframework.security.web.access.ExceptionTranslationFilter@7e2c8622, org.springframework.security.web.access.intercept.AuthorizationFilter@12d33d7a]
2024-05-08T20:11:32.437+09:00  INFO 10608 --- [reservation] [    Test worker] c.p.reservation.service.UserServiceTest  : Started UserServiceTest in 6.448 seconds (process running for 7.737)
2024-05-08T20:11:33.280+09:00 DEBUG 10608 --- [reservation] [    Test worker] org.hibernate.SQL                        : 
    select
        u1_0.id,
        u1_0.authority,
        u1_0.expired_at,
        u1_0.nickname,
        u1_0.password,
        u1_0.refresh_token,
        u1_0.username 
    from
        users u1_0 
    where
        u1_0.username=?
Hibernate: 
    select
        u1_0.id,
        u1_0.authority,
        u1_0.expired_at,
        u1_0.nickname,
        u1_0.password,
        u1_0.refresh_token,
        u1_0.username 
    from
        users u1_0 
    where
        u1_0.username=?
2024-05-08T20:11:33.340+09:00 DEBUG 10608 --- [reservation] [    Test worker] org.hibernate.SQL                        : 
    insert 
    into
        users
        (authority, expired_at, nickname, password, refresh_token, username, id) 
    values
        (?, ?, ?, ?, ?, ?, default)
Hibernate: 
    insert 
    into
        users
        (authority, expired_at, nickname, password, refresh_token, username, id) 
    values
        (?, ?, ?, ?, ?, ?, default)
2024-05-08T20:11:33.362+09:00 DEBUG 10608 --- [reservation] [    Test worker] org.hibernate.SQL                        : 
    select
        u1_0.id,
        u1_0.authority,
        u1_0.expired_at,
        u1_0.nickname,
        u1_0.password,
        u1_0.refresh_token,
        u1_0.username 
    from
        users u1_0 
    order by
        u1_0.id 
    fetch
        first ? rows only
Hibernate: 
    select
        u1_0.id,
        u1_0.authority,
        u1_0.expired_at,
        u1_0.nickname,
        u1_0.password,
        u1_0.refresh_token,
        u1_0.username 
    from
        users u1_0 
    order by
        u1_0.id 
    fetch
        first ? rows only
]]></system-out>
  <system-err><![CDATA[]]></system-err>
</testsuite>
