<?xml version="1.0" encoding="UTF-8"?>
<testsuite name="com.portfolio.reservation.controller.UserControllerTest" tests="1" skipped="0" failures="0" errors="0" timestamp="2024-05-27T10:41:10" hostname="DESKTOP-A553VVH" time="0.326">
  <properties/>
  <testcase name="signUp_valid_nickname_pattern_테스트()" classname="com.portfolio.reservation.controller.UserControllerTest" time="0.326"/>
  <system-out><![CDATA[19:41:06.436 [Test worker] INFO org.springframework.test.context.support.AnnotationConfigContextLoaderUtils -- Could not detect default configuration classes for test class [com.portfolio.reservation.controller.UserControllerTest]: UserControllerTest does not declare any static, non-private, non-final, nested classes annotated with @Configuration.
19:41:06.589 [Test worker] INFO org.springframework.boot.test.context.SpringBootTestContextBootstrapper -- Found @SpringBootConfiguration com.portfolio.reservation.ReservationApplication for test class com.portfolio.reservation.controller.UserControllerTest

  .   ____          _            __ _ _
 /\\ / ___'_ __ _ _(_)_ __  __ _ \ \ \ \
( ( )\___ | '_ | '_| | '_ \/ _` | \ \ \ \
 \\/  ___)| |_)| | | | | || (_| |  ) ) ) )
  '  |____| .__|_| |_|_| |_\__, | / / / /
 =========|_|==============|___/=/_/_/_/
 :: Spring Boot ::                (v3.2.4)

2024-05-27T19:41:07.030+09:00  INFO 9660 --- [reservation] [    Test worker] c.p.r.controller.UserControllerTest      : Starting UserControllerTest using Java 17.0.10 with PID 9660 (started by ASUS in C:\portfolio\reservation_portfolio\reservation\reservation)
2024-05-27T19:41:07.032+09:00  INFO 9660 --- [reservation] [    Test worker] c.p.r.controller.UserControllerTest      : No active profile set, falling back to 1 default profile: "default"
2024-05-27T19:41:08.799+09:00  WARN 9660 --- [reservation] [    Test worker] .s.s.UserDetailsServiceAutoConfiguration : 

Using generated security password: da3aafb5-f197-4fa1-aa3c-12c2be52fa45

This generated password is for development use only. Your security configuration must be updated before running your application in production.

2024-05-27T19:41:09.822+09:00  INFO 9660 --- [reservation] [    Test worker] o.s.s.web.DefaultSecurityFilterChain     : Will secure any request with [org.springframework.security.web.session.DisableEncodeUrlFilter@1fa9692b, org.springframework.security.web.context.request.async.WebAsyncManagerIntegrationFilter@710afd47, org.springframework.security.web.context.SecurityContextHolderFilter@11228bee, org.springframework.security.web.header.HeaderWriterFilter@76db9048, org.springframework.web.filter.CorsFilter@64420e34, org.springframework.security.web.authentication.logout.LogoutFilter@598778cc, org.springframework.security.web.savedrequest.RequestCacheAwareFilter@460f1cdb, org.springframework.security.web.servletapi.SecurityContextHolderAwareRequestFilter@31e7afde, org.springframework.security.web.authentication.AnonymousAuthenticationFilter@667a467f, org.springframework.security.web.session.SessionManagementFilter@7d4d65f5, org.springframework.security.web.access.ExceptionTranslationFilter@615bad16, org.springframework.security.web.access.intercept.AuthorizationFilter@14df5253]
2024-05-27T19:41:10.070+09:00  INFO 9660 --- [reservation] [    Test worker] o.s.b.t.m.w.SpringBootMockServletContext : Initializing Spring TestDispatcherServlet ''
2024-05-27T19:41:10.070+09:00  INFO 9660 --- [reservation] [    Test worker] o.s.t.web.servlet.TestDispatcherServlet  : Initializing Servlet ''
2024-05-27T19:41:10.072+09:00  INFO 9660 --- [reservation] [    Test worker] o.s.t.web.servlet.TestDispatcherServlet  : Completed initialization in 2 ms
2024-05-27T19:41:10.100+09:00  INFO 9660 --- [reservation] [    Test worker] c.p.r.controller.UserControllerTest      : Started UserControllerTest in 3.416 seconds (process running for 4.607)
]]></system-out>
  <system-err><![CDATA[]]></system-err>
</testsuite>
