<?xml version="1.0" encoding="UTF-8"?>
<testsuite name="com.portfolio.reservation.service.UserServiceTest" tests="1" skipped="0" failures="0" errors="0" timestamp="2024-05-12T07:36:05" hostname="DESKTOP-A553VVH" time="1.202">
  <properties/>
  <testcase name="getMe_테스트()" classname="com.portfolio.reservation.service.UserServiceTest" time="1.202"/>
  <system-out><![CDATA[16:35:58.189 [Test worker] INFO org.springframework.test.context.support.AnnotationConfigContextLoaderUtils -- Could not detect default configuration classes for test class [com.portfolio.reservation.service.UserServiceTest]: UserServiceTest does not declare any static, non-private, non-final, nested classes annotated with @Configuration.
16:35:58.316 [Test worker] INFO org.springframework.boot.test.context.SpringBootTestContextBootstrapper -- Found @SpringBootConfiguration com.portfolio.reservation.ReservationApplication for test class com.portfolio.reservation.service.UserServiceTest

  .   ____          _            __ _ _
 /\\ / ___'_ __ _ _(_)_ __  __ _ \ \ \ \
( ( )\___ | '_ | '_| | '_ \/ _` | \ \ \ \
 \\/  ___)| |_)| | | | | || (_| |  ) ) ) )
  '  |____| .__|_| |_|_| |_\__, | / / / /
 =========|_|==============|___/=/_/_/_/
 :: Spring Boot ::                (v3.2.4)

2024-05-12T16:35:58.739+09:00  INFO 3520 --- [reservation] [    Test worker] c.p.reservation.service.UserServiceTest  : Starting UserServiceTest using Java 17.0.10 with PID 3520 (started by ASUS in C:\portfolio\reservation_portfolio_remote\reservation\reservation)
2024-05-12T16:35:58.741+09:00  INFO 3520 --- [reservation] [    Test worker] c.p.reservation.service.UserServiceTest  : No active profile set, falling back to 1 default profile: "default"
2024-05-12T16:35:59.827+09:00  INFO 3520 --- [reservation] [    Test worker] .s.d.r.c.RepositoryConfigurationDelegate : Bootstrapping Spring Data JPA repositories in DEFAULT mode.
2024-05-12T16:35:59.884+09:00  INFO 3520 --- [reservation] [    Test worker] .s.d.r.c.RepositoryConfigurationDelegate : Finished Spring Data repository scanning in 48 ms. Found 1 JPA repository interface.
2024-05-12T16:36:00.012+09:00  WARN 3520 --- [reservation] [    Test worker] o.m.s.mapper.ClassPathMapperScanner      : No MyBatis mapper was found in '[com.portfolio.reservation]' package. Please check your configuration.
2024-05-12T16:36:00.500+09:00  INFO 3520 --- [reservation] [    Test worker] o.hibernate.jpa.internal.util.LogHelper  : HHH000204: Processing PersistenceUnitInfo [name: default]
2024-05-12T16:36:00.606+09:00  INFO 3520 --- [reservation] [    Test worker] org.hibernate.Version                    : HHH000412: Hibernate ORM core version 6.4.4.Final
2024-05-12T16:36:00.656+09:00  INFO 3520 --- [reservation] [    Test worker] o.h.c.internal.RegionFactoryInitiator    : HHH000026: Second-level cache disabled
2024-05-12T16:36:00.759+09:00 DEBUG 3520 --- [reservation] [    Test worker] org.hibernate.type.BasicTypeRegistry     : Adding type registration boolean -> org.hibernate.type.BasicTypeReference@e2b3026
2024-05-12T16:36:00.759+09:00 DEBUG 3520 --- [reservation] [    Test worker] org.hibernate.type.BasicTypeRegistry     : Adding type registration boolean -> org.hibernate.type.BasicTypeReference@e2b3026
2024-05-12T16:36:00.759+09:00 DEBUG 3520 --- [reservation] [    Test worker] org.hibernate.type.BasicTypeRegistry     : Adding type registration java.lang.Boolean -> org.hibernate.type.BasicTypeReference@e2b3026
2024-05-12T16:36:00.760+09:00 DEBUG 3520 --- [reservation] [    Test worker] org.hibernate.type.BasicTypeRegistry     : Adding type registration numeric_boolean -> org.hibernate.type.BasicTypeReference@38bc5ac0
2024-05-12T16:36:00.760+09:00 DEBUG 3520 --- [reservation] [    Test worker] org.hibernate.type.BasicTypeRegistry     : Adding type registration org.hibernate.type.NumericBooleanConverter -> org.hibernate.type.BasicTypeReference@38bc5ac0
2024-05-12T16:36:00.760+09:00 DEBUG 3520 --- [reservation] [    Test worker] org.hibernate.type.BasicTypeRegistry     : Adding type registration true_false -> org.hibernate.type.BasicTypeReference@6ef037e4
2024-05-12T16:36:00.760+09:00 DEBUG 3520 --- [reservation] [    Test worker] org.hibernate.type.BasicTypeRegistry     : Adding type registration org.hibernate.type.TrueFalseConverter -> org.hibernate.type.BasicTypeReference@6ef037e4
2024-05-12T16:36:00.760+09:00 DEBUG 3520 --- [reservation] [    Test worker] org.hibernate.type.BasicTypeRegistry     : Adding type registration yes_no -> org.hibernate.type.BasicTypeReference@79d63a4f
2024-05-12T16:36:00.761+09:00 DEBUG 3520 --- [reservation] [    Test worker] org.hibernate.type.BasicTypeRegistry     : Adding type registration org.hibernate.type.YesNoConverter -> org.hibernate.type.BasicTypeReference@79d63a4f
2024-05-12T16:36:00.761+09:00 DEBUG 3520 --- [reservation] [    Test worker] org.hibernate.type.BasicTypeRegistry     : Adding type registration byte -> org.hibernate.type.BasicTypeReference@2e2b9f53
2024-05-12T16:36:00.761+09:00 DEBUG 3520 --- [reservation] [    Test worker] org.hibernate.type.BasicTypeRegistry     : Adding type registration byte -> org.hibernate.type.BasicTypeReference@2e2b9f53
2024-05-12T16:36:00.761+09:00 DEBUG 3520 --- [reservation] [    Test worker] org.hibernate.type.BasicTypeRegistry     : Adding type registration java.lang.Byte -> org.hibernate.type.BasicTypeReference@2e2b9f53
2024-05-12T16:36:00.761+09:00 DEBUG 3520 --- [reservation] [    Test worker] org.hibernate.type.BasicTypeRegistry     : Adding type registration binary -> org.hibernate.type.BasicTypeReference@749baa0c
2024-05-12T16:36:00.762+09:00 DEBUG 3520 --- [reservation] [    Test worker] org.hibernate.type.BasicTypeRegistry     : Adding type registration byte[] -> org.hibernate.type.BasicTypeReference@749baa0c
2024-05-12T16:36:00.762+09:00 DEBUG 3520 --- [reservation] [    Test worker] org.hibernate.type.BasicTypeRegistry     : Adding type registration [B -> org.hibernate.type.BasicTypeReference@749baa0c
2024-05-12T16:36:00.762+09:00 DEBUG 3520 --- [reservation] [    Test worker] org.hibernate.type.BasicTypeRegistry     : Adding type registration binary_wrapper -> org.hibernate.type.BasicTypeReference@2154652c
2024-05-12T16:36:00.762+09:00 DEBUG 3520 --- [reservation] [    Test worker] org.hibernate.type.BasicTypeRegistry     : Adding type registration wrapper-binary -> org.hibernate.type.BasicTypeReference@2154652c
2024-05-12T16:36:00.762+09:00 DEBUG 3520 --- [reservation] [    Test worker] org.hibernate.type.BasicTypeRegistry     : Adding type registration image -> org.hibernate.type.BasicTypeReference@8b670c0
2024-05-12T16:36:00.762+09:00 DEBUG 3520 --- [reservation] [    Test worker] org.hibernate.type.BasicTypeRegistry     : Adding type registration blob -> org.hibernate.type.BasicTypeReference@4c2ab536
2024-05-12T16:36:00.762+09:00 DEBUG 3520 --- [reservation] [    Test worker] org.hibernate.type.BasicTypeRegistry     : Adding type registration java.sql.Blob -> org.hibernate.type.BasicTypeReference@4c2ab536
2024-05-12T16:36:00.763+09:00 DEBUG 3520 --- [reservation] [    Test worker] org.hibernate.type.BasicTypeRegistry     : Adding type registration materialized_blob -> org.hibernate.type.BasicTypeReference@22fb9a2c
2024-05-12T16:36:00.763+09:00 DEBUG 3520 --- [reservation] [    Test worker] org.hibernate.type.BasicTypeRegistry     : Adding type registration materialized_blob_wrapper -> org.hibernate.type.BasicTypeReference@2084e65a
2024-05-12T16:36:00.763+09:00 DEBUG 3520 --- [reservation] [    Test worker] org.hibernate.type.BasicTypeRegistry     : Adding type registration short -> org.hibernate.type.BasicTypeReference@1b8fa2fa
2024-05-12T16:36:00.763+09:00 DEBUG 3520 --- [reservation] [    Test worker] org.hibernate.type.BasicTypeRegistry     : Adding type registration short -> org.hibernate.type.BasicTypeReference@1b8fa2fa
2024-05-12T16:36:00.763+09:00 DEBUG 3520 --- [reservation] [    Test worker] org.hibernate.type.BasicTypeRegistry     : Adding type registration java.lang.Short -> org.hibernate.type.BasicTypeReference@1b8fa2fa
2024-05-12T16:36:00.763+09:00 DEBUG 3520 --- [reservation] [    Test worker] org.hibernate.type.BasicTypeRegistry     : Adding type registration integer -> org.hibernate.type.BasicTypeReference@21527b8
2024-05-12T16:36:00.763+09:00 DEBUG 3520 --- [reservation] [    Test worker] org.hibernate.type.BasicTypeRegistry     : Adding type registration int -> org.hibernate.type.BasicTypeReference@21527b8
2024-05-12T16:36:00.763+09:00 DEBUG 3520 --- [reservation] [    Test worker] org.hibernate.type.BasicTypeRegistry     : Adding type registration java.lang.Integer -> org.hibernate.type.BasicTypeReference@21527b8
2024-05-12T16:36:00.764+09:00 DEBUG 3520 --- [reservation] [    Test worker] org.hibernate.type.BasicTypeRegistry     : Adding type registration long -> org.hibernate.type.BasicTypeReference@7cc1f72c
2024-05-12T16:36:00.764+09:00 DEBUG 3520 --- [reservation] [    Test worker] org.hibernate.type.BasicTypeRegistry     : Adding type registration long -> org.hibernate.type.BasicTypeReference@7cc1f72c
2024-05-12T16:36:00.764+09:00 DEBUG 3520 --- [reservation] [    Test worker] org.hibernate.type.BasicTypeRegistry     : Adding type registration java.lang.Long -> org.hibernate.type.BasicTypeReference@7cc1f72c
2024-05-12T16:36:00.764+09:00 DEBUG 3520 --- [reservation] [    Test worker] org.hibernate.type.BasicTypeRegistry     : Adding type registration float -> org.hibernate.type.BasicTypeReference@7b7068d8
2024-05-12T16:36:00.764+09:00 DEBUG 3520 --- [reservation] [    Test worker] org.hibernate.type.BasicTypeRegistry     : Adding type registration float -> org.hibernate.type.BasicTypeReference@7b7068d8
2024-05-12T16:36:00.764+09:00 DEBUG 3520 --- [reservation] [    Test worker] org.hibernate.type.BasicTypeRegistry     : Adding type registration java.lang.Float -> org.hibernate.type.BasicTypeReference@7b7068d8
2024-05-12T16:36:00.764+09:00 DEBUG 3520 --- [reservation] [    Test worker] org.hibernate.type.BasicTypeRegistry     : Adding type registration double -> org.hibernate.type.BasicTypeReference@1d8e9d3e
2024-05-12T16:36:00.764+09:00 DEBUG 3520 --- [reservation] [    Test worker] org.hibernate.type.BasicTypeRegistry     : Adding type registration double -> org.hibernate.type.BasicTypeReference@1d8e9d3e
2024-05-12T16:36:00.764+09:00 DEBUG 3520 --- [reservation] [    Test worker] org.hibernate.type.BasicTypeRegistry     : Adding type registration java.lang.Double -> org.hibernate.type.BasicTypeReference@1d8e9d3e
2024-05-12T16:36:00.765+09:00 DEBUG 3520 --- [reservation] [    Test worker] org.hibernate.type.BasicTypeRegistry     : Adding type registration big_integer -> org.hibernate.type.BasicTypeReference@360d41d0
2024-05-12T16:36:00.765+09:00 DEBUG 3520 --- [reservation] [    Test worker] org.hibernate.type.BasicTypeRegistry     : Adding type registration java.math.BigInteger -> org.hibernate.type.BasicTypeReference@360d41d0
2024-05-12T16:36:00.765+09:00 DEBUG 3520 --- [reservation] [    Test worker] org.hibernate.type.BasicTypeRegistry     : Adding type registration big_decimal -> org.hibernate.type.BasicTypeReference@4586a8aa
2024-05-12T16:36:00.765+09:00 DEBUG 3520 --- [reservation] [    Test worker] org.hibernate.type.BasicTypeRegistry     : Adding type registration java.math.BigDecimal -> org.hibernate.type.BasicTypeReference@4586a8aa
2024-05-12T16:36:00.765+09:00 DEBUG 3520 --- [reservation] [    Test worker] org.hibernate.type.BasicTypeRegistry     : Adding type registration character -> org.hibernate.type.BasicTypeReference@3dc82e6a
2024-05-12T16:36:00.765+09:00 DEBUG 3520 --- [reservation] [    Test worker] org.hibernate.type.BasicTypeRegistry     : Adding type registration char -> org.hibernate.type.BasicTypeReference@3dc82e6a
2024-05-12T16:36:00.765+09:00 DEBUG 3520 --- [reservation] [    Test worker] org.hibernate.type.BasicTypeRegistry     : Adding type registration java.lang.Character -> org.hibernate.type.BasicTypeReference@3dc82e6a
2024-05-12T16:36:00.765+09:00 DEBUG 3520 --- [reservation] [    Test worker] org.hibernate.type.BasicTypeRegistry     : Adding type registration character_nchar -> org.hibernate.type.BasicTypeReference@54463380
2024-05-12T16:36:00.765+09:00 DEBUG 3520 --- [reservation] [    Test worker] org.hibernate.type.BasicTypeRegistry     : Adding type registration string -> org.hibernate.type.BasicTypeReference@819fb19
2024-05-12T16:36:00.766+09:00 DEBUG 3520 --- [reservation] [    Test worker] org.hibernate.type.BasicTypeRegistry     : Adding type registration java.lang.String -> org.hibernate.type.BasicTypeReference@819fb19
2024-05-12T16:36:00.766+09:00 DEBUG 3520 --- [reservation] [    Test worker] org.hibernate.type.BasicTypeRegistry     : Adding type registration nstring -> org.hibernate.type.BasicTypeReference@782ac148
2024-05-12T16:36:00.766+09:00 DEBUG 3520 --- [reservation] [    Test worker] org.hibernate.type.BasicTypeRegistry     : Adding type registration characters -> org.hibernate.type.BasicTypeReference@46d1b59
2024-05-12T16:36:00.766+09:00 DEBUG 3520 --- [reservation] [    Test worker] org.hibernate.type.BasicTypeRegistry     : Adding type registration char[] -> org.hibernate.type.BasicTypeReference@46d1b59
2024-05-12T16:36:00.766+09:00 DEBUG 3520 --- [reservation] [    Test worker] org.hibernate.type.BasicTypeRegistry     : Adding type registration [C -> org.hibernate.type.BasicTypeReference@46d1b59
2024-05-12T16:36:00.766+09:00 DEBUG 3520 --- [reservation] [    Test worker] org.hibernate.type.BasicTypeRegistry     : Adding type registration wrapper-characters -> org.hibernate.type.BasicTypeReference@61d2f267
2024-05-12T16:36:00.766+09:00 DEBUG 3520 --- [reservation] [    Test worker] org.hibernate.type.BasicTypeRegistry     : Adding type registration text -> org.hibernate.type.BasicTypeReference@26d40c77
2024-05-12T16:36:00.766+09:00 DEBUG 3520 --- [reservation] [    Test worker] org.hibernate.type.BasicTypeRegistry     : Adding type registration ntext -> org.hibernate.type.BasicTypeReference@85ab964
2024-05-12T16:36:00.766+09:00 DEBUG 3520 --- [reservation] [    Test worker] org.hibernate.type.BasicTypeRegistry     : Adding type registration clob -> org.hibernate.type.BasicTypeReference@6481dce5
2024-05-12T16:36:00.766+09:00 DEBUG 3520 --- [reservation] [    Test worker] org.hibernate.type.BasicTypeRegistry     : Adding type registration java.sql.Clob -> org.hibernate.type.BasicTypeReference@6481dce5
2024-05-12T16:36:00.767+09:00 DEBUG 3520 --- [reservation] [    Test worker] org.hibernate.type.BasicTypeRegistry     : Adding type registration nclob -> org.hibernate.type.BasicTypeReference@12365bd8
2024-05-12T16:36:00.767+09:00 DEBUG 3520 --- [reservation] [    Test worker] org.hibernate.type.BasicTypeRegistry     : Adding type registration java.sql.NClob -> org.hibernate.type.BasicTypeReference@12365bd8
2024-05-12T16:36:00.767+09:00 DEBUG 3520 --- [reservation] [    Test worker] org.hibernate.type.BasicTypeRegistry     : Adding type registration materialized_clob -> org.hibernate.type.BasicTypeReference@14874a5d
2024-05-12T16:36:00.767+09:00 DEBUG 3520 --- [reservation] [    Test worker] org.hibernate.type.BasicTypeRegistry     : Adding type registration materialized_clob_char_array -> org.hibernate.type.BasicTypeReference@49cb5030
2024-05-12T16:36:00.767+09:00 DEBUG 3520 --- [reservation] [    Test worker] org.hibernate.type.BasicTypeRegistry     : Adding type registration materialized_clob_character_array -> org.hibernate.type.BasicTypeReference@23c7cb18
2024-05-12T16:36:00.767+09:00 DEBUG 3520 --- [reservation] [    Test worker] org.hibernate.type.BasicTypeRegistry     : Adding type registration materialized_nclob -> org.hibernate.type.BasicTypeReference@30fbc23
2024-05-12T16:36:00.768+09:00 DEBUG 3520 --- [reservation] [    Test worker] org.hibernate.type.BasicTypeRegistry     : Adding type registration materialized_nclob_character_array -> org.hibernate.type.BasicTypeReference@2d74cbbd
2024-05-12T16:36:00.768+09:00 DEBUG 3520 --- [reservation] [    Test worker] org.hibernate.type.BasicTypeRegistry     : Adding type registration materialized_nclob_char_array -> org.hibernate.type.BasicTypeReference@3e2d44f3
2024-05-12T16:36:00.768+09:00 DEBUG 3520 --- [reservation] [    Test worker] org.hibernate.type.BasicTypeRegistry     : Adding type registration Duration -> org.hibernate.type.BasicTypeReference@23afc725
2024-05-12T16:36:00.768+09:00 DEBUG 3520 --- [reservation] [    Test worker] org.hibernate.type.BasicTypeRegistry     : Adding type registration java.time.Duration -> org.hibernate.type.BasicTypeReference@23afc725
2024-05-12T16:36:00.768+09:00 DEBUG 3520 --- [reservation] [    Test worker] org.hibernate.type.BasicTypeRegistry     : Adding type registration LocalDateTime -> org.hibernate.type.BasicTypeReference@5d3f99d7
2024-05-12T16:36:00.768+09:00 DEBUG 3520 --- [reservation] [    Test worker] org.hibernate.type.BasicTypeRegistry     : Adding type registration java.time.LocalDateTime -> org.hibernate.type.BasicTypeReference@5d3f99d7
2024-05-12T16:36:00.768+09:00 DEBUG 3520 --- [reservation] [    Test worker] org.hibernate.type.BasicTypeRegistry     : Adding type registration LocalDate -> org.hibernate.type.BasicTypeReference@561d88ee
2024-05-12T16:36:00.768+09:00 DEBUG 3520 --- [reservation] [    Test worker] org.hibernate.type.BasicTypeRegistry     : Adding type registration java.time.LocalDate -> org.hibernate.type.BasicTypeReference@561d88ee
2024-05-12T16:36:00.769+09:00 DEBUG 3520 --- [reservation] [    Test worker] org.hibernate.type.BasicTypeRegistry     : Adding type registration LocalTime -> org.hibernate.type.BasicTypeReference@2c34402
2024-05-12T16:36:00.769+09:00 DEBUG 3520 --- [reservation] [    Test worker] org.hibernate.type.BasicTypeRegistry     : Adding type registration java.time.LocalTime -> org.hibernate.type.BasicTypeReference@2c34402
2024-05-12T16:36:00.769+09:00 DEBUG 3520 --- [reservation] [    Test worker] org.hibernate.type.BasicTypeRegistry     : Adding type registration OffsetDateTime -> org.hibernate.type.BasicTypeReference@5f883d90
2024-05-12T16:36:00.769+09:00 DEBUG 3520 --- [reservation] [    Test worker] org.hibernate.type.BasicTypeRegistry     : Adding type registration java.time.OffsetDateTime -> org.hibernate.type.BasicTypeReference@5f883d90
2024-05-12T16:36:00.769+09:00 DEBUG 3520 --- [reservation] [    Test worker] org.hibernate.type.BasicTypeRegistry     : Adding type registration OffsetDateTimeWithTimezone -> org.hibernate.type.BasicTypeReference@7e58f697
2024-05-12T16:36:00.769+09:00 DEBUG 3520 --- [reservation] [    Test worker] org.hibernate.type.BasicTypeRegistry     : Adding type registration OffsetDateTimeWithoutTimezone -> org.hibernate.type.BasicTypeReference@44384b4a
2024-05-12T16:36:00.769+09:00 DEBUG 3520 --- [reservation] [    Test worker] org.hibernate.type.BasicTypeRegistry     : Adding type registration OffsetTime -> org.hibernate.type.BasicTypeReference@5cc3e49b
2024-05-12T16:36:00.769+09:00 DEBUG 3520 --- [reservation] [    Test worker] org.hibernate.type.BasicTypeRegistry     : Adding type registration java.time.OffsetTime -> org.hibernate.type.BasicTypeReference@5cc3e49b
2024-05-12T16:36:00.770+09:00 DEBUG 3520 --- [reservation] [    Test worker] org.hibernate.type.BasicTypeRegistry     : Adding type registration OffsetTimeUtc -> org.hibernate.type.BasicTypeReference@4239262e
2024-05-12T16:36:00.770+09:00 DEBUG 3520 --- [reservation] [    Test worker] org.hibernate.type.BasicTypeRegistry     : Adding type registration OffsetTimeWithTimezone -> org.hibernate.type.BasicTypeReference@7bec8cb0
2024-05-12T16:36:00.770+09:00 DEBUG 3520 --- [reservation] [    Test worker] org.hibernate.type.BasicTypeRegistry     : Adding type registration OffsetTimeWithoutTimezone -> org.hibernate.type.BasicTypeReference@7d88fa9c
2024-05-12T16:36:00.770+09:00 DEBUG 3520 --- [reservation] [    Test worker] org.hibernate.type.BasicTypeRegistry     : Adding type registration ZonedDateTime -> org.hibernate.type.BasicTypeReference@3eac2e8a
2024-05-12T16:36:00.770+09:00 DEBUG 3520 --- [reservation] [    Test worker] org.hibernate.type.BasicTypeRegistry     : Adding type registration java.time.ZonedDateTime -> org.hibernate.type.BasicTypeReference@3eac2e8a
2024-05-12T16:36:00.770+09:00 DEBUG 3520 --- [reservation] [    Test worker] org.hibernate.type.BasicTypeRegistry     : Adding type registration ZonedDateTimeWithTimezone -> org.hibernate.type.BasicTypeReference@352f6727
2024-05-12T16:36:00.770+09:00 DEBUG 3520 --- [reservation] [    Test worker] org.hibernate.type.BasicTypeRegistry     : Adding type registration ZonedDateTimeWithoutTimezone -> org.hibernate.type.BasicTypeReference@2ab9e43e
2024-05-12T16:36:00.770+09:00 DEBUG 3520 --- [reservation] [    Test worker] org.hibernate.type.BasicTypeRegistry     : Adding type registration date -> org.hibernate.type.BasicTypeReference@10dfa7ef
2024-05-12T16:36:00.770+09:00 DEBUG 3520 --- [reservation] [    Test worker] org.hibernate.type.BasicTypeRegistry     : Adding type registration java.sql.Date -> org.hibernate.type.BasicTypeReference@10dfa7ef
2024-05-12T16:36:00.771+09:00 DEBUG 3520 --- [reservation] [    Test worker] org.hibernate.type.BasicTypeRegistry     : Adding type registration time -> org.hibernate.type.BasicTypeReference@4fd80300
2024-05-12T16:36:00.771+09:00 DEBUG 3520 --- [reservation] [    Test worker] org.hibernate.type.BasicTypeRegistry     : Adding type registration java.sql.Time -> org.hibernate.type.BasicTypeReference@4fd80300
2024-05-12T16:36:00.771+09:00 DEBUG 3520 --- [reservation] [    Test worker] org.hibernate.type.BasicTypeRegistry     : Adding type registration timestamp -> org.hibernate.type.BasicTypeReference@1805383
2024-05-12T16:36:00.771+09:00 DEBUG 3520 --- [reservation] [    Test worker] org.hibernate.type.BasicTypeRegistry     : Adding type registration java.sql.Timestamp -> org.hibernate.type.BasicTypeReference@1805383
2024-05-12T16:36:00.771+09:00 DEBUG 3520 --- [reservation] [    Test worker] org.hibernate.type.BasicTypeRegistry     : Adding type registration java.util.Date -> org.hibernate.type.BasicTypeReference@1805383
2024-05-12T16:36:00.771+09:00 DEBUG 3520 --- [reservation] [    Test worker] org.hibernate.type.BasicTypeRegistry     : Adding type registration calendar -> org.hibernate.type.BasicTypeReference@64fdcf99
2024-05-12T16:36:00.771+09:00 DEBUG 3520 --- [reservation] [    Test worker] org.hibernate.type.BasicTypeRegistry     : Adding type registration java.util.Calendar -> org.hibernate.type.BasicTypeReference@64fdcf99
2024-05-12T16:36:00.771+09:00 DEBUG 3520 --- [reservation] [    Test worker] org.hibernate.type.BasicTypeRegistry     : Adding type registration java.util.GregorianCalendar -> org.hibernate.type.BasicTypeReference@64fdcf99
2024-05-12T16:36:00.772+09:00 DEBUG 3520 --- [reservation] [    Test worker] org.hibernate.type.BasicTypeRegistry     : Adding type registration calendar_date -> org.hibernate.type.BasicTypeReference@9f0fc36
2024-05-12T16:36:00.772+09:00 DEBUG 3520 --- [reservation] [    Test worker] org.hibernate.type.BasicTypeRegistry     : Adding type registration calendar_time -> org.hibernate.type.BasicTypeReference@63f2e0b
2024-05-12T16:36:00.772+09:00 DEBUG 3520 --- [reservation] [    Test worker] org.hibernate.type.BasicTypeRegistry     : Adding type registration instant -> org.hibernate.type.BasicTypeReference@5a06904
2024-05-12T16:36:00.772+09:00 DEBUG 3520 --- [reservation] [    Test worker] org.hibernate.type.BasicTypeRegistry     : Adding type registration java.time.Instant -> org.hibernate.type.BasicTypeReference@5a06904
2024-05-12T16:36:00.772+09:00 DEBUG 3520 --- [reservation] [    Test worker] org.hibernate.type.BasicTypeRegistry     : Adding type registration uuid -> org.hibernate.type.BasicTypeReference@fabef2e
2024-05-12T16:36:00.772+09:00 DEBUG 3520 --- [reservation] [    Test worker] org.hibernate.type.BasicTypeRegistry     : Adding type registration java.util.UUID -> org.hibernate.type.BasicTypeReference@fabef2e
2024-05-12T16:36:00.772+09:00 DEBUG 3520 --- [reservation] [    Test worker] org.hibernate.type.BasicTypeRegistry     : Adding type registration pg-uuid -> org.hibernate.type.BasicTypeReference@fabef2e
2024-05-12T16:36:00.772+09:00 DEBUG 3520 --- [reservation] [    Test worker] org.hibernate.type.BasicTypeRegistry     : Adding type registration uuid-binary -> org.hibernate.type.BasicTypeReference@1b4a3a1
2024-05-12T16:36:00.772+09:00 DEBUG 3520 --- [reservation] [    Test worker] org.hibernate.type.BasicTypeRegistry     : Adding type registration uuid-char -> org.hibernate.type.BasicTypeReference@7e848aea
2024-05-12T16:36:00.773+09:00 DEBUG 3520 --- [reservation] [    Test worker] org.hibernate.type.BasicTypeRegistry     : Adding type registration class -> org.hibernate.type.BasicTypeReference@786a3477
2024-05-12T16:36:00.773+09:00 DEBUG 3520 --- [reservation] [    Test worker] org.hibernate.type.BasicTypeRegistry     : Adding type registration java.lang.Class -> org.hibernate.type.BasicTypeReference@786a3477
2024-05-12T16:36:00.773+09:00 DEBUG 3520 --- [reservation] [    Test worker] org.hibernate.type.BasicTypeRegistry     : Adding type registration currency -> org.hibernate.type.BasicTypeReference@286866cb
2024-05-12T16:36:00.773+09:00 DEBUG 3520 --- [reservation] [    Test worker] org.hibernate.type.BasicTypeRegistry     : Adding type registration Currency -> org.hibernate.type.BasicTypeReference@286866cb
2024-05-12T16:36:00.773+09:00 DEBUG 3520 --- [reservation] [    Test worker] org.hibernate.type.BasicTypeRegistry     : Adding type registration java.util.Currency -> org.hibernate.type.BasicTypeReference@286866cb
2024-05-12T16:36:00.773+09:00 DEBUG 3520 --- [reservation] [    Test worker] org.hibernate.type.BasicTypeRegistry     : Adding type registration locale -> org.hibernate.type.BasicTypeReference@ce561cc
2024-05-12T16:36:00.773+09:00 DEBUG 3520 --- [reservation] [    Test worker] org.hibernate.type.BasicTypeRegistry     : Adding type registration java.util.Locale -> org.hibernate.type.BasicTypeReference@ce561cc
2024-05-12T16:36:00.774+09:00 DEBUG 3520 --- [reservation] [    Test worker] org.hibernate.type.BasicTypeRegistry     : Adding type registration serializable -> org.hibernate.type.BasicTypeReference@56ec6960
2024-05-12T16:36:00.774+09:00 DEBUG 3520 --- [reservation] [    Test worker] org.hibernate.type.BasicTypeRegistry     : Adding type registration java.io.Serializable -> org.hibernate.type.BasicTypeReference@56ec6960
2024-05-12T16:36:00.774+09:00 DEBUG 3520 --- [reservation] [    Test worker] org.hibernate.type.BasicTypeRegistry     : Adding type registration timezone -> org.hibernate.type.BasicTypeReference@7f8c3646
2024-05-12T16:36:00.774+09:00 DEBUG 3520 --- [reservation] [    Test worker] org.hibernate.type.BasicTypeRegistry     : Adding type registration java.util.TimeZone -> org.hibernate.type.BasicTypeReference@7f8c3646
2024-05-12T16:36:00.774+09:00 DEBUG 3520 --- [reservation] [    Test worker] org.hibernate.type.BasicTypeRegistry     : Adding type registration ZoneOffset -> org.hibernate.type.BasicTypeReference@14b95942
2024-05-12T16:36:00.774+09:00 DEBUG 3520 --- [reservation] [    Test worker] org.hibernate.type.BasicTypeRegistry     : Adding type registration java.time.ZoneOffset -> org.hibernate.type.BasicTypeReference@14b95942
2024-05-12T16:36:00.774+09:00 DEBUG 3520 --- [reservation] [    Test worker] org.hibernate.type.BasicTypeRegistry     : Adding type registration url -> org.hibernate.type.BasicTypeReference@3375b118
2024-05-12T16:36:00.775+09:00 DEBUG 3520 --- [reservation] [    Test worker] org.hibernate.type.BasicTypeRegistry     : Adding type registration java.net.URL -> org.hibernate.type.BasicTypeReference@3375b118
2024-05-12T16:36:00.775+09:00 DEBUG 3520 --- [reservation] [    Test worker] org.hibernate.type.BasicTypeRegistry     : Adding type registration vector -> org.hibernate.type.BasicTypeReference@667797f
2024-05-12T16:36:00.775+09:00 DEBUG 3520 --- [reservation] [    Test worker] org.hibernate.type.BasicTypeRegistry     : Adding type registration row_version -> org.hibernate.type.BasicTypeReference@184751f3
2024-05-12T16:36:00.780+09:00 DEBUG 3520 --- [reservation] [    Test worker] org.hibernate.type.BasicTypeRegistry     : Adding type registration object -> org.hibernate.type.JavaObjectType@472c9f88
2024-05-12T16:36:00.780+09:00 DEBUG 3520 --- [reservation] [    Test worker] org.hibernate.type.BasicTypeRegistry     : Adding type registration java.lang.Object -> org.hibernate.type.JavaObjectType@472c9f88
2024-05-12T16:36:00.781+09:00 DEBUG 3520 --- [reservation] [    Test worker] org.hibernate.type.BasicTypeRegistry     : Adding type registration null -> org.hibernate.type.NullType@141aba65
2024-05-12T16:36:00.781+09:00 DEBUG 3520 --- [reservation] [    Test worker] org.hibernate.type.BasicTypeRegistry     : Adding type registration imm_date -> org.hibernate.type.BasicTypeReference@3356ff58
2024-05-12T16:36:00.781+09:00 DEBUG 3520 --- [reservation] [    Test worker] org.hibernate.type.BasicTypeRegistry     : Adding type registration imm_time -> org.hibernate.type.BasicTypeReference@b55f5b7
2024-05-12T16:36:00.781+09:00 DEBUG 3520 --- [reservation] [    Test worker] org.hibernate.type.BasicTypeRegistry     : Adding type registration imm_timestamp -> org.hibernate.type.BasicTypeReference@2aa6bbad
2024-05-12T16:36:00.782+09:00 DEBUG 3520 --- [reservation] [    Test worker] org.hibernate.type.BasicTypeRegistry     : Adding type registration imm_calendar -> org.hibernate.type.BasicTypeReference@6b2ef50e
2024-05-12T16:36:00.782+09:00 DEBUG 3520 --- [reservation] [    Test worker] org.hibernate.type.BasicTypeRegistry     : Adding type registration imm_calendar_date -> org.hibernate.type.BasicTypeReference@6f867b0c
2024-05-12T16:36:00.782+09:00 DEBUG 3520 --- [reservation] [    Test worker] org.hibernate.type.BasicTypeRegistry     : Adding type registration imm_calendar_time -> org.hibernate.type.BasicTypeReference@4b5ad306
2024-05-12T16:36:00.782+09:00 DEBUG 3520 --- [reservation] [    Test worker] org.hibernate.type.BasicTypeRegistry     : Adding type registration imm_binary -> org.hibernate.type.BasicTypeReference@54be6213
2024-05-12T16:36:00.782+09:00 DEBUG 3520 --- [reservation] [    Test worker] org.hibernate.type.BasicTypeRegistry     : Adding type registration imm_serializable -> org.hibernate.type.BasicTypeReference@48a46b0f
2024-05-12T16:36:00.981+09:00  INFO 3520 --- [reservation] [    Test worker] o.s.o.j.p.SpringPersistenceUnitInfo      : No LoadTimeWeaver setup: ignoring JPA class transformer
2024-05-12T16:36:01.021+09:00  INFO 3520 --- [reservation] [    Test worker] com.zaxxer.hikari.HikariDataSource       : HikariPool-1 - Starting...
2024-05-12T16:36:01.254+09:00  INFO 3520 --- [reservation] [    Test worker] com.zaxxer.hikari.pool.HikariPool        : HikariPool-1 - Added connection conn0: url=jdbc:h2:mem:testdb user=SA
2024-05-12T16:36:01.257+09:00  INFO 3520 --- [reservation] [    Test worker] com.zaxxer.hikari.HikariDataSource       : HikariPool-1 - Start completed.
2024-05-12T16:36:01.291+09:00  WARN 3520 --- [reservation] [    Test worker] org.hibernate.orm.deprecation            : HHH90000025: H2Dialect does not need to be specified explicitly using 'hibernate.dialect' (remove the property setting and it will be selected by default)
2024-05-12T16:36:01.324+09:00 DEBUG 3520 --- [reservation] [    Test worker] o.h.t.d.jdbc.spi.JdbcTypeRegistry        : addDescriptor(NCharTypeDescriptor) replaced previous registration(CharTypeDescriptor)
2024-05-12T16:36:01.324+09:00 DEBUG 3520 --- [reservation] [    Test worker] o.h.t.d.jdbc.spi.JdbcTypeRegistry        : addDescriptor(NVarcharTypeDescriptor) replaced previous registration(VarcharTypeDescriptor)
2024-05-12T16:36:01.324+09:00 DEBUG 3520 --- [reservation] [    Test worker] o.h.t.d.jdbc.spi.JdbcTypeRegistry        : addDescriptor(LongNVarcharTypeDescriptor) replaced previous registration(LongVarcharTypeDescriptor)
2024-05-12T16:36:01.327+09:00 DEBUG 3520 --- [reservation] [    Test worker] o.h.t.d.jdbc.spi.JdbcTypeRegistry        : addDescriptor(NClobTypeDescriptor(DEFAULT)) replaced previous registration(ClobTypeDescriptor(DEFAULT))
2024-05-12T16:36:01.327+09:00 DEBUG 3520 --- [reservation] [    Test worker] o.h.t.d.jdbc.spi.JdbcTypeRegistry        : addDescriptor(2005, ClobTypeDescriptor(STREAM_BINDING)) replaced previous registration(ClobTypeDescriptor(DEFAULT))
2024-05-12T16:36:01.329+09:00 DEBUG 3520 --- [reservation] [    Test worker] o.h.t.d.jdbc.spi.JdbcTypeRegistry        : addDescriptor(TimestampUtcDescriptor) replaced previous registration(TimestampUtcDescriptor)
2024-05-12T16:36:01.334+09:00 DEBUG 3520 --- [reservation] [    Test worker] org.hibernate.type.BasicTypeRegistry     : Adding type registration org.hibernate.type.DurationType -> basicType@1(java.time.Duration,3015)
2024-05-12T16:36:01.334+09:00 DEBUG 3520 --- [reservation] [    Test worker] org.hibernate.type.BasicTypeRegistry     : Adding type registration Duration -> basicType@1(java.time.Duration,3015)
2024-05-12T16:36:01.334+09:00 DEBUG 3520 --- [reservation] [    Test worker] org.hibernate.type.BasicTypeRegistry     : Adding type registration java.time.Duration -> basicType@1(java.time.Duration,3015)
2024-05-12T16:36:01.338+09:00 DEBUG 3520 --- [reservation] [    Test worker] o.h.type.spi.TypeConfiguration$Scope     : Scoping TypeConfiguration [org.hibernate.type.spi.TypeConfiguration@5ec6a1b6] to MetadataBuildingContext [org.hibernate.boot.internal.MetadataBuildingContextRootImpl@40013051]
2024-05-12T16:36:02.292+09:00  INFO 3520 --- [reservation] [    Test worker] o.h.e.t.j.p.i.JtaPlatformInitiator       : HHH000489: No JTA platform available (set 'hibernate.transaction.jta.platform' to enable JTA platform integration)
2024-05-12T16:36:02.293+09:00 DEBUG 3520 --- [reservation] [    Test worker] o.h.type.spi.TypeConfiguration$Scope     : Scoping TypeConfiguration [org.hibernate.type.spi.TypeConfiguration@5ec6a1b6] to SessionFactoryImplementor [org.hibernate.internal.SessionFactoryImpl@106f2425]
2024-05-12T16:36:02.309+09:00 DEBUG 3520 --- [reservation] [    Test worker] org.hibernate.SQL                        : 
    drop table if exists users cascade 
Hibernate: 
    drop table if exists users cascade 
2024-05-12T16:36:02.318+09:00 DEBUG 3520 --- [reservation] [    Test worker] org.hibernate.SQL                        : 
    create table users (
        expired_at timestamp(6),
        id bigint generated by default as identity,
        nickname varchar(50),
        username varchar(50) unique,
        password varchar(100),
        refresh_token varchar(1000),
        authority varchar(255) check (authority in ('USER','ADMIN')),
        primary key (id)
    )
Hibernate: 
    create table users (
        expired_at timestamp(6),
        id bigint generated by default as identity,
        nickname varchar(50),
        username varchar(50) unique,
        password varchar(100),
        refresh_token varchar(1000),
        authority varchar(255) check (authority in ('USER','ADMIN')),
        primary key (id)
    )
2024-05-12T16:36:02.335+09:00 TRACE 3520 --- [reservation] [    Test worker] o.h.type.spi.TypeConfiguration$Scope     : Handling #sessionFactoryCreated from [org.hibernate.internal.SessionFactoryImpl@106f2425] for TypeConfiguration
2024-05-12T16:36:02.336+09:00  INFO 3520 --- [reservation] [    Test worker] j.LocalContainerEntityManagerFactoryBean : Initialized JPA EntityManagerFactory for persistence unit 'default'
2024-05-12T16:36:03.181+09:00  WARN 3520 --- [reservation] [    Test worker] JpaBaseConfiguration$JpaWebConfiguration : spring.jpa.open-in-view is enabled by default. Therefore, database queries may be performed during view rendering. Explicitly configure spring.jpa.open-in-view to disable this warning
2024-05-12T16:36:04.669+09:00  INFO 3520 --- [reservation] [    Test worker] o.s.s.web.DefaultSecurityFilterChain     : Will secure any request with [org.springframework.security.web.session.DisableEncodeUrlFilter@7d7d7b1a, org.springframework.security.web.context.request.async.WebAsyncManagerIntegrationFilter@67836d4, org.springframework.security.web.context.SecurityContextHolderFilter@62d72091, org.springframework.security.web.header.HeaderWriterFilter@696d28ee, org.springframework.web.filter.CorsFilter@65011123, com.portfolio.reservation.filter.JwtAuthenticationProcessingFilter@552b7481, org.springframework.security.web.authentication.logout.LogoutFilter@43a9988a, com.portfolio.reservation.filter.JsonUsernamePasswordAuthenticationFilter@6421e9e7, org.springframework.security.web.savedrequest.RequestCacheAwareFilter@3b863b4, org.springframework.security.web.servletapi.SecurityContextHolderAwareRequestFilter@2524f9bf, org.springframework.security.web.authentication.AnonymousAuthenticationFilter@20e4e27f, org.springframework.security.web.session.SessionManagementFilter@ea3491d, org.springframework.security.web.access.ExceptionTranslationFilter@57f83dc7, org.springframework.security.web.access.intercept.AuthorizationFilter@395854dd]
2024-05-12T16:36:05.346+09:00  INFO 3520 --- [reservation] [    Test worker] c.p.reservation.service.UserServiceTest  : Started UserServiceTest in 6.849 seconds (process running for 8.115)
2024-05-12T16:36:06.383+09:00 DEBUG 3520 --- [reservation] [    Test worker] org.hibernate.SQL                        : 
    select
        u1_0.id,
        u1_0.authority,
        u1_0.expired_at,
        u1_0.nickname,
        u1_0.password,
        u1_0.refresh_token,
        u1_0.username 
    from
        users u1_0 
    where
        u1_0.username=?
Hibernate: 
    select
        u1_0.id,
        u1_0.authority,
        u1_0.expired_at,
        u1_0.nickname,
        u1_0.password,
        u1_0.refresh_token,
        u1_0.username 
    from
        users u1_0 
    where
        u1_0.username=?
2024-05-12T16:36:06.479+09:00 DEBUG 3520 --- [reservation] [    Test worker] org.hibernate.SQL                        : 
    insert 
    into
        users
        (authority, expired_at, nickname, password, refresh_token, username, id) 
    values
        (?, ?, ?, ?, ?, ?, default)
Hibernate: 
    insert 
    into
        users
        (authority, expired_at, nickname, password, refresh_token, username, id) 
    values
        (?, ?, ?, ?, ?, ?, default)
2024-05-12T16:36:06.512+09:00 DEBUG 3520 --- [reservation] [    Test worker] org.hibernate.SQL                        : 
    select
        u1_0.id,
        u1_0.authority,
        u1_0.expired_at,
        u1_0.nickname,
        u1_0.password,
        u1_0.refresh_token,
        u1_0.username 
    from
        users u1_0 
    order by
        u1_0.id 
    fetch
        first ? rows only
Hibernate: 
    select
        u1_0.id,
        u1_0.authority,
        u1_0.expired_at,
        u1_0.nickname,
        u1_0.password,
        u1_0.refresh_token,
        u1_0.username 
    from
        users u1_0 
    order by
        u1_0.id 
    fetch
        first ? rows only
2024-05-12T16:36:06.525+09:00 DEBUG 3520 --- [reservation] [    Test worker] org.hibernate.SQL                        : 
    select
        u1_0.id,
        u1_0.authority,
        u1_0.expired_at,
        u1_0.nickname,
        u1_0.password,
        u1_0.refresh_token,
        u1_0.username 
    from
        users u1_0 
    where
        u1_0.username=?
Hibernate: 
    select
        u1_0.id,
        u1_0.authority,
        u1_0.expired_at,
        u1_0.nickname,
        u1_0.password,
        u1_0.refresh_token,
        u1_0.username 
    from
        users u1_0 
    where
        u1_0.username=?
]]></system-out>
  <system-err><![CDATA[]]></system-err>
</testsuite>
