<?xml version="1.0" encoding="UTF-8"?>
<testsuite name="com.portfolio.reservation.controller.UserControllerTest" tests="1" skipped="0" failures="0" errors="0" timestamp="2024-05-24T07:38:49" hostname="DESKTOP-A553VVH" time="0.251">
  <properties/>
  <testcase name="signUp_valid_통과_테스트()" classname="com.portfolio.reservation.controller.UserControllerTest" time="0.251"/>
  <system-out><![CDATA[16:38:46.058 [Test worker] INFO org.springframework.test.context.support.AnnotationConfigContextLoaderUtils -- Could not detect default configuration classes for test class [com.portfolio.reservation.controller.UserControllerTest]: UserControllerTest does not declare any static, non-private, non-final, nested classes annotated with @Configuration.
16:38:46.206 [Test worker] INFO org.springframework.boot.test.context.SpringBootTestContextBootstrapper -- Found @SpringBootConfiguration com.portfolio.reservation.ReservationApplication for test class com.portfolio.reservation.controller.UserControllerTest

  .   ____          _            __ _ _
 /\\ / ___'_ __ _ _(_)_ __  __ _ \ \ \ \
( ( )\___ | '_ | '_| | '_ \/ _` | \ \ \ \
 \\/  ___)| |_)| | | | | || (_| |  ) ) ) )
  '  |____| .__|_| |_|_| |_\__, | / / / /
 =========|_|==============|___/=/_/_/_/
 :: Spring Boot ::                (v3.2.4)

2024-05-24T16:38:46.659+09:00  INFO 5304 --- [reservation] [    Test worker] c.p.r.controller.UserControllerTest      : Starting UserControllerTest using Java 17.0.10 with PID 5304 (started by ASUS in C:\portfolio\reservation_portfolio\reservation\reservation)
2024-05-24T16:38:46.660+09:00  INFO 5304 --- [reservation] [    Test worker] c.p.r.controller.UserControllerTest      : No active profile set, falling back to 1 default profile: "default"
2024-05-24T16:38:48.448+09:00  WARN 5304 --- [reservation] [    Test worker] .s.s.UserDetailsServiceAutoConfiguration : 

Using generated security password: eeffec6d-3eb5-48ab-8965-57f7428aac87

This generated password is for development use only. Your security configuration must be updated before running your application in production.

2024-05-24T16:38:49.502+09:00  INFO 5304 --- [reservation] [    Test worker] o.s.s.web.DefaultSecurityFilterChain     : Will secure any request with [org.springframework.security.web.session.DisableEncodeUrlFilter@70c205bf, org.springframework.security.web.context.request.async.WebAsyncManagerIntegrationFilter@43ab9ae9, org.springframework.security.web.context.SecurityContextHolderFilter@3c346c45, org.springframework.security.web.header.HeaderWriterFilter@652b3733, org.springframework.web.filter.CorsFilter@2520aa05, org.springframework.security.web.authentication.logout.LogoutFilter@460f1cdb, org.springframework.security.web.savedrequest.RequestCacheAwareFilter@478530cb, org.springframework.security.web.servletapi.SecurityContextHolderAwareRequestFilter@5be7b749, org.springframework.security.web.authentication.AnonymousAuthenticationFilter@26865b57, org.springframework.security.web.session.SessionManagementFilter@6cc8c13c, org.springframework.security.web.access.ExceptionTranslationFilter@39a3984c, org.springframework.security.web.access.intercept.AuthorizationFilter@c67395]
2024-05-24T16:38:49.799+09:00  INFO 5304 --- [reservation] [    Test worker] o.s.b.t.m.w.SpringBootMockServletContext : Initializing Spring TestDispatcherServlet ''
2024-05-24T16:38:49.800+09:00  INFO 5304 --- [reservation] [    Test worker] o.s.t.web.servlet.TestDispatcherServlet  : Initializing Servlet ''
2024-05-24T16:38:49.801+09:00  INFO 5304 --- [reservation] [    Test worker] o.s.t.web.servlet.TestDispatcherServlet  : Completed initialization in 1 ms
2024-05-24T16:38:49.836+09:00  INFO 5304 --- [reservation] [    Test worker] c.p.r.controller.UserControllerTest      : Started UserControllerTest in 3.535 seconds (process running for 4.787)
]]></system-out>
  <system-err><![CDATA[]]></system-err>
</testsuite>
