<?xml version="1.0" encoding="UTF-8"?>
<testsuite name="com.portfolio.reservation.service.UserServiceTest" tests="1" skipped="0" failures="0" errors="0" timestamp="2024-05-07T10:46:30" hostname="DESKTOP-A553VVH" time="0.966">
  <properties/>
  <testcase name="signUp_테스트()" classname="com.portfolio.reservation.service.UserServiceTest" time="0.966"/>
  <system-out><![CDATA[19:46:23.236 [Test worker] INFO org.springframework.test.context.support.AnnotationConfigContextLoaderUtils -- Could not detect default configuration classes for test class [com.portfolio.reservation.service.UserServiceTest]: UserServiceTest does not declare any static, non-private, non-final, nested classes annotated with @Configuration.
19:46:23.373 [Test worker] INFO org.springframework.boot.test.context.SpringBootTestContextBootstrapper -- Found @SpringBootConfiguration com.portfolio.reservation.ReservationApplication for test class com.portfolio.reservation.service.UserServiceTest

  .   ____          _            __ _ _
 /\\ / ___'_ __ _ _(_)_ __  __ _ \ \ \ \
( ( )\___ | '_ | '_| | '_ \/ _` | \ \ \ \
 \\/  ___)| |_)| | | | | || (_| |  ) ) ) )
  '  |____| .__|_| |_|_| |_\__, | / / / /
 =========|_|==============|___/=/_/_/_/
 :: Spring Boot ::                (v3.2.4)

2024-05-07T19:46:23.829+09:00  INFO 23144 --- [reservation] [    Test worker] c.p.reservation.service.UserServiceTest  : Starting UserServiceTest using Java 17.0.10 with PID 23144 (started by ASUS in C:\portfolio\reservation_portfolio_remote\reservation\reservation)
2024-05-07T19:46:23.830+09:00  INFO 23144 --- [reservation] [    Test worker] c.p.reservation.service.UserServiceTest  : No active profile set, falling back to 1 default profile: "default"
2024-05-07T19:46:24.870+09:00  INFO 23144 --- [reservation] [    Test worker] .s.d.r.c.RepositoryConfigurationDelegate : Bootstrapping Spring Data JPA repositories in DEFAULT mode.
2024-05-07T19:46:24.959+09:00  INFO 23144 --- [reservation] [    Test worker] .s.d.r.c.RepositoryConfigurationDelegate : Finished Spring Data repository scanning in 78 ms. Found 1 JPA repository interface.
2024-05-07T19:46:25.124+09:00  WARN 23144 --- [reservation] [    Test worker] o.m.s.mapper.ClassPathMapperScanner      : No MyBatis mapper was found in '[com.portfolio.reservation]' package. Please check your configuration.
2024-05-07T19:46:25.586+09:00  INFO 23144 --- [reservation] [    Test worker] o.hibernate.jpa.internal.util.LogHelper  : HHH000204: Processing PersistenceUnitInfo [name: default]
2024-05-07T19:46:25.675+09:00  INFO 23144 --- [reservation] [    Test worker] org.hibernate.Version                    : HHH000412: Hibernate ORM core version 6.4.4.Final
2024-05-07T19:46:25.725+09:00  INFO 23144 --- [reservation] [    Test worker] o.h.c.internal.RegionFactoryInitiator    : HHH000026: Second-level cache disabled
2024-05-07T19:46:25.823+09:00 DEBUG 23144 --- [reservation] [    Test worker] org.hibernate.type.BasicTypeRegistry     : Adding type registration boolean -> org.hibernate.type.BasicTypeReference@719c1faf
2024-05-07T19:46:25.823+09:00 DEBUG 23144 --- [reservation] [    Test worker] org.hibernate.type.BasicTypeRegistry     : Adding type registration boolean -> org.hibernate.type.BasicTypeReference@719c1faf
2024-05-07T19:46:25.823+09:00 DEBUG 23144 --- [reservation] [    Test worker] org.hibernate.type.BasicTypeRegistry     : Adding type registration java.lang.Boolean -> org.hibernate.type.BasicTypeReference@719c1faf
2024-05-07T19:46:25.824+09:00 DEBUG 23144 --- [reservation] [    Test worker] org.hibernate.type.BasicTypeRegistry     : Adding type registration numeric_boolean -> org.hibernate.type.BasicTypeReference@6ba6557e
2024-05-07T19:46:25.824+09:00 DEBUG 23144 --- [reservation] [    Test worker] org.hibernate.type.BasicTypeRegistry     : Adding type registration org.hibernate.type.NumericBooleanConverter -> org.hibernate.type.BasicTypeReference@6ba6557e
2024-05-07T19:46:25.824+09:00 DEBUG 23144 --- [reservation] [    Test worker] org.hibernate.type.BasicTypeRegistry     : Adding type registration true_false -> org.hibernate.type.BasicTypeReference@1f172892
2024-05-07T19:46:25.824+09:00 DEBUG 23144 --- [reservation] [    Test worker] org.hibernate.type.BasicTypeRegistry     : Adding type registration org.hibernate.type.TrueFalseConverter -> org.hibernate.type.BasicTypeReference@1f172892
2024-05-07T19:46:25.824+09:00 DEBUG 23144 --- [reservation] [    Test worker] org.hibernate.type.BasicTypeRegistry     : Adding type registration yes_no -> org.hibernate.type.BasicTypeReference@5409dfdd
2024-05-07T19:46:25.824+09:00 DEBUG 23144 --- [reservation] [    Test worker] org.hibernate.type.BasicTypeRegistry     : Adding type registration org.hibernate.type.YesNoConverter -> org.hibernate.type.BasicTypeReference@5409dfdd
2024-05-07T19:46:25.824+09:00 DEBUG 23144 --- [reservation] [    Test worker] org.hibernate.type.BasicTypeRegistry     : Adding type registration byte -> org.hibernate.type.BasicTypeReference@45f9d394
2024-05-07T19:46:25.825+09:00 DEBUG 23144 --- [reservation] [    Test worker] org.hibernate.type.BasicTypeRegistry     : Adding type registration byte -> org.hibernate.type.BasicTypeReference@45f9d394
2024-05-07T19:46:25.825+09:00 DEBUG 23144 --- [reservation] [    Test worker] org.hibernate.type.BasicTypeRegistry     : Adding type registration java.lang.Byte -> org.hibernate.type.BasicTypeReference@45f9d394
2024-05-07T19:46:25.825+09:00 DEBUG 23144 --- [reservation] [    Test worker] org.hibernate.type.BasicTypeRegistry     : Adding type registration binary -> org.hibernate.type.BasicTypeReference@1c2d63f0
2024-05-07T19:46:25.826+09:00 DEBUG 23144 --- [reservation] [    Test worker] org.hibernate.type.BasicTypeRegistry     : Adding type registration byte[] -> org.hibernate.type.BasicTypeReference@1c2d63f0
2024-05-07T19:46:25.826+09:00 DEBUG 23144 --- [reservation] [    Test worker] org.hibernate.type.BasicTypeRegistry     : Adding type registration [B -> org.hibernate.type.BasicTypeReference@1c2d63f0
2024-05-07T19:46:25.826+09:00 DEBUG 23144 --- [reservation] [    Test worker] org.hibernate.type.BasicTypeRegistry     : Adding type registration binary_wrapper -> org.hibernate.type.BasicTypeReference@2bdb5e0f
2024-05-07T19:46:25.826+09:00 DEBUG 23144 --- [reservation] [    Test worker] org.hibernate.type.BasicTypeRegistry     : Adding type registration wrapper-binary -> org.hibernate.type.BasicTypeReference@2bdb5e0f
2024-05-07T19:46:25.826+09:00 DEBUG 23144 --- [reservation] [    Test worker] org.hibernate.type.BasicTypeRegistry     : Adding type registration image -> org.hibernate.type.BasicTypeReference@5c9e8a67
2024-05-07T19:46:25.826+09:00 DEBUG 23144 --- [reservation] [    Test worker] org.hibernate.type.BasicTypeRegistry     : Adding type registration blob -> org.hibernate.type.BasicTypeReference@2262f0d8
2024-05-07T19:46:25.827+09:00 DEBUG 23144 --- [reservation] [    Test worker] org.hibernate.type.BasicTypeRegistry     : Adding type registration java.sql.Blob -> org.hibernate.type.BasicTypeReference@2262f0d8
2024-05-07T19:46:25.827+09:00 DEBUG 23144 --- [reservation] [    Test worker] org.hibernate.type.BasicTypeRegistry     : Adding type registration materialized_blob -> org.hibernate.type.BasicTypeReference@283a8ad6
2024-05-07T19:46:25.827+09:00 DEBUG 23144 --- [reservation] [    Test worker] org.hibernate.type.BasicTypeRegistry     : Adding type registration materialized_blob_wrapper -> org.hibernate.type.BasicTypeReference@59e082f8
2024-05-07T19:46:25.827+09:00 DEBUG 23144 --- [reservation] [    Test worker] org.hibernate.type.BasicTypeRegistry     : Adding type registration short -> org.hibernate.type.BasicTypeReference@7185e611
2024-05-07T19:46:25.827+09:00 DEBUG 23144 --- [reservation] [    Test worker] org.hibernate.type.BasicTypeRegistry     : Adding type registration short -> org.hibernate.type.BasicTypeReference@7185e611
2024-05-07T19:46:25.827+09:00 DEBUG 23144 --- [reservation] [    Test worker] org.hibernate.type.BasicTypeRegistry     : Adding type registration java.lang.Short -> org.hibernate.type.BasicTypeReference@7185e611
2024-05-07T19:46:25.828+09:00 DEBUG 23144 --- [reservation] [    Test worker] org.hibernate.type.BasicTypeRegistry     : Adding type registration integer -> org.hibernate.type.BasicTypeReference@44d43cc9
2024-05-07T19:46:25.828+09:00 DEBUG 23144 --- [reservation] [    Test worker] org.hibernate.type.BasicTypeRegistry     : Adding type registration int -> org.hibernate.type.BasicTypeReference@44d43cc9
2024-05-07T19:46:25.828+09:00 DEBUG 23144 --- [reservation] [    Test worker] org.hibernate.type.BasicTypeRegistry     : Adding type registration java.lang.Integer -> org.hibernate.type.BasicTypeReference@44d43cc9
2024-05-07T19:46:25.828+09:00 DEBUG 23144 --- [reservation] [    Test worker] org.hibernate.type.BasicTypeRegistry     : Adding type registration long -> org.hibernate.type.BasicTypeReference@384472bf
2024-05-07T19:46:25.828+09:00 DEBUG 23144 --- [reservation] [    Test worker] org.hibernate.type.BasicTypeRegistry     : Adding type registration long -> org.hibernate.type.BasicTypeReference@384472bf
2024-05-07T19:46:25.828+09:00 DEBUG 23144 --- [reservation] [    Test worker] org.hibernate.type.BasicTypeRegistry     : Adding type registration java.lang.Long -> org.hibernate.type.BasicTypeReference@384472bf
2024-05-07T19:46:25.828+09:00 DEBUG 23144 --- [reservation] [    Test worker] org.hibernate.type.BasicTypeRegistry     : Adding type registration float -> org.hibernate.type.BasicTypeReference@656ec00d
2024-05-07T19:46:25.828+09:00 DEBUG 23144 --- [reservation] [    Test worker] org.hibernate.type.BasicTypeRegistry     : Adding type registration float -> org.hibernate.type.BasicTypeReference@656ec00d
2024-05-07T19:46:25.829+09:00 DEBUG 23144 --- [reservation] [    Test worker] org.hibernate.type.BasicTypeRegistry     : Adding type registration java.lang.Float -> org.hibernate.type.BasicTypeReference@656ec00d
2024-05-07T19:46:25.829+09:00 DEBUG 23144 --- [reservation] [    Test worker] org.hibernate.type.BasicTypeRegistry     : Adding type registration double -> org.hibernate.type.BasicTypeReference@3b8507df
2024-05-07T19:46:25.829+09:00 DEBUG 23144 --- [reservation] [    Test worker] org.hibernate.type.BasicTypeRegistry     : Adding type registration double -> org.hibernate.type.BasicTypeReference@3b8507df
2024-05-07T19:46:25.829+09:00 DEBUG 23144 --- [reservation] [    Test worker] org.hibernate.type.BasicTypeRegistry     : Adding type registration java.lang.Double -> org.hibernate.type.BasicTypeReference@3b8507df
2024-05-07T19:46:25.829+09:00 DEBUG 23144 --- [reservation] [    Test worker] org.hibernate.type.BasicTypeRegistry     : Adding type registration big_integer -> org.hibernate.type.BasicTypeReference@5ed25612
2024-05-07T19:46:25.829+09:00 DEBUG 23144 --- [reservation] [    Test worker] org.hibernate.type.BasicTypeRegistry     : Adding type registration java.math.BigInteger -> org.hibernate.type.BasicTypeReference@5ed25612
2024-05-07T19:46:25.829+09:00 DEBUG 23144 --- [reservation] [    Test worker] org.hibernate.type.BasicTypeRegistry     : Adding type registration big_decimal -> org.hibernate.type.BasicTypeReference@451816fd
2024-05-07T19:46:25.830+09:00 DEBUG 23144 --- [reservation] [    Test worker] org.hibernate.type.BasicTypeRegistry     : Adding type registration java.math.BigDecimal -> org.hibernate.type.BasicTypeReference@451816fd
2024-05-07T19:46:25.830+09:00 DEBUG 23144 --- [reservation] [    Test worker] org.hibernate.type.BasicTypeRegistry     : Adding type registration character -> org.hibernate.type.BasicTypeReference@56e5c8fb
2024-05-07T19:46:25.830+09:00 DEBUG 23144 --- [reservation] [    Test worker] org.hibernate.type.BasicTypeRegistry     : Adding type registration char -> org.hibernate.type.BasicTypeReference@56e5c8fb
2024-05-07T19:46:25.830+09:00 DEBUG 23144 --- [reservation] [    Test worker] org.hibernate.type.BasicTypeRegistry     : Adding type registration java.lang.Character -> org.hibernate.type.BasicTypeReference@56e5c8fb
2024-05-07T19:46:25.830+09:00 DEBUG 23144 --- [reservation] [    Test worker] org.hibernate.type.BasicTypeRegistry     : Adding type registration character_nchar -> org.hibernate.type.BasicTypeReference@45cd8607
2024-05-07T19:46:25.830+09:00 DEBUG 23144 --- [reservation] [    Test worker] org.hibernate.type.BasicTypeRegistry     : Adding type registration string -> org.hibernate.type.BasicTypeReference@9e33a6a
2024-05-07T19:46:25.830+09:00 DEBUG 23144 --- [reservation] [    Test worker] org.hibernate.type.BasicTypeRegistry     : Adding type registration java.lang.String -> org.hibernate.type.BasicTypeReference@9e33a6a
2024-05-07T19:46:25.831+09:00 DEBUG 23144 --- [reservation] [    Test worker] org.hibernate.type.BasicTypeRegistry     : Adding type registration nstring -> org.hibernate.type.BasicTypeReference@c497a55
2024-05-07T19:46:25.831+09:00 DEBUG 23144 --- [reservation] [    Test worker] org.hibernate.type.BasicTypeRegistry     : Adding type registration characters -> org.hibernate.type.BasicTypeReference@7493d937
2024-05-07T19:46:25.831+09:00 DEBUG 23144 --- [reservation] [    Test worker] org.hibernate.type.BasicTypeRegistry     : Adding type registration char[] -> org.hibernate.type.BasicTypeReference@7493d937
2024-05-07T19:46:25.831+09:00 DEBUG 23144 --- [reservation] [    Test worker] org.hibernate.type.BasicTypeRegistry     : Adding type registration [C -> org.hibernate.type.BasicTypeReference@7493d937
2024-05-07T19:46:25.831+09:00 DEBUG 23144 --- [reservation] [    Test worker] org.hibernate.type.BasicTypeRegistry     : Adding type registration wrapper-characters -> org.hibernate.type.BasicTypeReference@5dc7841c
2024-05-07T19:46:25.831+09:00 DEBUG 23144 --- [reservation] [    Test worker] org.hibernate.type.BasicTypeRegistry     : Adding type registration text -> org.hibernate.type.BasicTypeReference@4d67d5a4
2024-05-07T19:46:25.831+09:00 DEBUG 23144 --- [reservation] [    Test worker] org.hibernate.type.BasicTypeRegistry     : Adding type registration ntext -> org.hibernate.type.BasicTypeReference@a3b858f
2024-05-07T19:46:25.831+09:00 DEBUG 23144 --- [reservation] [    Test worker] org.hibernate.type.BasicTypeRegistry     : Adding type registration clob -> org.hibernate.type.BasicTypeReference@600bbf9e
2024-05-07T19:46:25.832+09:00 DEBUG 23144 --- [reservation] [    Test worker] org.hibernate.type.BasicTypeRegistry     : Adding type registration java.sql.Clob -> org.hibernate.type.BasicTypeReference@600bbf9e
2024-05-07T19:46:25.832+09:00 DEBUG 23144 --- [reservation] [    Test worker] org.hibernate.type.BasicTypeRegistry     : Adding type registration nclob -> org.hibernate.type.BasicTypeReference@18d30e7
2024-05-07T19:46:25.832+09:00 DEBUG 23144 --- [reservation] [    Test worker] org.hibernate.type.BasicTypeRegistry     : Adding type registration java.sql.NClob -> org.hibernate.type.BasicTypeReference@18d30e7
2024-05-07T19:46:25.832+09:00 DEBUG 23144 --- [reservation] [    Test worker] org.hibernate.type.BasicTypeRegistry     : Adding type registration materialized_clob -> org.hibernate.type.BasicTypeReference@72b40f87
2024-05-07T19:46:25.832+09:00 DEBUG 23144 --- [reservation] [    Test worker] org.hibernate.type.BasicTypeRegistry     : Adding type registration materialized_clob_char_array -> org.hibernate.type.BasicTypeReference@2475fba3
2024-05-07T19:46:25.832+09:00 DEBUG 23144 --- [reservation] [    Test worker] org.hibernate.type.BasicTypeRegistry     : Adding type registration materialized_clob_character_array -> org.hibernate.type.BasicTypeReference@19bf47fc
2024-05-07T19:46:25.832+09:00 DEBUG 23144 --- [reservation] [    Test worker] org.hibernate.type.BasicTypeRegistry     : Adding type registration materialized_nclob -> org.hibernate.type.BasicTypeReference@71dd4624
2024-05-07T19:46:25.833+09:00 DEBUG 23144 --- [reservation] [    Test worker] org.hibernate.type.BasicTypeRegistry     : Adding type registration materialized_nclob_character_array -> org.hibernate.type.BasicTypeReference@2347b7af
2024-05-07T19:46:25.833+09:00 DEBUG 23144 --- [reservation] [    Test worker] org.hibernate.type.BasicTypeRegistry     : Adding type registration materialized_nclob_char_array -> org.hibernate.type.BasicTypeReference@2864f887
2024-05-07T19:46:25.836+09:00 DEBUG 23144 --- [reservation] [    Test worker] org.hibernate.type.BasicTypeRegistry     : Adding type registration Duration -> org.hibernate.type.BasicTypeReference@4b07cad0
2024-05-07T19:46:25.836+09:00 DEBUG 23144 --- [reservation] [    Test worker] org.hibernate.type.BasicTypeRegistry     : Adding type registration java.time.Duration -> org.hibernate.type.BasicTypeReference@4b07cad0
2024-05-07T19:46:25.836+09:00 DEBUG 23144 --- [reservation] [    Test worker] org.hibernate.type.BasicTypeRegistry     : Adding type registration LocalDateTime -> org.hibernate.type.BasicTypeReference@507049f2
2024-05-07T19:46:25.836+09:00 DEBUG 23144 --- [reservation] [    Test worker] org.hibernate.type.BasicTypeRegistry     : Adding type registration java.time.LocalDateTime -> org.hibernate.type.BasicTypeReference@507049f2
2024-05-07T19:46:25.837+09:00 DEBUG 23144 --- [reservation] [    Test worker] org.hibernate.type.BasicTypeRegistry     : Adding type registration LocalDate -> org.hibernate.type.BasicTypeReference@4e94669c
2024-05-07T19:46:25.837+09:00 DEBUG 23144 --- [reservation] [    Test worker] org.hibernate.type.BasicTypeRegistry     : Adding type registration java.time.LocalDate -> org.hibernate.type.BasicTypeReference@4e94669c
2024-05-07T19:46:25.837+09:00 DEBUG 23144 --- [reservation] [    Test worker] org.hibernate.type.BasicTypeRegistry     : Adding type registration LocalTime -> org.hibernate.type.BasicTypeReference@41bb1f09
2024-05-07T19:46:25.837+09:00 DEBUG 23144 --- [reservation] [    Test worker] org.hibernate.type.BasicTypeRegistry     : Adding type registration java.time.LocalTime -> org.hibernate.type.BasicTypeReference@41bb1f09
2024-05-07T19:46:25.837+09:00 DEBUG 23144 --- [reservation] [    Test worker] org.hibernate.type.BasicTypeRegistry     : Adding type registration OffsetDateTime -> org.hibernate.type.BasicTypeReference@349f0ca4
2024-05-07T19:46:25.837+09:00 DEBUG 23144 --- [reservation] [    Test worker] org.hibernate.type.BasicTypeRegistry     : Adding type registration java.time.OffsetDateTime -> org.hibernate.type.BasicTypeReference@349f0ca4
2024-05-07T19:46:25.837+09:00 DEBUG 23144 --- [reservation] [    Test worker] org.hibernate.type.BasicTypeRegistry     : Adding type registration OffsetDateTimeWithTimezone -> org.hibernate.type.BasicTypeReference@66f2ec1c
2024-05-07T19:46:25.837+09:00 DEBUG 23144 --- [reservation] [    Test worker] org.hibernate.type.BasicTypeRegistry     : Adding type registration OffsetDateTimeWithoutTimezone -> org.hibernate.type.BasicTypeReference@b3fc6d8
2024-05-07T19:46:25.837+09:00 DEBUG 23144 --- [reservation] [    Test worker] org.hibernate.type.BasicTypeRegistry     : Adding type registration OffsetTime -> org.hibernate.type.BasicTypeReference@12e5d3e1
2024-05-07T19:46:25.838+09:00 DEBUG 23144 --- [reservation] [    Test worker] org.hibernate.type.BasicTypeRegistry     : Adding type registration java.time.OffsetTime -> org.hibernate.type.BasicTypeReference@12e5d3e1
2024-05-07T19:46:25.838+09:00 DEBUG 23144 --- [reservation] [    Test worker] org.hibernate.type.BasicTypeRegistry     : Adding type registration OffsetTimeUtc -> org.hibernate.type.BasicTypeReference@5ed31735
2024-05-07T19:46:25.838+09:00 DEBUG 23144 --- [reservation] [    Test worker] org.hibernate.type.BasicTypeRegistry     : Adding type registration OffsetTimeWithTimezone -> org.hibernate.type.BasicTypeReference@2fb082ff
2024-05-07T19:46:25.838+09:00 DEBUG 23144 --- [reservation] [    Test worker] org.hibernate.type.BasicTypeRegistry     : Adding type registration OffsetTimeWithoutTimezone -> org.hibernate.type.BasicTypeReference@5a4c98d7
2024-05-07T19:46:25.838+09:00 DEBUG 23144 --- [reservation] [    Test worker] org.hibernate.type.BasicTypeRegistry     : Adding type registration ZonedDateTime -> org.hibernate.type.BasicTypeReference@668a32a4
2024-05-07T19:46:25.838+09:00 DEBUG 23144 --- [reservation] [    Test worker] org.hibernate.type.BasicTypeRegistry     : Adding type registration java.time.ZonedDateTime -> org.hibernate.type.BasicTypeReference@668a32a4
2024-05-07T19:46:25.838+09:00 DEBUG 23144 --- [reservation] [    Test worker] org.hibernate.type.BasicTypeRegistry     : Adding type registration ZonedDateTimeWithTimezone -> org.hibernate.type.BasicTypeReference@2026fbff
2024-05-07T19:46:25.839+09:00 DEBUG 23144 --- [reservation] [    Test worker] org.hibernate.type.BasicTypeRegistry     : Adding type registration ZonedDateTimeWithoutTimezone -> org.hibernate.type.BasicTypeReference@baa227e
2024-05-07T19:46:25.839+09:00 DEBUG 23144 --- [reservation] [    Test worker] org.hibernate.type.BasicTypeRegistry     : Adding type registration date -> org.hibernate.type.BasicTypeReference@351e89fc
2024-05-07T19:46:25.839+09:00 DEBUG 23144 --- [reservation] [    Test worker] org.hibernate.type.BasicTypeRegistry     : Adding type registration java.sql.Date -> org.hibernate.type.BasicTypeReference@351e89fc
2024-05-07T19:46:25.839+09:00 DEBUG 23144 --- [reservation] [    Test worker] org.hibernate.type.BasicTypeRegistry     : Adding type registration time -> org.hibernate.type.BasicTypeReference@2b682e9
2024-05-07T19:46:25.839+09:00 DEBUG 23144 --- [reservation] [    Test worker] org.hibernate.type.BasicTypeRegistry     : Adding type registration java.sql.Time -> org.hibernate.type.BasicTypeReference@2b682e9
2024-05-07T19:46:25.839+09:00 DEBUG 23144 --- [reservation] [    Test worker] org.hibernate.type.BasicTypeRegistry     : Adding type registration timestamp -> org.hibernate.type.BasicTypeReference@15586843
2024-05-07T19:46:25.839+09:00 DEBUG 23144 --- [reservation] [    Test worker] org.hibernate.type.BasicTypeRegistry     : Adding type registration java.sql.Timestamp -> org.hibernate.type.BasicTypeReference@15586843
2024-05-07T19:46:25.840+09:00 DEBUG 23144 --- [reservation] [    Test worker] org.hibernate.type.BasicTypeRegistry     : Adding type registration java.util.Date -> org.hibernate.type.BasicTypeReference@15586843
2024-05-07T19:46:25.840+09:00 DEBUG 23144 --- [reservation] [    Test worker] org.hibernate.type.BasicTypeRegistry     : Adding type registration calendar -> org.hibernate.type.BasicTypeReference@4fbb1144
2024-05-07T19:46:25.840+09:00 DEBUG 23144 --- [reservation] [    Test worker] org.hibernate.type.BasicTypeRegistry     : Adding type registration java.util.Calendar -> org.hibernate.type.BasicTypeReference@4fbb1144
2024-05-07T19:46:25.840+09:00 DEBUG 23144 --- [reservation] [    Test worker] org.hibernate.type.BasicTypeRegistry     : Adding type registration java.util.GregorianCalendar -> org.hibernate.type.BasicTypeReference@4fbb1144
2024-05-07T19:46:25.840+09:00 DEBUG 23144 --- [reservation] [    Test worker] org.hibernate.type.BasicTypeRegistry     : Adding type registration calendar_date -> org.hibernate.type.BasicTypeReference@e2b3026
2024-05-07T19:46:25.840+09:00 DEBUG 23144 --- [reservation] [    Test worker] org.hibernate.type.BasicTypeRegistry     : Adding type registration calendar_time -> org.hibernate.type.BasicTypeReference@38bc5ac0
2024-05-07T19:46:25.840+09:00 DEBUG 23144 --- [reservation] [    Test worker] org.hibernate.type.BasicTypeRegistry     : Adding type registration instant -> org.hibernate.type.BasicTypeReference@6ef037e4
2024-05-07T19:46:25.840+09:00 DEBUG 23144 --- [reservation] [    Test worker] org.hibernate.type.BasicTypeRegistry     : Adding type registration java.time.Instant -> org.hibernate.type.BasicTypeReference@6ef037e4
2024-05-07T19:46:25.840+09:00 DEBUG 23144 --- [reservation] [    Test worker] org.hibernate.type.BasicTypeRegistry     : Adding type registration uuid -> org.hibernate.type.BasicTypeReference@79d63a4f
2024-05-07T19:46:25.840+09:00 DEBUG 23144 --- [reservation] [    Test worker] org.hibernate.type.BasicTypeRegistry     : Adding type registration java.util.UUID -> org.hibernate.type.BasicTypeReference@79d63a4f
2024-05-07T19:46:25.840+09:00 DEBUG 23144 --- [reservation] [    Test worker] org.hibernate.type.BasicTypeRegistry     : Adding type registration pg-uuid -> org.hibernate.type.BasicTypeReference@79d63a4f
2024-05-07T19:46:25.841+09:00 DEBUG 23144 --- [reservation] [    Test worker] org.hibernate.type.BasicTypeRegistry     : Adding type registration uuid-binary -> org.hibernate.type.BasicTypeReference@2e2b9f53
2024-05-07T19:46:25.841+09:00 DEBUG 23144 --- [reservation] [    Test worker] org.hibernate.type.BasicTypeRegistry     : Adding type registration uuid-char -> org.hibernate.type.BasicTypeReference@749baa0c
2024-05-07T19:46:25.841+09:00 DEBUG 23144 --- [reservation] [    Test worker] org.hibernate.type.BasicTypeRegistry     : Adding type registration class -> org.hibernate.type.BasicTypeReference@1b3bec6c
2024-05-07T19:46:25.841+09:00 DEBUG 23144 --- [reservation] [    Test worker] org.hibernate.type.BasicTypeRegistry     : Adding type registration java.lang.Class -> org.hibernate.type.BasicTypeReference@1b3bec6c
2024-05-07T19:46:25.841+09:00 DEBUG 23144 --- [reservation] [    Test worker] org.hibernate.type.BasicTypeRegistry     : Adding type registration currency -> org.hibernate.type.BasicTypeReference@53f7a906
2024-05-07T19:46:25.841+09:00 DEBUG 23144 --- [reservation] [    Test worker] org.hibernate.type.BasicTypeRegistry     : Adding type registration Currency -> org.hibernate.type.BasicTypeReference@53f7a906
2024-05-07T19:46:25.841+09:00 DEBUG 23144 --- [reservation] [    Test worker] org.hibernate.type.BasicTypeRegistry     : Adding type registration java.util.Currency -> org.hibernate.type.BasicTypeReference@53f7a906
2024-05-07T19:46:25.841+09:00 DEBUG 23144 --- [reservation] [    Test worker] org.hibernate.type.BasicTypeRegistry     : Adding type registration locale -> org.hibernate.type.BasicTypeReference@2154652c
2024-05-07T19:46:25.841+09:00 DEBUG 23144 --- [reservation] [    Test worker] org.hibernate.type.BasicTypeRegistry     : Adding type registration java.util.Locale -> org.hibernate.type.BasicTypeReference@2154652c
2024-05-07T19:46:25.842+09:00 DEBUG 23144 --- [reservation] [    Test worker] org.hibernate.type.BasicTypeRegistry     : Adding type registration serializable -> org.hibernate.type.BasicTypeReference@8b670c0
2024-05-07T19:46:25.842+09:00 DEBUG 23144 --- [reservation] [    Test worker] org.hibernate.type.BasicTypeRegistry     : Adding type registration java.io.Serializable -> org.hibernate.type.BasicTypeReference@8b670c0
2024-05-07T19:46:25.842+09:00 DEBUG 23144 --- [reservation] [    Test worker] org.hibernate.type.BasicTypeRegistry     : Adding type registration timezone -> org.hibernate.type.BasicTypeReference@4c2ab536
2024-05-07T19:46:25.842+09:00 DEBUG 23144 --- [reservation] [    Test worker] org.hibernate.type.BasicTypeRegistry     : Adding type registration java.util.TimeZone -> org.hibernate.type.BasicTypeReference@4c2ab536
2024-05-07T19:46:25.842+09:00 DEBUG 23144 --- [reservation] [    Test worker] org.hibernate.type.BasicTypeRegistry     : Adding type registration ZoneOffset -> org.hibernate.type.BasicTypeReference@22fb9a2c
2024-05-07T19:46:25.842+09:00 DEBUG 23144 --- [reservation] [    Test worker] org.hibernate.type.BasicTypeRegistry     : Adding type registration java.time.ZoneOffset -> org.hibernate.type.BasicTypeReference@22fb9a2c
2024-05-07T19:46:25.842+09:00 DEBUG 23144 --- [reservation] [    Test worker] org.hibernate.type.BasicTypeRegistry     : Adding type registration url -> org.hibernate.type.BasicTypeReference@2084e65a
2024-05-07T19:46:25.843+09:00 DEBUG 23144 --- [reservation] [    Test worker] org.hibernate.type.BasicTypeRegistry     : Adding type registration java.net.URL -> org.hibernate.type.BasicTypeReference@2084e65a
2024-05-07T19:46:25.843+09:00 DEBUG 23144 --- [reservation] [    Test worker] org.hibernate.type.BasicTypeRegistry     : Adding type registration vector -> org.hibernate.type.BasicTypeReference@1b8fa2fa
2024-05-07T19:46:25.843+09:00 DEBUG 23144 --- [reservation] [    Test worker] org.hibernate.type.BasicTypeRegistry     : Adding type registration row_version -> org.hibernate.type.BasicTypeReference@21527b8
2024-05-07T19:46:25.849+09:00 DEBUG 23144 --- [reservation] [    Test worker] org.hibernate.type.BasicTypeRegistry     : Adding type registration object -> org.hibernate.type.JavaObjectType@4522d793
2024-05-07T19:46:25.850+09:00 DEBUG 23144 --- [reservation] [    Test worker] org.hibernate.type.BasicTypeRegistry     : Adding type registration java.lang.Object -> org.hibernate.type.JavaObjectType@4522d793
2024-05-07T19:46:25.851+09:00 DEBUG 23144 --- [reservation] [    Test worker] org.hibernate.type.BasicTypeRegistry     : Adding type registration null -> org.hibernate.type.NullType@738a815c
2024-05-07T19:46:25.851+09:00 DEBUG 23144 --- [reservation] [    Test worker] org.hibernate.type.BasicTypeRegistry     : Adding type registration imm_date -> org.hibernate.type.BasicTypeReference@2565a7d0
2024-05-07T19:46:25.851+09:00 DEBUG 23144 --- [reservation] [    Test worker] org.hibernate.type.BasicTypeRegistry     : Adding type registration imm_time -> org.hibernate.type.BasicTypeReference@4fd7b79
2024-05-07T19:46:25.851+09:00 DEBUG 23144 --- [reservation] [    Test worker] org.hibernate.type.BasicTypeRegistry     : Adding type registration imm_timestamp -> org.hibernate.type.BasicTypeReference@5103eea2
2024-05-07T19:46:25.851+09:00 DEBUG 23144 --- [reservation] [    Test worker] org.hibernate.type.BasicTypeRegistry     : Adding type registration imm_calendar -> org.hibernate.type.BasicTypeReference@762405bf
2024-05-07T19:46:25.852+09:00 DEBUG 23144 --- [reservation] [    Test worker] org.hibernate.type.BasicTypeRegistry     : Adding type registration imm_calendar_date -> org.hibernate.type.BasicTypeReference@7e77678c
2024-05-07T19:46:25.852+09:00 DEBUG 23144 --- [reservation] [    Test worker] org.hibernate.type.BasicTypeRegistry     : Adding type registration imm_calendar_time -> org.hibernate.type.BasicTypeReference@113eed88
2024-05-07T19:46:25.852+09:00 DEBUG 23144 --- [reservation] [    Test worker] org.hibernate.type.BasicTypeRegistry     : Adding type registration imm_binary -> org.hibernate.type.BasicTypeReference@5f0677f3
2024-05-07T19:46:25.852+09:00 DEBUG 23144 --- [reservation] [    Test worker] org.hibernate.type.BasicTypeRegistry     : Adding type registration imm_serializable -> org.hibernate.type.BasicTypeReference@9d99851
2024-05-07T19:46:26.060+09:00  INFO 23144 --- [reservation] [    Test worker] o.s.o.j.p.SpringPersistenceUnitInfo      : No LoadTimeWeaver setup: ignoring JPA class transformer
2024-05-07T19:46:26.102+09:00  INFO 23144 --- [reservation] [    Test worker] com.zaxxer.hikari.HikariDataSource       : HikariPool-1 - Starting...
2024-05-07T19:46:26.307+09:00  INFO 23144 --- [reservation] [    Test worker] com.zaxxer.hikari.pool.HikariPool        : HikariPool-1 - Added connection conn0: url=jdbc:h2:mem:testdb user=SA
2024-05-07T19:46:26.309+09:00  INFO 23144 --- [reservation] [    Test worker] com.zaxxer.hikari.HikariDataSource       : HikariPool-1 - Start completed.
2024-05-07T19:46:26.341+09:00  WARN 23144 --- [reservation] [    Test worker] org.hibernate.orm.deprecation            : HHH90000025: H2Dialect does not need to be specified explicitly using 'hibernate.dialect' (remove the property setting and it will be selected by default)
2024-05-07T19:46:26.375+09:00 DEBUG 23144 --- [reservation] [    Test worker] o.h.t.d.jdbc.spi.JdbcTypeRegistry        : addDescriptor(NCharTypeDescriptor) replaced previous registration(CharTypeDescriptor)
2024-05-07T19:46:26.375+09:00 DEBUG 23144 --- [reservation] [    Test worker] o.h.t.d.jdbc.spi.JdbcTypeRegistry        : addDescriptor(NVarcharTypeDescriptor) replaced previous registration(VarcharTypeDescriptor)
2024-05-07T19:46:26.375+09:00 DEBUG 23144 --- [reservation] [    Test worker] o.h.t.d.jdbc.spi.JdbcTypeRegistry        : addDescriptor(LongNVarcharTypeDescriptor) replaced previous registration(LongVarcharTypeDescriptor)
2024-05-07T19:46:26.378+09:00 DEBUG 23144 --- [reservation] [    Test worker] o.h.t.d.jdbc.spi.JdbcTypeRegistry        : addDescriptor(NClobTypeDescriptor(DEFAULT)) replaced previous registration(ClobTypeDescriptor(DEFAULT))
2024-05-07T19:46:26.378+09:00 DEBUG 23144 --- [reservation] [    Test worker] o.h.t.d.jdbc.spi.JdbcTypeRegistry        : addDescriptor(2005, ClobTypeDescriptor(STREAM_BINDING)) replaced previous registration(ClobTypeDescriptor(DEFAULT))
2024-05-07T19:46:26.380+09:00 DEBUG 23144 --- [reservation] [    Test worker] o.h.t.d.jdbc.spi.JdbcTypeRegistry        : addDescriptor(TimestampUtcDescriptor) replaced previous registration(TimestampUtcDescriptor)
2024-05-07T19:46:26.386+09:00 DEBUG 23144 --- [reservation] [    Test worker] org.hibernate.type.BasicTypeRegistry     : Adding type registration org.hibernate.type.DurationType -> basicType@1(java.time.Duration,3015)
2024-05-07T19:46:26.386+09:00 DEBUG 23144 --- [reservation] [    Test worker] org.hibernate.type.BasicTypeRegistry     : Adding type registration Duration -> basicType@1(java.time.Duration,3015)
2024-05-07T19:46:26.386+09:00 DEBUG 23144 --- [reservation] [    Test worker] org.hibernate.type.BasicTypeRegistry     : Adding type registration java.time.Duration -> basicType@1(java.time.Duration,3015)
2024-05-07T19:46:26.390+09:00 DEBUG 23144 --- [reservation] [    Test worker] o.h.type.spi.TypeConfiguration$Scope     : Scoping TypeConfiguration [org.hibernate.type.spi.TypeConfiguration@33eab2e8] to MetadataBuildingContext [org.hibernate.boot.internal.MetadataBuildingContextRootImpl@34bf66af]
2024-05-07T19:46:27.347+09:00  INFO 23144 --- [reservation] [    Test worker] o.h.e.t.j.p.i.JtaPlatformInitiator       : HHH000489: No JTA platform available (set 'hibernate.transaction.jta.platform' to enable JTA platform integration)
2024-05-07T19:46:27.348+09:00 DEBUG 23144 --- [reservation] [    Test worker] o.h.type.spi.TypeConfiguration$Scope     : Scoping TypeConfiguration [org.hibernate.type.spi.TypeConfiguration@33eab2e8] to SessionFactoryImplementor [org.hibernate.internal.SessionFactoryImpl@47e70f54]
2024-05-07T19:46:27.365+09:00 DEBUG 23144 --- [reservation] [    Test worker] org.hibernate.SQL                        : 
    drop table if exists users cascade 
Hibernate: 
    drop table if exists users cascade 
2024-05-07T19:46:27.375+09:00 DEBUG 23144 --- [reservation] [    Test worker] org.hibernate.SQL                        : 
    create table users (
        expired_at timestamp(6),
        id bigint generated by default as identity,
        nickname varchar(50),
        username varchar(50) unique,
        password varchar(100),
        refresh_token varchar(1000),
        authority varchar(255) check (authority in ('USER','ADMIN')),
        primary key (id)
    )
Hibernate: 
    create table users (
        expired_at timestamp(6),
        id bigint generated by default as identity,
        nickname varchar(50),
        username varchar(50) unique,
        password varchar(100),
        refresh_token varchar(1000),
        authority varchar(255) check (authority in ('USER','ADMIN')),
        primary key (id)
    )
2024-05-07T19:46:27.390+09:00 TRACE 23144 --- [reservation] [    Test worker] o.h.type.spi.TypeConfiguration$Scope     : Handling #sessionFactoryCreated from [org.hibernate.internal.SessionFactoryImpl@47e70f54] for TypeConfiguration
2024-05-07T19:46:27.391+09:00  INFO 23144 --- [reservation] [    Test worker] j.LocalContainerEntityManagerFactoryBean : Initialized JPA EntityManagerFactory for persistence unit 'default'
2024-05-07T19:46:28.209+09:00  WARN 23144 --- [reservation] [    Test worker] JpaBaseConfiguration$JpaWebConfiguration : spring.jpa.open-in-view is enabled by default. Therefore, database queries may be performed during view rendering. Explicitly configure spring.jpa.open-in-view to disable this warning
2024-05-07T19:46:29.550+09:00  INFO 23144 --- [reservation] [    Test worker] o.s.s.web.DefaultSecurityFilterChain     : Will secure any request with [org.springframework.security.web.session.DisableEncodeUrlFilter@6edc8385, org.springframework.security.web.context.request.async.WebAsyncManagerIntegrationFilter@5a35efac, org.springframework.security.web.context.SecurityContextHolderFilter@668ea404, org.springframework.security.web.header.HeaderWriterFilter@593db293, org.springframework.web.filter.CorsFilter@70d24586, com.portfolio.reservation.filter.JwtAuthenticationProcessingFilter@7c74ef4a, org.springframework.security.web.authentication.logout.LogoutFilter@498cf1dc, com.portfolio.reservation.filter.JsonUsernamePasswordAuthenticationFilter@5b5f06bb, org.springframework.security.web.savedrequest.RequestCacheAwareFilter@62109320, org.springframework.security.web.servletapi.SecurityContextHolderAwareRequestFilter@34d644b5, org.springframework.security.web.authentication.AnonymousAuthenticationFilter@58e9e852, org.springframework.security.web.session.SessionManagementFilter@602d5417, org.springframework.security.web.access.ExceptionTranslationFilter@20425fab, org.springframework.security.web.access.intercept.AuthorizationFilter@6abbdcde]
2024-05-07T19:46:30.193+09:00  INFO 23144 --- [reservation] [    Test worker] c.p.reservation.service.UserServiceTest  : Started UserServiceTest in 6.638 seconds (process running for 7.912)
2024-05-07T19:46:30.967+09:00 DEBUG 23144 --- [reservation] [    Test worker] org.hibernate.SQL                        : 
    select
        u1_0.id,
        u1_0.authority,
        u1_0.expired_at,
        u1_0.nickname,
        u1_0.password,
        u1_0.refresh_token,
        u1_0.username 
    from
        users u1_0 
    where
        u1_0.username=?
Hibernate: 
    select
        u1_0.id,
        u1_0.authority,
        u1_0.expired_at,
        u1_0.nickname,
        u1_0.password,
        u1_0.refresh_token,
        u1_0.username 
    from
        users u1_0 
    where
        u1_0.username=?
2024-05-07T19:46:31.027+09:00 DEBUG 23144 --- [reservation] [    Test worker] org.hibernate.SQL                        : 
    insert 
    into
        users
        (authority, expired_at, nickname, password, refresh_token, username, id) 
    values
        (?, ?, ?, ?, ?, ?, default)
Hibernate: 
    insert 
    into
        users
        (authority, expired_at, nickname, password, refresh_token, username, id) 
    values
        (?, ?, ?, ?, ?, ?, default)
2024-05-07T19:46:31.047+09:00 DEBUG 23144 --- [reservation] [    Test worker] org.hibernate.SQL                        : 
    select
        u1_0.id,
        u1_0.authority,
        u1_0.expired_at,
        u1_0.nickname,
        u1_0.password,
        u1_0.refresh_token,
        u1_0.username 
    from
        users u1_0 
    order by
        u1_0.id 
    fetch
        first ? rows only
Hibernate: 
    select
        u1_0.id,
        u1_0.authority,
        u1_0.expired_at,
        u1_0.nickname,
        u1_0.password,
        u1_0.refresh_token,
        u1_0.username 
    from
        users u1_0 
    order by
        u1_0.id 
    fetch
        first ? rows only
]]></system-out>
  <system-err><![CDATA[]]></system-err>
</testsuite>
