<?xml version="1.0" encoding="UTF-8"?>
<testsuite name="com.portfolio.reservation.service.store.storeServiceTest" tests="1" skipped="0" failures="0" errors="0" timestamp="2024-05-22T11:36:17" hostname="DESKTOP-A553VVH" time="1.466">
  <properties/>
  <testcase name="getStore_테스트()" classname="com.portfolio.reservation.service.store.storeServiceTest" time="1.466"/>
  <system-out><![CDATA[20:36:09.444 [Test worker] INFO org.springframework.test.context.support.AnnotationConfigContextLoaderUtils -- Could not detect default configuration classes for test class [com.portfolio.reservation.service.store.storeServiceTest]: storeServiceTest does not declare any static, non-private, non-final, nested classes annotated with @Configuration.
20:36:09.597 [Test worker] INFO org.springframework.boot.test.context.SpringBootTestContextBootstrapper -- Found @SpringBootConfiguration com.portfolio.reservation.ReservationApplication for test class com.portfolio.reservation.service.store.storeServiceTest

  .   ____          _            __ _ _
 /\\ / ___'_ __ _ _(_)_ __  __ _ \ \ \ \
( ( )\___ | '_ | '_| | '_ \/ _` | \ \ \ \
 \\/  ___)| |_)| | | | | || (_| |  ) ) ) )
  '  |____| .__|_| |_|_| |_\__, | / / / /
 =========|_|==============|___/=/_/_/_/
 :: Spring Boot ::                (v3.2.4)

2024-05-22T20:36:10.042+09:00  INFO 9100 --- [reservation] [    Test worker] c.p.r.service.store.storeServiceTest     : Starting storeServiceTest using Java 17.0.10 with PID 9100 (started by ASUS in C:\portfolio\reservation_portfolio_remote\reservation\reservation)
2024-05-22T20:36:10.044+09:00  INFO 9100 --- [reservation] [    Test worker] c.p.r.service.store.storeServiceTest     : No active profile set, falling back to 1 default profile: "default"
2024-05-22T20:36:11.354+09:00  INFO 9100 --- [reservation] [    Test worker] .s.d.r.c.RepositoryConfigurationDelegate : Bootstrapping Spring Data JPA repositories in DEFAULT mode.
2024-05-22T20:36:11.441+09:00  INFO 9100 --- [reservation] [    Test worker] .s.d.r.c.RepositoryConfigurationDelegate : Finished Spring Data repository scanning in 77 ms. Found 2 JPA repository interfaces.
2024-05-22T20:36:11.623+09:00  WARN 9100 --- [reservation] [    Test worker] o.m.s.mapper.ClassPathMapperScanner      : No MyBatis mapper was found in '[com.portfolio.reservation]' package. Please check your configuration.
2024-05-22T20:36:12.227+09:00  INFO 9100 --- [reservation] [    Test worker] o.hibernate.jpa.internal.util.LogHelper  : HHH000204: Processing PersistenceUnitInfo [name: default]
2024-05-22T20:36:12.322+09:00  INFO 9100 --- [reservation] [    Test worker] org.hibernate.Version                    : HHH000412: Hibernate ORM core version 6.4.4.Final
2024-05-22T20:36:12.370+09:00  INFO 9100 --- [reservation] [    Test worker] o.h.c.internal.RegionFactoryInitiator    : HHH000026: Second-level cache disabled
2024-05-22T20:36:12.540+09:00 DEBUG 9100 --- [reservation] [    Test worker] org.hibernate.type.BasicTypeRegistry     : Adding type registration boolean -> org.hibernate.type.BasicTypeReference@376af784
2024-05-22T20:36:12.540+09:00 DEBUG 9100 --- [reservation] [    Test worker] org.hibernate.type.BasicTypeRegistry     : Adding type registration boolean -> org.hibernate.type.BasicTypeReference@376af784
2024-05-22T20:36:12.540+09:00 DEBUG 9100 --- [reservation] [    Test worker] org.hibernate.type.BasicTypeRegistry     : Adding type registration java.lang.Boolean -> org.hibernate.type.BasicTypeReference@376af784
2024-05-22T20:36:12.540+09:00 DEBUG 9100 --- [reservation] [    Test worker] org.hibernate.type.BasicTypeRegistry     : Adding type registration numeric_boolean -> org.hibernate.type.BasicTypeReference@a9a8ec3
2024-05-22T20:36:12.541+09:00 DEBUG 9100 --- [reservation] [    Test worker] org.hibernate.type.BasicTypeRegistry     : Adding type registration org.hibernate.type.NumericBooleanConverter -> org.hibernate.type.BasicTypeReference@a9a8ec3
2024-05-22T20:36:12.541+09:00 DEBUG 9100 --- [reservation] [    Test worker] org.hibernate.type.BasicTypeRegistry     : Adding type registration true_false -> org.hibernate.type.BasicTypeReference@6d0114c0
2024-05-22T20:36:12.541+09:00 DEBUG 9100 --- [reservation] [    Test worker] org.hibernate.type.BasicTypeRegistry     : Adding type registration org.hibernate.type.TrueFalseConverter -> org.hibernate.type.BasicTypeReference@6d0114c0
2024-05-22T20:36:12.541+09:00 DEBUG 9100 --- [reservation] [    Test worker] org.hibernate.type.BasicTypeRegistry     : Adding type registration yes_no -> org.hibernate.type.BasicTypeReference@40016ce1
2024-05-22T20:36:12.541+09:00 DEBUG 9100 --- [reservation] [    Test worker] org.hibernate.type.BasicTypeRegistry     : Adding type registration org.hibernate.type.YesNoConverter -> org.hibernate.type.BasicTypeReference@40016ce1
2024-05-22T20:36:12.541+09:00 DEBUG 9100 --- [reservation] [    Test worker] org.hibernate.type.BasicTypeRegistry     : Adding type registration byte -> org.hibernate.type.BasicTypeReference@203765b2
2024-05-22T20:36:12.541+09:00 DEBUG 9100 --- [reservation] [    Test worker] org.hibernate.type.BasicTypeRegistry     : Adding type registration byte -> org.hibernate.type.BasicTypeReference@203765b2
2024-05-22T20:36:12.541+09:00 DEBUG 9100 --- [reservation] [    Test worker] org.hibernate.type.BasicTypeRegistry     : Adding type registration java.lang.Byte -> org.hibernate.type.BasicTypeReference@203765b2
2024-05-22T20:36:12.542+09:00 DEBUG 9100 --- [reservation] [    Test worker] org.hibernate.type.BasicTypeRegistry     : Adding type registration binary -> org.hibernate.type.BasicTypeReference@7e050be1
2024-05-22T20:36:12.542+09:00 DEBUG 9100 --- [reservation] [    Test worker] org.hibernate.type.BasicTypeRegistry     : Adding type registration byte[] -> org.hibernate.type.BasicTypeReference@7e050be1
2024-05-22T20:36:12.542+09:00 DEBUG 9100 --- [reservation] [    Test worker] org.hibernate.type.BasicTypeRegistry     : Adding type registration [B -> org.hibernate.type.BasicTypeReference@7e050be1
2024-05-22T20:36:12.543+09:00 DEBUG 9100 --- [reservation] [    Test worker] org.hibernate.type.BasicTypeRegistry     : Adding type registration binary_wrapper -> org.hibernate.type.BasicTypeReference@4b6b5352
2024-05-22T20:36:12.543+09:00 DEBUG 9100 --- [reservation] [    Test worker] org.hibernate.type.BasicTypeRegistry     : Adding type registration wrapper-binary -> org.hibernate.type.BasicTypeReference@4b6b5352
2024-05-22T20:36:12.543+09:00 DEBUG 9100 --- [reservation] [    Test worker] org.hibernate.type.BasicTypeRegistry     : Adding type registration image -> org.hibernate.type.BasicTypeReference@1d6713dd
2024-05-22T20:36:12.544+09:00 DEBUG 9100 --- [reservation] [    Test worker] org.hibernate.type.BasicTypeRegistry     : Adding type registration blob -> org.hibernate.type.BasicTypeReference@3b39e79b
2024-05-22T20:36:12.545+09:00 DEBUG 9100 --- [reservation] [    Test worker] org.hibernate.type.BasicTypeRegistry     : Adding type registration java.sql.Blob -> org.hibernate.type.BasicTypeReference@3b39e79b
2024-05-22T20:36:12.545+09:00 DEBUG 9100 --- [reservation] [    Test worker] org.hibernate.type.BasicTypeRegistry     : Adding type registration materialized_blob -> org.hibernate.type.BasicTypeReference@3ee6dc82
2024-05-22T20:36:12.545+09:00 DEBUG 9100 --- [reservation] [    Test worker] org.hibernate.type.BasicTypeRegistry     : Adding type registration materialized_blob_wrapper -> org.hibernate.type.BasicTypeReference@2f86f9cf
2024-05-22T20:36:12.545+09:00 DEBUG 9100 --- [reservation] [    Test worker] org.hibernate.type.BasicTypeRegistry     : Adding type registration short -> org.hibernate.type.BasicTypeReference@adafe19
2024-05-22T20:36:12.545+09:00 DEBUG 9100 --- [reservation] [    Test worker] org.hibernate.type.BasicTypeRegistry     : Adding type registration short -> org.hibernate.type.BasicTypeReference@adafe19
2024-05-22T20:36:12.545+09:00 DEBUG 9100 --- [reservation] [    Test worker] org.hibernate.type.BasicTypeRegistry     : Adding type registration java.lang.Short -> org.hibernate.type.BasicTypeReference@adafe19
2024-05-22T20:36:12.546+09:00 DEBUG 9100 --- [reservation] [    Test worker] org.hibernate.type.BasicTypeRegistry     : Adding type registration integer -> org.hibernate.type.BasicTypeReference@7e2bd5e6
2024-05-22T20:36:12.546+09:00 DEBUG 9100 --- [reservation] [    Test worker] org.hibernate.type.BasicTypeRegistry     : Adding type registration int -> org.hibernate.type.BasicTypeReference@7e2bd5e6
2024-05-22T20:36:12.546+09:00 DEBUG 9100 --- [reservation] [    Test worker] org.hibernate.type.BasicTypeRegistry     : Adding type registration java.lang.Integer -> org.hibernate.type.BasicTypeReference@7e2bd5e6
2024-05-22T20:36:12.546+09:00 DEBUG 9100 --- [reservation] [    Test worker] org.hibernate.type.BasicTypeRegistry     : Adding type registration long -> org.hibernate.type.BasicTypeReference@76a1146d
2024-05-22T20:36:12.546+09:00 DEBUG 9100 --- [reservation] [    Test worker] org.hibernate.type.BasicTypeRegistry     : Adding type registration long -> org.hibernate.type.BasicTypeReference@76a1146d
2024-05-22T20:36:12.546+09:00 DEBUG 9100 --- [reservation] [    Test worker] org.hibernate.type.BasicTypeRegistry     : Adding type registration java.lang.Long -> org.hibernate.type.BasicTypeReference@76a1146d
2024-05-22T20:36:12.547+09:00 DEBUG 9100 --- [reservation] [    Test worker] org.hibernate.type.BasicTypeRegistry     : Adding type registration float -> org.hibernate.type.BasicTypeReference@6ef1c3f7
2024-05-22T20:36:12.547+09:00 DEBUG 9100 --- [reservation] [    Test worker] org.hibernate.type.BasicTypeRegistry     : Adding type registration float -> org.hibernate.type.BasicTypeReference@6ef1c3f7
2024-05-22T20:36:12.547+09:00 DEBUG 9100 --- [reservation] [    Test worker] org.hibernate.type.BasicTypeRegistry     : Adding type registration java.lang.Float -> org.hibernate.type.BasicTypeReference@6ef1c3f7
2024-05-22T20:36:12.547+09:00 DEBUG 9100 --- [reservation] [    Test worker] org.hibernate.type.BasicTypeRegistry     : Adding type registration double -> org.hibernate.type.BasicTypeReference@3386c206
2024-05-22T20:36:12.547+09:00 DEBUG 9100 --- [reservation] [    Test worker] org.hibernate.type.BasicTypeRegistry     : Adding type registration double -> org.hibernate.type.BasicTypeReference@3386c206
2024-05-22T20:36:12.547+09:00 DEBUG 9100 --- [reservation] [    Test worker] org.hibernate.type.BasicTypeRegistry     : Adding type registration java.lang.Double -> org.hibernate.type.BasicTypeReference@3386c206
2024-05-22T20:36:12.548+09:00 DEBUG 9100 --- [reservation] [    Test worker] org.hibernate.type.BasicTypeRegistry     : Adding type registration big_integer -> org.hibernate.type.BasicTypeReference@1322b575
2024-05-22T20:36:12.548+09:00 DEBUG 9100 --- [reservation] [    Test worker] org.hibernate.type.BasicTypeRegistry     : Adding type registration java.math.BigInteger -> org.hibernate.type.BasicTypeReference@1322b575
2024-05-22T20:36:12.548+09:00 DEBUG 9100 --- [reservation] [    Test worker] org.hibernate.type.BasicTypeRegistry     : Adding type registration big_decimal -> org.hibernate.type.BasicTypeReference@6dded900
2024-05-22T20:36:12.548+09:00 DEBUG 9100 --- [reservation] [    Test worker] org.hibernate.type.BasicTypeRegistry     : Adding type registration java.math.BigDecimal -> org.hibernate.type.BasicTypeReference@6dded900
2024-05-22T20:36:12.548+09:00 DEBUG 9100 --- [reservation] [    Test worker] org.hibernate.type.BasicTypeRegistry     : Adding type registration character -> org.hibernate.type.BasicTypeReference@d504137
2024-05-22T20:36:12.548+09:00 DEBUG 9100 --- [reservation] [    Test worker] org.hibernate.type.BasicTypeRegistry     : Adding type registration char -> org.hibernate.type.BasicTypeReference@d504137
2024-05-22T20:36:12.548+09:00 DEBUG 9100 --- [reservation] [    Test worker] org.hibernate.type.BasicTypeRegistry     : Adding type registration java.lang.Character -> org.hibernate.type.BasicTypeReference@d504137
2024-05-22T20:36:12.548+09:00 DEBUG 9100 --- [reservation] [    Test worker] org.hibernate.type.BasicTypeRegistry     : Adding type registration character_nchar -> org.hibernate.type.BasicTypeReference@8432469
2024-05-22T20:36:12.549+09:00 DEBUG 9100 --- [reservation] [    Test worker] org.hibernate.type.BasicTypeRegistry     : Adding type registration string -> org.hibernate.type.BasicTypeReference@e4ca109
2024-05-22T20:36:12.549+09:00 DEBUG 9100 --- [reservation] [    Test worker] org.hibernate.type.BasicTypeRegistry     : Adding type registration java.lang.String -> org.hibernate.type.BasicTypeReference@e4ca109
2024-05-22T20:36:12.549+09:00 DEBUG 9100 --- [reservation] [    Test worker] org.hibernate.type.BasicTypeRegistry     : Adding type registration nstring -> org.hibernate.type.BasicTypeReference@15c16f19
2024-05-22T20:36:12.549+09:00 DEBUG 9100 --- [reservation] [    Test worker] org.hibernate.type.BasicTypeRegistry     : Adding type registration characters -> org.hibernate.type.BasicTypeReference@1a17dd6f
2024-05-22T20:36:12.549+09:00 DEBUG 9100 --- [reservation] [    Test worker] org.hibernate.type.BasicTypeRegistry     : Adding type registration char[] -> org.hibernate.type.BasicTypeReference@1a17dd6f
2024-05-22T20:36:12.549+09:00 DEBUG 9100 --- [reservation] [    Test worker] org.hibernate.type.BasicTypeRegistry     : Adding type registration [C -> org.hibernate.type.BasicTypeReference@1a17dd6f
2024-05-22T20:36:12.549+09:00 DEBUG 9100 --- [reservation] [    Test worker] org.hibernate.type.BasicTypeRegistry     : Adding type registration wrapper-characters -> org.hibernate.type.BasicTypeReference@be6d228
2024-05-22T20:36:12.550+09:00 DEBUG 9100 --- [reservation] [    Test worker] org.hibernate.type.BasicTypeRegistry     : Adding type registration text -> org.hibernate.type.BasicTypeReference@60c96eb4
2024-05-22T20:36:12.550+09:00 DEBUG 9100 --- [reservation] [    Test worker] org.hibernate.type.BasicTypeRegistry     : Adding type registration ntext -> org.hibernate.type.BasicTypeReference@7eee6c13
2024-05-22T20:36:12.550+09:00 DEBUG 9100 --- [reservation] [    Test worker] org.hibernate.type.BasicTypeRegistry     : Adding type registration clob -> org.hibernate.type.BasicTypeReference@5ab63a04
2024-05-22T20:36:12.550+09:00 DEBUG 9100 --- [reservation] [    Test worker] org.hibernate.type.BasicTypeRegistry     : Adding type registration java.sql.Clob -> org.hibernate.type.BasicTypeReference@5ab63a04
2024-05-22T20:36:12.550+09:00 DEBUG 9100 --- [reservation] [    Test worker] org.hibernate.type.BasicTypeRegistry     : Adding type registration nclob -> org.hibernate.type.BasicTypeReference@677cc4e8
2024-05-22T20:36:12.550+09:00 DEBUG 9100 --- [reservation] [    Test worker] org.hibernate.type.BasicTypeRegistry     : Adding type registration java.sql.NClob -> org.hibernate.type.BasicTypeReference@677cc4e8
2024-05-22T20:36:12.550+09:00 DEBUG 9100 --- [reservation] [    Test worker] org.hibernate.type.BasicTypeRegistry     : Adding type registration materialized_clob -> org.hibernate.type.BasicTypeReference@4c6bba7d
2024-05-22T20:36:12.550+09:00 DEBUG 9100 --- [reservation] [    Test worker] org.hibernate.type.BasicTypeRegistry     : Adding type registration materialized_clob_char_array -> org.hibernate.type.BasicTypeReference@41e8d917
2024-05-22T20:36:12.551+09:00 DEBUG 9100 --- [reservation] [    Test worker] org.hibernate.type.BasicTypeRegistry     : Adding type registration materialized_clob_character_array -> org.hibernate.type.BasicTypeReference@2ae5bd34
2024-05-22T20:36:12.551+09:00 DEBUG 9100 --- [reservation] [    Test worker] org.hibernate.type.BasicTypeRegistry     : Adding type registration materialized_nclob -> org.hibernate.type.BasicTypeReference@2b3f7704
2024-05-22T20:36:12.551+09:00 DEBUG 9100 --- [reservation] [    Test worker] org.hibernate.type.BasicTypeRegistry     : Adding type registration materialized_nclob_character_array -> org.hibernate.type.BasicTypeReference@3a16984c
2024-05-22T20:36:12.551+09:00 DEBUG 9100 --- [reservation] [    Test worker] org.hibernate.type.BasicTypeRegistry     : Adding type registration materialized_nclob_char_array -> org.hibernate.type.BasicTypeReference@3db1ce78
2024-05-22T20:36:12.551+09:00 DEBUG 9100 --- [reservation] [    Test worker] org.hibernate.type.BasicTypeRegistry     : Adding type registration Duration -> org.hibernate.type.BasicTypeReference@3a3ad8e7
2024-05-22T20:36:12.551+09:00 DEBUG 9100 --- [reservation] [    Test worker] org.hibernate.type.BasicTypeRegistry     : Adding type registration java.time.Duration -> org.hibernate.type.BasicTypeReference@3a3ad8e7
2024-05-22T20:36:12.551+09:00 DEBUG 9100 --- [reservation] [    Test worker] org.hibernate.type.BasicTypeRegistry     : Adding type registration LocalDateTime -> org.hibernate.type.BasicTypeReference@6a6d1ff3
2024-05-22T20:36:12.551+09:00 DEBUG 9100 --- [reservation] [    Test worker] org.hibernate.type.BasicTypeRegistry     : Adding type registration java.time.LocalDateTime -> org.hibernate.type.BasicTypeReference@6a6d1ff3
2024-05-22T20:36:12.552+09:00 DEBUG 9100 --- [reservation] [    Test worker] org.hibernate.type.BasicTypeRegistry     : Adding type registration LocalDate -> org.hibernate.type.BasicTypeReference@64b73e0a
2024-05-22T20:36:12.552+09:00 DEBUG 9100 --- [reservation] [    Test worker] org.hibernate.type.BasicTypeRegistry     : Adding type registration java.time.LocalDate -> org.hibernate.type.BasicTypeReference@64b73e0a
2024-05-22T20:36:12.552+09:00 DEBUG 9100 --- [reservation] [    Test worker] org.hibernate.type.BasicTypeRegistry     : Adding type registration LocalTime -> org.hibernate.type.BasicTypeReference@57c6feea
2024-05-22T20:36:12.552+09:00 DEBUG 9100 --- [reservation] [    Test worker] org.hibernate.type.BasicTypeRegistry     : Adding type registration java.time.LocalTime -> org.hibernate.type.BasicTypeReference@57c6feea
2024-05-22T20:36:12.552+09:00 DEBUG 9100 --- [reservation] [    Test worker] org.hibernate.type.BasicTypeRegistry     : Adding type registration OffsetDateTime -> org.hibernate.type.BasicTypeReference@3b57f915
2024-05-22T20:36:12.552+09:00 DEBUG 9100 --- [reservation] [    Test worker] org.hibernate.type.BasicTypeRegistry     : Adding type registration java.time.OffsetDateTime -> org.hibernate.type.BasicTypeReference@3b57f915
2024-05-22T20:36:12.552+09:00 DEBUG 9100 --- [reservation] [    Test worker] org.hibernate.type.BasicTypeRegistry     : Adding type registration OffsetDateTimeWithTimezone -> org.hibernate.type.BasicTypeReference@39c7fb0b
2024-05-22T20:36:12.552+09:00 DEBUG 9100 --- [reservation] [    Test worker] org.hibernate.type.BasicTypeRegistry     : Adding type registration OffsetDateTimeWithoutTimezone -> org.hibernate.type.BasicTypeReference@645dc557
2024-05-22T20:36:12.552+09:00 DEBUG 9100 --- [reservation] [    Test worker] org.hibernate.type.BasicTypeRegistry     : Adding type registration OffsetTime -> org.hibernate.type.BasicTypeReference@48c5698
2024-05-22T20:36:12.553+09:00 DEBUG 9100 --- [reservation] [    Test worker] org.hibernate.type.BasicTypeRegistry     : Adding type registration java.time.OffsetTime -> org.hibernate.type.BasicTypeReference@48c5698
2024-05-22T20:36:12.553+09:00 DEBUG 9100 --- [reservation] [    Test worker] org.hibernate.type.BasicTypeRegistry     : Adding type registration OffsetTimeUtc -> org.hibernate.type.BasicTypeReference@17884d
2024-05-22T20:36:12.553+09:00 DEBUG 9100 --- [reservation] [    Test worker] org.hibernate.type.BasicTypeRegistry     : Adding type registration OffsetTimeWithTimezone -> org.hibernate.type.BasicTypeReference@68e24e7
2024-05-22T20:36:12.553+09:00 DEBUG 9100 --- [reservation] [    Test worker] org.hibernate.type.BasicTypeRegistry     : Adding type registration OffsetTimeWithoutTimezone -> org.hibernate.type.BasicTypeReference@c732e1c
2024-05-22T20:36:12.553+09:00 DEBUG 9100 --- [reservation] [    Test worker] org.hibernate.type.BasicTypeRegistry     : Adding type registration ZonedDateTime -> org.hibernate.type.BasicTypeReference@6aad919c
2024-05-22T20:36:12.553+09:00 DEBUG 9100 --- [reservation] [    Test worker] org.hibernate.type.BasicTypeRegistry     : Adding type registration java.time.ZonedDateTime -> org.hibernate.type.BasicTypeReference@6aad919c
2024-05-22T20:36:12.553+09:00 DEBUG 9100 --- [reservation] [    Test worker] org.hibernate.type.BasicTypeRegistry     : Adding type registration ZonedDateTimeWithTimezone -> org.hibernate.type.BasicTypeReference@56c42964
2024-05-22T20:36:12.553+09:00 DEBUG 9100 --- [reservation] [    Test worker] org.hibernate.type.BasicTypeRegistry     : Adding type registration ZonedDateTimeWithoutTimezone -> org.hibernate.type.BasicTypeReference@211a9647
2024-05-22T20:36:12.554+09:00 DEBUG 9100 --- [reservation] [    Test worker] org.hibernate.type.BasicTypeRegistry     : Adding type registration date -> org.hibernate.type.BasicTypeReference@340c5fb6
2024-05-22T20:36:12.554+09:00 DEBUG 9100 --- [reservation] [    Test worker] org.hibernate.type.BasicTypeRegistry     : Adding type registration java.sql.Date -> org.hibernate.type.BasicTypeReference@340c5fb6
2024-05-22T20:36:12.554+09:00 DEBUG 9100 --- [reservation] [    Test worker] org.hibernate.type.BasicTypeRegistry     : Adding type registration time -> org.hibernate.type.BasicTypeReference@322b09da
2024-05-22T20:36:12.554+09:00 DEBUG 9100 --- [reservation] [    Test worker] org.hibernate.type.BasicTypeRegistry     : Adding type registration java.sql.Time -> org.hibernate.type.BasicTypeReference@322b09da
2024-05-22T20:36:12.554+09:00 DEBUG 9100 --- [reservation] [    Test worker] org.hibernate.type.BasicTypeRegistry     : Adding type registration timestamp -> org.hibernate.type.BasicTypeReference@45d389f2
2024-05-22T20:36:12.555+09:00 DEBUG 9100 --- [reservation] [    Test worker] org.hibernate.type.BasicTypeRegistry     : Adding type registration java.sql.Timestamp -> org.hibernate.type.BasicTypeReference@45d389f2
2024-05-22T20:36:12.555+09:00 DEBUG 9100 --- [reservation] [    Test worker] org.hibernate.type.BasicTypeRegistry     : Adding type registration java.util.Date -> org.hibernate.type.BasicTypeReference@45d389f2
2024-05-22T20:36:12.555+09:00 DEBUG 9100 --- [reservation] [    Test worker] org.hibernate.type.BasicTypeRegistry     : Adding type registration calendar -> org.hibernate.type.BasicTypeReference@308e87a1
2024-05-22T20:36:12.555+09:00 DEBUG 9100 --- [reservation] [    Test worker] org.hibernate.type.BasicTypeRegistry     : Adding type registration java.util.Calendar -> org.hibernate.type.BasicTypeReference@308e87a1
2024-05-22T20:36:12.555+09:00 DEBUG 9100 --- [reservation] [    Test worker] org.hibernate.type.BasicTypeRegistry     : Adding type registration java.util.GregorianCalendar -> org.hibernate.type.BasicTypeReference@308e87a1
2024-05-22T20:36:12.555+09:00 DEBUG 9100 --- [reservation] [    Test worker] org.hibernate.type.BasicTypeRegistry     : Adding type registration calendar_date -> org.hibernate.type.BasicTypeReference@66298fe9
2024-05-22T20:36:12.555+09:00 DEBUG 9100 --- [reservation] [    Test worker] org.hibernate.type.BasicTypeRegistry     : Adding type registration calendar_time -> org.hibernate.type.BasicTypeReference@c262f2f
2024-05-22T20:36:12.555+09:00 DEBUG 9100 --- [reservation] [    Test worker] org.hibernate.type.BasicTypeRegistry     : Adding type registration instant -> org.hibernate.type.BasicTypeReference@5563bb40
2024-05-22T20:36:12.556+09:00 DEBUG 9100 --- [reservation] [    Test worker] org.hibernate.type.BasicTypeRegistry     : Adding type registration java.time.Instant -> org.hibernate.type.BasicTypeReference@5563bb40
2024-05-22T20:36:12.556+09:00 DEBUG 9100 --- [reservation] [    Test worker] org.hibernate.type.BasicTypeRegistry     : Adding type registration uuid -> org.hibernate.type.BasicTypeReference@11148dc2
2024-05-22T20:36:12.556+09:00 DEBUG 9100 --- [reservation] [    Test worker] org.hibernate.type.BasicTypeRegistry     : Adding type registration java.util.UUID -> org.hibernate.type.BasicTypeReference@11148dc2
2024-05-22T20:36:12.556+09:00 DEBUG 9100 --- [reservation] [    Test worker] org.hibernate.type.BasicTypeRegistry     : Adding type registration pg-uuid -> org.hibernate.type.BasicTypeReference@11148dc2
2024-05-22T20:36:12.556+09:00 DEBUG 9100 --- [reservation] [    Test worker] org.hibernate.type.BasicTypeRegistry     : Adding type registration uuid-binary -> org.hibernate.type.BasicTypeReference@3be80ece
2024-05-22T20:36:12.556+09:00 DEBUG 9100 --- [reservation] [    Test worker] org.hibernate.type.BasicTypeRegistry     : Adding type registration uuid-char -> org.hibernate.type.BasicTypeReference@60a01cb
2024-05-22T20:36:12.556+09:00 DEBUG 9100 --- [reservation] [    Test worker] org.hibernate.type.BasicTypeRegistry     : Adding type registration class -> org.hibernate.type.BasicTypeReference@4efb13f1
2024-05-22T20:36:12.556+09:00 DEBUG 9100 --- [reservation] [    Test worker] org.hibernate.type.BasicTypeRegistry     : Adding type registration java.lang.Class -> org.hibernate.type.BasicTypeReference@4efb13f1
2024-05-22T20:36:12.557+09:00 DEBUG 9100 --- [reservation] [    Test worker] org.hibernate.type.BasicTypeRegistry     : Adding type registration currency -> org.hibernate.type.BasicTypeReference@7bb4ed71
2024-05-22T20:36:12.557+09:00 DEBUG 9100 --- [reservation] [    Test worker] org.hibernate.type.BasicTypeRegistry     : Adding type registration Currency -> org.hibernate.type.BasicTypeReference@7bb4ed71
2024-05-22T20:36:12.557+09:00 DEBUG 9100 --- [reservation] [    Test worker] org.hibernate.type.BasicTypeRegistry     : Adding type registration java.util.Currency -> org.hibernate.type.BasicTypeReference@7bb4ed71
2024-05-22T20:36:12.557+09:00 DEBUG 9100 --- [reservation] [    Test worker] org.hibernate.type.BasicTypeRegistry     : Adding type registration locale -> org.hibernate.type.BasicTypeReference@5112b7
2024-05-22T20:36:12.557+09:00 DEBUG 9100 --- [reservation] [    Test worker] org.hibernate.type.BasicTypeRegistry     : Adding type registration java.util.Locale -> org.hibernate.type.BasicTypeReference@5112b7
2024-05-22T20:36:12.557+09:00 DEBUG 9100 --- [reservation] [    Test worker] org.hibernate.type.BasicTypeRegistry     : Adding type registration serializable -> org.hibernate.type.BasicTypeReference@56835f2f
2024-05-22T20:36:12.557+09:00 DEBUG 9100 --- [reservation] [    Test worker] org.hibernate.type.BasicTypeRegistry     : Adding type registration java.io.Serializable -> org.hibernate.type.BasicTypeReference@56835f2f
2024-05-22T20:36:12.557+09:00 DEBUG 9100 --- [reservation] [    Test worker] org.hibernate.type.BasicTypeRegistry     : Adding type registration timezone -> org.hibernate.type.BasicTypeReference@40f1aa95
2024-05-22T20:36:12.558+09:00 DEBUG 9100 --- [reservation] [    Test worker] org.hibernate.type.BasicTypeRegistry     : Adding type registration java.util.TimeZone -> org.hibernate.type.BasicTypeReference@40f1aa95
2024-05-22T20:36:12.558+09:00 DEBUG 9100 --- [reservation] [    Test worker] org.hibernate.type.BasicTypeRegistry     : Adding type registration ZoneOffset -> org.hibernate.type.BasicTypeReference@1c72189f
2024-05-22T20:36:12.558+09:00 DEBUG 9100 --- [reservation] [    Test worker] org.hibernate.type.BasicTypeRegistry     : Adding type registration java.time.ZoneOffset -> org.hibernate.type.BasicTypeReference@1c72189f
2024-05-22T20:36:12.558+09:00 DEBUG 9100 --- [reservation] [    Test worker] org.hibernate.type.BasicTypeRegistry     : Adding type registration url -> org.hibernate.type.BasicTypeReference@14be750c
2024-05-22T20:36:12.558+09:00 DEBUG 9100 --- [reservation] [    Test worker] org.hibernate.type.BasicTypeRegistry     : Adding type registration java.net.URL -> org.hibernate.type.BasicTypeReference@14be750c
2024-05-22T20:36:12.558+09:00 DEBUG 9100 --- [reservation] [    Test worker] org.hibernate.type.BasicTypeRegistry     : Adding type registration vector -> org.hibernate.type.BasicTypeReference@58882a93
2024-05-22T20:36:12.559+09:00 DEBUG 9100 --- [reservation] [    Test worker] org.hibernate.type.BasicTypeRegistry     : Adding type registration row_version -> org.hibernate.type.BasicTypeReference@15e08615
2024-05-22T20:36:12.636+09:00 DEBUG 9100 --- [reservation] [    Test worker] org.hibernate.type.BasicTypeRegistry     : Adding type registration object -> org.hibernate.type.JavaObjectType@1a536164
2024-05-22T20:36:12.636+09:00 DEBUG 9100 --- [reservation] [    Test worker] org.hibernate.type.BasicTypeRegistry     : Adding type registration java.lang.Object -> org.hibernate.type.JavaObjectType@1a536164
2024-05-22T20:36:12.639+09:00 DEBUG 9100 --- [reservation] [    Test worker] org.hibernate.type.BasicTypeRegistry     : Adding type registration null -> org.hibernate.type.NullType@7e0986c9
2024-05-22T20:36:12.640+09:00 DEBUG 9100 --- [reservation] [    Test worker] org.hibernate.type.BasicTypeRegistry     : Adding type registration imm_date -> org.hibernate.type.BasicTypeReference@1377b1a0
2024-05-22T20:36:12.640+09:00 DEBUG 9100 --- [reservation] [    Test worker] org.hibernate.type.BasicTypeRegistry     : Adding type registration imm_time -> org.hibernate.type.BasicTypeReference@48cf8414
2024-05-22T20:36:12.640+09:00 DEBUG 9100 --- [reservation] [    Test worker] org.hibernate.type.BasicTypeRegistry     : Adding type registration imm_timestamp -> org.hibernate.type.BasicTypeReference@27dbaa33
2024-05-22T20:36:12.640+09:00 DEBUG 9100 --- [reservation] [    Test worker] org.hibernate.type.BasicTypeRegistry     : Adding type registration imm_calendar -> org.hibernate.type.BasicTypeReference@15d65fcf
2024-05-22T20:36:12.640+09:00 DEBUG 9100 --- [reservation] [    Test worker] org.hibernate.type.BasicTypeRegistry     : Adding type registration imm_calendar_date -> org.hibernate.type.BasicTypeReference@3b021664
2024-05-22T20:36:12.640+09:00 DEBUG 9100 --- [reservation] [    Test worker] org.hibernate.type.BasicTypeRegistry     : Adding type registration imm_calendar_time -> org.hibernate.type.BasicTypeReference@f59da34
2024-05-22T20:36:12.641+09:00 DEBUG 9100 --- [reservation] [    Test worker] org.hibernate.type.BasicTypeRegistry     : Adding type registration imm_binary -> org.hibernate.type.BasicTypeReference@752973de
2024-05-22T20:36:12.641+09:00 DEBUG 9100 --- [reservation] [    Test worker] org.hibernate.type.BasicTypeRegistry     : Adding type registration imm_serializable -> org.hibernate.type.BasicTypeReference@52a67293
2024-05-22T20:36:12.871+09:00  INFO 9100 --- [reservation] [    Test worker] o.s.o.j.p.SpringPersistenceUnitInfo      : No LoadTimeWeaver setup: ignoring JPA class transformer
2024-05-22T20:36:12.922+09:00  INFO 9100 --- [reservation] [    Test worker] com.zaxxer.hikari.HikariDataSource       : HikariPool-1 - Starting...
2024-05-22T20:36:13.142+09:00  INFO 9100 --- [reservation] [    Test worker] com.zaxxer.hikari.pool.HikariPool        : HikariPool-1 - Added connection conn0: url=jdbc:h2:mem:testdb user=SA
2024-05-22T20:36:13.144+09:00  INFO 9100 --- [reservation] [    Test worker] com.zaxxer.hikari.HikariDataSource       : HikariPool-1 - Start completed.
2024-05-22T20:36:13.174+09:00  WARN 9100 --- [reservation] [    Test worker] org.hibernate.orm.deprecation            : HHH90000025: H2Dialect does not need to be specified explicitly using 'hibernate.dialect' (remove the property setting and it will be selected by default)
2024-05-22T20:36:13.292+09:00 DEBUG 9100 --- [reservation] [    Test worker] o.h.t.d.jdbc.spi.JdbcTypeRegistry        : addDescriptor(NCharTypeDescriptor) replaced previous registration(CharTypeDescriptor)
2024-05-22T20:36:13.292+09:00 DEBUG 9100 --- [reservation] [    Test worker] o.h.t.d.jdbc.spi.JdbcTypeRegistry        : addDescriptor(NVarcharTypeDescriptor) replaced previous registration(VarcharTypeDescriptor)
2024-05-22T20:36:13.296+09:00 DEBUG 9100 --- [reservation] [    Test worker] o.h.t.d.jdbc.spi.JdbcTypeRegistry        : addDescriptor(LongNVarcharTypeDescriptor) replaced previous registration(LongVarcharTypeDescriptor)
2024-05-22T20:36:13.308+09:00 DEBUG 9100 --- [reservation] [    Test worker] o.h.t.d.jdbc.spi.JdbcTypeRegistry        : addDescriptor(NClobTypeDescriptor(DEFAULT)) replaced previous registration(ClobTypeDescriptor(DEFAULT))
2024-05-22T20:36:13.309+09:00 DEBUG 9100 --- [reservation] [    Test worker] o.h.t.d.jdbc.spi.JdbcTypeRegistry        : addDescriptor(2005, ClobTypeDescriptor(STREAM_BINDING)) replaced previous registration(ClobTypeDescriptor(DEFAULT))
2024-05-22T20:36:13.311+09:00 DEBUG 9100 --- [reservation] [    Test worker] o.h.t.d.jdbc.spi.JdbcTypeRegistry        : addDescriptor(TimestampUtcDescriptor) replaced previous registration(TimestampUtcDescriptor)
2024-05-22T20:36:13.323+09:00 DEBUG 9100 --- [reservation] [    Test worker] org.hibernate.type.BasicTypeRegistry     : Adding type registration org.hibernate.type.DurationType -> basicType@1(java.time.Duration,3015)
2024-05-22T20:36:13.323+09:00 DEBUG 9100 --- [reservation] [    Test worker] org.hibernate.type.BasicTypeRegistry     : Adding type registration Duration -> basicType@1(java.time.Duration,3015)
2024-05-22T20:36:13.323+09:00 DEBUG 9100 --- [reservation] [    Test worker] org.hibernate.type.BasicTypeRegistry     : Adding type registration java.time.Duration -> basicType@1(java.time.Duration,3015)
2024-05-22T20:36:13.330+09:00 DEBUG 9100 --- [reservation] [    Test worker] o.h.type.spi.TypeConfiguration$Scope     : Scoping TypeConfiguration [org.hibernate.type.spi.TypeConfiguration@3dad535f] to MetadataBuildingContext [org.hibernate.boot.internal.MetadataBuildingContextRootImpl@5f67181f]
2024-05-22T20:36:14.275+09:00  INFO 9100 --- [reservation] [    Test worker] o.h.e.t.j.p.i.JtaPlatformInitiator       : HHH000489: No JTA platform available (set 'hibernate.transaction.jta.platform' to enable JTA platform integration)
2024-05-22T20:36:14.276+09:00 DEBUG 9100 --- [reservation] [    Test worker] o.h.type.spi.TypeConfiguration$Scope     : Scoping TypeConfiguration [org.hibernate.type.spi.TypeConfiguration@3dad535f] to SessionFactoryImplementor [org.hibernate.internal.SessionFactoryImpl@6277a496]
2024-05-22T20:36:14.300+09:00 DEBUG 9100 --- [reservation] [    Test worker] org.hibernate.SQL                        : 
    drop table if exists store cascade 
Hibernate: 
    drop table if exists store cascade 
2024-05-22T20:36:14.306+09:00 DEBUG 9100 --- [reservation] [    Test worker] org.hibernate.SQL                        : 
    drop table if exists users cascade 
Hibernate: 
    drop table if exists users cascade 
2024-05-22T20:36:14.314+09:00 DEBUG 9100 --- [reservation] [    Test worker] org.hibernate.SQL                        : 
    create table store (
        created_at timestamp(6),
        expired_at timestamp(6),
        id bigint generated by default as identity,
        updated_at timestamp(6),
        user_id bigint,
        name varchar(50) unique,
        primary key (id)
    )
Hibernate: 
    create table store (
        created_at timestamp(6),
        expired_at timestamp(6),
        id bigint generated by default as identity,
        updated_at timestamp(6),
        user_id bigint,
        name varchar(50) unique,
        primary key (id)
    )
2024-05-22T20:36:14.327+09:00 DEBUG 9100 --- [reservation] [    Test worker] org.hibernate.SQL                        : 
    create table users (
        created_at timestamp(6),
        expired_at timestamp(6),
        id bigint generated by default as identity,
        updated_at timestamp(6),
        nickname varchar(50),
        username varchar(50) unique,
        password varchar(100),
        refresh_token varchar(1000),
        authority varchar(255) check (authority in ('USER','ADMIN')),
        primary key (id)
    )
Hibernate: 
    create table users (
        created_at timestamp(6),
        expired_at timestamp(6),
        id bigint generated by default as identity,
        updated_at timestamp(6),
        nickname varchar(50),
        username varchar(50) unique,
        password varchar(100),
        refresh_token varchar(1000),
        authority varchar(255) check (authority in ('USER','ADMIN')),
        primary key (id)
    )
2024-05-22T20:36:14.336+09:00 TRACE 9100 --- [reservation] [    Test worker] o.h.type.spi.TypeConfiguration$Scope     : Handling #sessionFactoryCreated from [org.hibernate.internal.SessionFactoryImpl@6277a496] for TypeConfiguration
2024-05-22T20:36:14.337+09:00  INFO 9100 --- [reservation] [    Test worker] j.LocalContainerEntityManagerFactoryBean : Initialized JPA EntityManagerFactory for persistence unit 'default'
2024-05-22T20:36:15.364+09:00  WARN 9100 --- [reservation] [    Test worker] JpaBaseConfiguration$JpaWebConfiguration : spring.jpa.open-in-view is enabled by default. Therefore, database queries may be performed during view rendering. Explicitly configure spring.jpa.open-in-view to disable this warning
2024-05-22T20:36:17.077+09:00  INFO 9100 --- [reservation] [    Test worker] o.s.s.web.DefaultSecurityFilterChain     : Will secure any request with [org.springframework.security.web.session.DisableEncodeUrlFilter@70799ca7, org.springframework.security.web.context.request.async.WebAsyncManagerIntegrationFilter@690113f0, org.springframework.security.web.context.SecurityContextHolderFilter@31773d5b, org.springframework.security.web.header.HeaderWriterFilter@23657729, org.springframework.web.filter.CorsFilter@509e4d53, com.portfolio.reservation.filter.JwtAuthenticationProcessingFilter@5a9a187b, org.springframework.security.web.authentication.logout.LogoutFilter@20711b02, com.portfolio.reservation.filter.JsonUsernamePasswordAuthenticationFilter@7712c315, org.springframework.security.web.savedrequest.RequestCacheAwareFilter@33c5e52f, org.springframework.security.web.servletapi.SecurityContextHolderAwareRequestFilter@74474fc0, org.springframework.security.web.authentication.AnonymousAuthenticationFilter@6f915016, org.springframework.security.web.session.SessionManagementFilter@68c05c5b, org.springframework.security.web.access.ExceptionTranslationFilter@50b1dfab, org.springframework.security.web.access.intercept.AuthorizationFilter@3ce4b0a8]
2024-05-22T20:36:17.654+09:00  INFO 9100 --- [reservation] [    Test worker] c.p.r.service.store.storeServiceTest     : Started storeServiceTest in 7.87 seconds (process running for 9.264)
2024-05-22T20:36:18.463+09:00 DEBUG 9100 --- [reservation] [    Test worker] org.hibernate.SQL                        : 
    select
        u1_0.id,
        u1_0.authority,
        u1_0.created_at,
        u1_0.expired_at,
        u1_0.nickname,
        u1_0.password,
        u1_0.refresh_token,
        u1_0.updated_at,
        u1_0.username 
    from
        users u1_0 
    where
        u1_0.username=? 
        and u1_0.expired_at is null
Hibernate: 
    select
        u1_0.id,
        u1_0.authority,
        u1_0.created_at,
        u1_0.expired_at,
        u1_0.nickname,
        u1_0.password,
        u1_0.refresh_token,
        u1_0.updated_at,
        u1_0.username 
    from
        users u1_0 
    where
        u1_0.username=? 
        and u1_0.expired_at is null
2024-05-22T20:36:18.642+09:00 DEBUG 9100 --- [reservation] [    Test worker] org.hibernate.SQL                        : 
    insert 
    into
        users
        (authority, created_at, expired_at, nickname, password, refresh_token, updated_at, username, id) 
    values
        (?, ?, ?, ?, ?, ?, ?, ?, default)
Hibernate: 
    insert 
    into
        users
        (authority, created_at, expired_at, nickname, password, refresh_token, updated_at, username, id) 
    values
        (?, ?, ?, ?, ?, ?, ?, ?, default)
2024-05-22T20:36:18.665+09:00 DEBUG 9100 --- [reservation] [    Test worker] org.hibernate.SQL                        : 
    select
        u1_0.id,
        u1_0.authority,
        u1_0.created_at,
        u1_0.expired_at,
        u1_0.nickname,
        u1_0.password,
        u1_0.refresh_token,
        u1_0.updated_at,
        u1_0.username 
    from
        users u1_0 
    order by
        u1_0.id 
    fetch
        first ? rows only
Hibernate: 
    select
        u1_0.id,
        u1_0.authority,
        u1_0.created_at,
        u1_0.expired_at,
        u1_0.nickname,
        u1_0.password,
        u1_0.refresh_token,
        u1_0.updated_at,
        u1_0.username 
    from
        users u1_0 
    order by
        u1_0.id 
    fetch
        first ? rows only
2024-05-22T20:36:18.672+09:00 DEBUG 9100 --- [reservation] [    Test worker] org.hibernate.SQL                        : 
    select
        u1_0.id,
        u1_0.authority,
        u1_0.created_at,
        u1_0.expired_at,
        u1_0.nickname,
        u1_0.password,
        u1_0.refresh_token,
        u1_0.updated_at,
        u1_0.username 
    from
        users u1_0 
    where
        u1_0.username=? 
        and u1_0.expired_at is null
Hibernate: 
    select
        u1_0.id,
        u1_0.authority,
        u1_0.created_at,
        u1_0.expired_at,
        u1_0.nickname,
        u1_0.password,
        u1_0.refresh_token,
        u1_0.updated_at,
        u1_0.username 
    from
        users u1_0 
    where
        u1_0.username=? 
        and u1_0.expired_at is null
2024-05-22T20:36:18.675+09:00 DEBUG 9100 --- [reservation] [    Test worker] org.hibernate.SQL                        : 
    select
        s1_0.id,
        s1_0.created_at,
        s1_0.expired_at,
        s1_0.name,
        s1_0.updated_at,
        s1_0.user_id 
    from
        store s1_0 
    where
        s1_0.name=? 
        and s1_0.expired_at is null
Hibernate: 
    select
        s1_0.id,
        s1_0.created_at,
        s1_0.expired_at,
        s1_0.name,
        s1_0.updated_at,
        s1_0.user_id 
    from
        store s1_0 
    where
        s1_0.name=? 
        and s1_0.expired_at is null
2024-05-22T20:36:18.681+09:00 DEBUG 9100 --- [reservation] [    Test worker] org.hibernate.SQL                        : 
    insert 
    into
        store
        (created_at, expired_at, name, updated_at, user_id, id) 
    values
        (?, ?, ?, ?, ?, default)
Hibernate: 
    insert 
    into
        store
        (created_at, expired_at, name, updated_at, user_id, id) 
    values
        (?, ?, ?, ?, ?, default)
2024-05-22T20:36:18.685+09:00 DEBUG 9100 --- [reservation] [    Test worker] org.hibernate.SQL                        : 
    select
        s1_0.id,
        s1_0.created_at,
        s1_0.expired_at,
        s1_0.name,
        s1_0.updated_at,
        s1_0.user_id 
    from
        store s1_0 
    order by
        s1_0.id 
    fetch
        first ? rows only
Hibernate: 
    select
        s1_0.id,
        s1_0.created_at,
        s1_0.expired_at,
        s1_0.name,
        s1_0.updated_at,
        s1_0.user_id 
    from
        store s1_0 
    order by
        s1_0.id 
    fetch
        first ? rows only
2024-05-22T20:36:18.758+09:00 DEBUG 9100 --- [reservation] [    Test worker] org.hibernate.SQL                        : 
    select
        s1_0.id,
        s1_0.created_at,
        s1_0.expired_at,
        s1_0.name,
        s1_0.updated_at,
        s1_0.user_id 
    from
        store s1_0 
    order by
        s1_0.id 
    fetch
        first ? rows only
Hibernate: 
    select
        s1_0.id,
        s1_0.created_at,
        s1_0.expired_at,
        s1_0.name,
        s1_0.updated_at,
        s1_0.user_id 
    from
        store s1_0 
    order by
        s1_0.id 
    fetch
        first ? rows only
2024-05-22T20:36:19.135+09:00 DEBUG 9100 --- [reservation] [    Test worker] org.hibernate.SQL                        : 
    select
        s1_0.id,
        s1_0.name,
        u1_0.nickname 
    from
        store s1_0 
    left join
        users u1_0 
            on s1_0.user_id=u1_0.id 
    where
        s1_0.expired_at is null 
        and u1_0.expired_at is null 
        and s1_0.id=?
Hibernate: 
    select
        s1_0.id,
        s1_0.name,
        u1_0.nickname 
    from
        store s1_0 
    left join
        users u1_0 
            on s1_0.user_id=u1_0.id 
    where
        s1_0.expired_at is null 
        and u1_0.expired_at is null 
        and s1_0.id=?
2024-05-22T20:36:19.140+09:00 DEBUG 9100 --- [reservation] [    Test worker] org.hibernate.SQL                        : 
    select
        u1_0.id,
        u1_0.authority,
        u1_0.created_at,
        u1_0.expired_at,
        u1_0.nickname,
        u1_0.password,
        u1_0.refresh_token,
        u1_0.updated_at,
        u1_0.username 
    from
        users u1_0 
    order by
        u1_0.id 
    fetch
        first ? rows only
Hibernate: 
    select
        u1_0.id,
        u1_0.authority,
        u1_0.created_at,
        u1_0.expired_at,
        u1_0.nickname,
        u1_0.password,
        u1_0.refresh_token,
        u1_0.updated_at,
        u1_0.username 
    from
        users u1_0 
    order by
        u1_0.id 
    fetch
        first ? rows only
]]></system-out>
  <system-err><![CDATA[]]></system-err>
</testsuite>
