<?xml version="1.0" encoding="UTF-8"?>
<testsuite name="com.portfolio.reservation.service.store.storeServiceTest" tests="1" skipped="0" failures="0" errors="0" timestamp="2024-05-22T10:57:37" hostname="DESKTOP-A553VVH" time="0.985">
  <properties/>
  <testcase name="getStore_테스트()" classname="com.portfolio.reservation.service.store.storeServiceTest" time="0.985"/>
  <system-out><![CDATA[19:57:31.173 [Test worker] INFO org.springframework.test.context.support.AnnotationConfigContextLoaderUtils -- Could not detect default configuration classes for test class [com.portfolio.reservation.service.store.storeServiceTest]: storeServiceTest does not declare any static, non-private, non-final, nested classes annotated with @Configuration.
19:57:31.294 [Test worker] INFO org.springframework.boot.test.context.SpringBootTestContextBootstrapper -- Found @SpringBootConfiguration com.portfolio.reservation.ReservationApplication for test class com.portfolio.reservation.service.store.storeServiceTest

  .   ____          _            __ _ _
 /\\ / ___'_ __ _ _(_)_ __  __ _ \ \ \ \
( ( )\___ | '_ | '_| | '_ \/ _` | \ \ \ \
 \\/  ___)| |_)| | | | | || (_| |  ) ) ) )
  '  |____| .__|_| |_|_| |_\__, | / / / /
 =========|_|==============|___/=/_/_/_/
 :: Spring Boot ::                (v3.2.4)

2024-05-22T19:57:31.763+09:00  INFO 15368 --- [reservation] [    Test worker] c.p.r.service.store.storeServiceTest     : Starting storeServiceTest using Java 17.0.10 with PID 15368 (started by ASUS in C:\portfolio\reservation_portfolio_remote\reservation\reservation)
2024-05-22T19:57:31.765+09:00  INFO 15368 --- [reservation] [    Test worker] c.p.r.service.store.storeServiceTest     : No active profile set, falling back to 1 default profile: "default"
2024-05-22T19:57:32.809+09:00  INFO 15368 --- [reservation] [    Test worker] .s.d.r.c.RepositoryConfigurationDelegate : Bootstrapping Spring Data JPA repositories in DEFAULT mode.
2024-05-22T19:57:32.890+09:00  INFO 15368 --- [reservation] [    Test worker] .s.d.r.c.RepositoryConfigurationDelegate : Finished Spring Data repository scanning in 70 ms. Found 2 JPA repository interfaces.
2024-05-22T19:57:33.022+09:00  WARN 15368 --- [reservation] [    Test worker] o.m.s.mapper.ClassPathMapperScanner      : No MyBatis mapper was found in '[com.portfolio.reservation]' package. Please check your configuration.
2024-05-22T19:57:33.549+09:00  INFO 15368 --- [reservation] [    Test worker] o.hibernate.jpa.internal.util.LogHelper  : HHH000204: Processing PersistenceUnitInfo [name: default]
2024-05-22T19:57:33.637+09:00  INFO 15368 --- [reservation] [    Test worker] org.hibernate.Version                    : HHH000412: Hibernate ORM core version 6.4.4.Final
2024-05-22T19:57:33.689+09:00  INFO 15368 --- [reservation] [    Test worker] o.h.c.internal.RegionFactoryInitiator    : HHH000026: Second-level cache disabled
2024-05-22T19:57:33.793+09:00 DEBUG 15368 --- [reservation] [    Test worker] org.hibernate.type.BasicTypeRegistry     : Adding type registration boolean -> org.hibernate.type.BasicTypeReference@14b95942
2024-05-22T19:57:33.793+09:00 DEBUG 15368 --- [reservation] [    Test worker] org.hibernate.type.BasicTypeRegistry     : Adding type registration boolean -> org.hibernate.type.BasicTypeReference@14b95942
2024-05-22T19:57:33.793+09:00 DEBUG 15368 --- [reservation] [    Test worker] org.hibernate.type.BasicTypeRegistry     : Adding type registration java.lang.Boolean -> org.hibernate.type.BasicTypeReference@14b95942
2024-05-22T19:57:33.793+09:00 DEBUG 15368 --- [reservation] [    Test worker] org.hibernate.type.BasicTypeRegistry     : Adding type registration numeric_boolean -> org.hibernate.type.BasicTypeReference@3375b118
2024-05-22T19:57:33.793+09:00 DEBUG 15368 --- [reservation] [    Test worker] org.hibernate.type.BasicTypeRegistry     : Adding type registration org.hibernate.type.NumericBooleanConverter -> org.hibernate.type.BasicTypeReference@3375b118
2024-05-22T19:57:33.793+09:00 DEBUG 15368 --- [reservation] [    Test worker] org.hibernate.type.BasicTypeRegistry     : Adding type registration true_false -> org.hibernate.type.BasicTypeReference@667797f
2024-05-22T19:57:33.793+09:00 DEBUG 15368 --- [reservation] [    Test worker] org.hibernate.type.BasicTypeRegistry     : Adding type registration org.hibernate.type.TrueFalseConverter -> org.hibernate.type.BasicTypeReference@667797f
2024-05-22T19:57:33.793+09:00 DEBUG 15368 --- [reservation] [    Test worker] org.hibernate.type.BasicTypeRegistry     : Adding type registration yes_no -> org.hibernate.type.BasicTypeReference@184751f3
2024-05-22T19:57:33.794+09:00 DEBUG 15368 --- [reservation] [    Test worker] org.hibernate.type.BasicTypeRegistry     : Adding type registration org.hibernate.type.YesNoConverter -> org.hibernate.type.BasicTypeReference@184751f3
2024-05-22T19:57:33.794+09:00 DEBUG 15368 --- [reservation] [    Test worker] org.hibernate.type.BasicTypeRegistry     : Adding type registration byte -> org.hibernate.type.BasicTypeReference@46ea78f0
2024-05-22T19:57:33.794+09:00 DEBUG 15368 --- [reservation] [    Test worker] org.hibernate.type.BasicTypeRegistry     : Adding type registration byte -> org.hibernate.type.BasicTypeReference@46ea78f0
2024-05-22T19:57:33.794+09:00 DEBUG 15368 --- [reservation] [    Test worker] org.hibernate.type.BasicTypeRegistry     : Adding type registration java.lang.Byte -> org.hibernate.type.BasicTypeReference@46ea78f0
2024-05-22T19:57:33.795+09:00 DEBUG 15368 --- [reservation] [    Test worker] org.hibernate.type.BasicTypeRegistry     : Adding type registration binary -> org.hibernate.type.BasicTypeReference@5889fc44
2024-05-22T19:57:33.795+09:00 DEBUG 15368 --- [reservation] [    Test worker] org.hibernate.type.BasicTypeRegistry     : Adding type registration byte[] -> org.hibernate.type.BasicTypeReference@5889fc44
2024-05-22T19:57:33.795+09:00 DEBUG 15368 --- [reservation] [    Test worker] org.hibernate.type.BasicTypeRegistry     : Adding type registration [B -> org.hibernate.type.BasicTypeReference@5889fc44
2024-05-22T19:57:33.795+09:00 DEBUG 15368 --- [reservation] [    Test worker] org.hibernate.type.BasicTypeRegistry     : Adding type registration binary_wrapper -> org.hibernate.type.BasicTypeReference@52ca0ad4
2024-05-22T19:57:33.795+09:00 DEBUG 15368 --- [reservation] [    Test worker] org.hibernate.type.BasicTypeRegistry     : Adding type registration wrapper-binary -> org.hibernate.type.BasicTypeReference@52ca0ad4
2024-05-22T19:57:33.795+09:00 DEBUG 15368 --- [reservation] [    Test worker] org.hibernate.type.BasicTypeRegistry     : Adding type registration image -> org.hibernate.type.BasicTypeReference@4536a715
2024-05-22T19:57:33.795+09:00 DEBUG 15368 --- [reservation] [    Test worker] org.hibernate.type.BasicTypeRegistry     : Adding type registration blob -> org.hibernate.type.BasicTypeReference@6658f08a
2024-05-22T19:57:33.796+09:00 DEBUG 15368 --- [reservation] [    Test worker] org.hibernate.type.BasicTypeRegistry     : Adding type registration java.sql.Blob -> org.hibernate.type.BasicTypeReference@6658f08a
2024-05-22T19:57:33.796+09:00 DEBUG 15368 --- [reservation] [    Test worker] org.hibernate.type.BasicTypeRegistry     : Adding type registration materialized_blob -> org.hibernate.type.BasicTypeReference@37c2f0b4
2024-05-22T19:57:33.796+09:00 DEBUG 15368 --- [reservation] [    Test worker] org.hibernate.type.BasicTypeRegistry     : Adding type registration materialized_blob_wrapper -> org.hibernate.type.BasicTypeReference@35dcd032
2024-05-22T19:57:33.796+09:00 DEBUG 15368 --- [reservation] [    Test worker] org.hibernate.type.BasicTypeRegistry     : Adding type registration short -> org.hibernate.type.BasicTypeReference@4522d793
2024-05-22T19:57:33.796+09:00 DEBUG 15368 --- [reservation] [    Test worker] org.hibernate.type.BasicTypeRegistry     : Adding type registration short -> org.hibernate.type.BasicTypeReference@4522d793
2024-05-22T19:57:33.797+09:00 DEBUG 15368 --- [reservation] [    Test worker] org.hibernate.type.BasicTypeRegistry     : Adding type registration java.lang.Short -> org.hibernate.type.BasicTypeReference@4522d793
2024-05-22T19:57:33.797+09:00 DEBUG 15368 --- [reservation] [    Test worker] org.hibernate.type.BasicTypeRegistry     : Adding type registration integer -> org.hibernate.type.BasicTypeReference@64dfb31d
2024-05-22T19:57:33.797+09:00 DEBUG 15368 --- [reservation] [    Test worker] org.hibernate.type.BasicTypeRegistry     : Adding type registration int -> org.hibernate.type.BasicTypeReference@64dfb31d
2024-05-22T19:57:33.797+09:00 DEBUG 15368 --- [reservation] [    Test worker] org.hibernate.type.BasicTypeRegistry     : Adding type registration java.lang.Integer -> org.hibernate.type.BasicTypeReference@64dfb31d
2024-05-22T19:57:33.797+09:00 DEBUG 15368 --- [reservation] [    Test worker] org.hibernate.type.BasicTypeRegistry     : Adding type registration long -> org.hibernate.type.BasicTypeReference@4438b862
2024-05-22T19:57:33.797+09:00 DEBUG 15368 --- [reservation] [    Test worker] org.hibernate.type.BasicTypeRegistry     : Adding type registration long -> org.hibernate.type.BasicTypeReference@4438b862
2024-05-22T19:57:33.797+09:00 DEBUG 15368 --- [reservation] [    Test worker] org.hibernate.type.BasicTypeRegistry     : Adding type registration java.lang.Long -> org.hibernate.type.BasicTypeReference@4438b862
2024-05-22T19:57:33.798+09:00 DEBUG 15368 --- [reservation] [    Test worker] org.hibernate.type.BasicTypeRegistry     : Adding type registration float -> org.hibernate.type.BasicTypeReference@17b6ad97
2024-05-22T19:57:33.798+09:00 DEBUG 15368 --- [reservation] [    Test worker] org.hibernate.type.BasicTypeRegistry     : Adding type registration float -> org.hibernate.type.BasicTypeReference@17b6ad97
2024-05-22T19:57:33.798+09:00 DEBUG 15368 --- [reservation] [    Test worker] org.hibernate.type.BasicTypeRegistry     : Adding type registration java.lang.Float -> org.hibernate.type.BasicTypeReference@17b6ad97
2024-05-22T19:57:33.798+09:00 DEBUG 15368 --- [reservation] [    Test worker] org.hibernate.type.BasicTypeRegistry     : Adding type registration double -> org.hibernate.type.BasicTypeReference@44fb6ebd
2024-05-22T19:57:33.798+09:00 DEBUG 15368 --- [reservation] [    Test worker] org.hibernate.type.BasicTypeRegistry     : Adding type registration double -> org.hibernate.type.BasicTypeReference@44fb6ebd
2024-05-22T19:57:33.798+09:00 DEBUG 15368 --- [reservation] [    Test worker] org.hibernate.type.BasicTypeRegistry     : Adding type registration java.lang.Double -> org.hibernate.type.BasicTypeReference@44fb6ebd
2024-05-22T19:57:33.798+09:00 DEBUG 15368 --- [reservation] [    Test worker] org.hibernate.type.BasicTypeRegistry     : Adding type registration big_integer -> org.hibernate.type.BasicTypeReference@5da57a64
2024-05-22T19:57:33.799+09:00 DEBUG 15368 --- [reservation] [    Test worker] org.hibernate.type.BasicTypeRegistry     : Adding type registration java.math.BigInteger -> org.hibernate.type.BasicTypeReference@5da57a64
2024-05-22T19:57:33.799+09:00 DEBUG 15368 --- [reservation] [    Test worker] org.hibernate.type.BasicTypeRegistry     : Adding type registration big_decimal -> org.hibernate.type.BasicTypeReference@5cdf221a
2024-05-22T19:57:33.799+09:00 DEBUG 15368 --- [reservation] [    Test worker] org.hibernate.type.BasicTypeRegistry     : Adding type registration java.math.BigDecimal -> org.hibernate.type.BasicTypeReference@5cdf221a
2024-05-22T19:57:33.799+09:00 DEBUG 15368 --- [reservation] [    Test worker] org.hibernate.type.BasicTypeRegistry     : Adding type registration character -> org.hibernate.type.BasicTypeReference@7e27f603
2024-05-22T19:57:33.799+09:00 DEBUG 15368 --- [reservation] [    Test worker] org.hibernate.type.BasicTypeRegistry     : Adding type registration char -> org.hibernate.type.BasicTypeReference@7e27f603
2024-05-22T19:57:33.799+09:00 DEBUG 15368 --- [reservation] [    Test worker] org.hibernate.type.BasicTypeRegistry     : Adding type registration java.lang.Character -> org.hibernate.type.BasicTypeReference@7e27f603
2024-05-22T19:57:33.799+09:00 DEBUG 15368 --- [reservation] [    Test worker] org.hibernate.type.BasicTypeRegistry     : Adding type registration character_nchar -> org.hibernate.type.BasicTypeReference@6136e1fc
2024-05-22T19:57:33.799+09:00 DEBUG 15368 --- [reservation] [    Test worker] org.hibernate.type.BasicTypeRegistry     : Adding type registration string -> org.hibernate.type.BasicTypeReference@1736c1e4
2024-05-22T19:57:33.800+09:00 DEBUG 15368 --- [reservation] [    Test worker] org.hibernate.type.BasicTypeRegistry     : Adding type registration java.lang.String -> org.hibernate.type.BasicTypeReference@1736c1e4
2024-05-22T19:57:33.800+09:00 DEBUG 15368 --- [reservation] [    Test worker] org.hibernate.type.BasicTypeRegistry     : Adding type registration nstring -> org.hibernate.type.BasicTypeReference@32dcfeea
2024-05-22T19:57:33.800+09:00 DEBUG 15368 --- [reservation] [    Test worker] org.hibernate.type.BasicTypeRegistry     : Adding type registration characters -> org.hibernate.type.BasicTypeReference@738a815c
2024-05-22T19:57:33.800+09:00 DEBUG 15368 --- [reservation] [    Test worker] org.hibernate.type.BasicTypeRegistry     : Adding type registration char[] -> org.hibernate.type.BasicTypeReference@738a815c
2024-05-22T19:57:33.800+09:00 DEBUG 15368 --- [reservation] [    Test worker] org.hibernate.type.BasicTypeRegistry     : Adding type registration [C -> org.hibernate.type.BasicTypeReference@738a815c
2024-05-22T19:57:33.800+09:00 DEBUG 15368 --- [reservation] [    Test worker] org.hibernate.type.BasicTypeRegistry     : Adding type registration wrapper-characters -> org.hibernate.type.BasicTypeReference@2565a7d0
2024-05-22T19:57:33.800+09:00 DEBUG 15368 --- [reservation] [    Test worker] org.hibernate.type.BasicTypeRegistry     : Adding type registration text -> org.hibernate.type.BasicTypeReference@4fd7b79
2024-05-22T19:57:33.800+09:00 DEBUG 15368 --- [reservation] [    Test worker] org.hibernate.type.BasicTypeRegistry     : Adding type registration ntext -> org.hibernate.type.BasicTypeReference@5103eea2
2024-05-22T19:57:33.801+09:00 DEBUG 15368 --- [reservation] [    Test worker] org.hibernate.type.BasicTypeRegistry     : Adding type registration clob -> org.hibernate.type.BasicTypeReference@762405bf
2024-05-22T19:57:33.801+09:00 DEBUG 15368 --- [reservation] [    Test worker] org.hibernate.type.BasicTypeRegistry     : Adding type registration java.sql.Clob -> org.hibernate.type.BasicTypeReference@762405bf
2024-05-22T19:57:33.801+09:00 DEBUG 15368 --- [reservation] [    Test worker] org.hibernate.type.BasicTypeRegistry     : Adding type registration nclob -> org.hibernate.type.BasicTypeReference@7e77678c
2024-05-22T19:57:33.801+09:00 DEBUG 15368 --- [reservation] [    Test worker] org.hibernate.type.BasicTypeRegistry     : Adding type registration java.sql.NClob -> org.hibernate.type.BasicTypeReference@7e77678c
2024-05-22T19:57:33.801+09:00 DEBUG 15368 --- [reservation] [    Test worker] org.hibernate.type.BasicTypeRegistry     : Adding type registration materialized_clob -> org.hibernate.type.BasicTypeReference@113eed88
2024-05-22T19:57:33.801+09:00 DEBUG 15368 --- [reservation] [    Test worker] org.hibernate.type.BasicTypeRegistry     : Adding type registration materialized_clob_char_array -> org.hibernate.type.BasicTypeReference@5f0677f3
2024-05-22T19:57:33.802+09:00 DEBUG 15368 --- [reservation] [    Test worker] org.hibernate.type.BasicTypeRegistry     : Adding type registration materialized_clob_character_array -> org.hibernate.type.BasicTypeReference@9d99851
2024-05-22T19:57:33.802+09:00 DEBUG 15368 --- [reservation] [    Test worker] org.hibernate.type.BasicTypeRegistry     : Adding type registration materialized_nclob -> org.hibernate.type.BasicTypeReference@4cd7d5e1
2024-05-22T19:57:33.802+09:00 DEBUG 15368 --- [reservation] [    Test worker] org.hibernate.type.BasicTypeRegistry     : Adding type registration materialized_nclob_character_array -> org.hibernate.type.BasicTypeReference@2ae3235e
2024-05-22T19:57:33.802+09:00 DEBUG 15368 --- [reservation] [    Test worker] org.hibernate.type.BasicTypeRegistry     : Adding type registration materialized_nclob_char_array -> org.hibernate.type.BasicTypeReference@46b6701e
2024-05-22T19:57:33.802+09:00 DEBUG 15368 --- [reservation] [    Test worker] org.hibernate.type.BasicTypeRegistry     : Adding type registration Duration -> org.hibernate.type.BasicTypeReference@3686389
2024-05-22T19:57:33.802+09:00 DEBUG 15368 --- [reservation] [    Test worker] org.hibernate.type.BasicTypeRegistry     : Adding type registration java.time.Duration -> org.hibernate.type.BasicTypeReference@3686389
2024-05-22T19:57:33.802+09:00 DEBUG 15368 --- [reservation] [    Test worker] org.hibernate.type.BasicTypeRegistry     : Adding type registration LocalDateTime -> org.hibernate.type.BasicTypeReference@71e2c6d8
2024-05-22T19:57:33.802+09:00 DEBUG 15368 --- [reservation] [    Test worker] org.hibernate.type.BasicTypeRegistry     : Adding type registration java.time.LocalDateTime -> org.hibernate.type.BasicTypeReference@71e2c6d8
2024-05-22T19:57:33.803+09:00 DEBUG 15368 --- [reservation] [    Test worker] org.hibernate.type.BasicTypeRegistry     : Adding type registration LocalDate -> org.hibernate.type.BasicTypeReference@4228f269
2024-05-22T19:57:33.803+09:00 DEBUG 15368 --- [reservation] [    Test worker] org.hibernate.type.BasicTypeRegistry     : Adding type registration java.time.LocalDate -> org.hibernate.type.BasicTypeReference@4228f269
2024-05-22T19:57:33.803+09:00 DEBUG 15368 --- [reservation] [    Test worker] org.hibernate.type.BasicTypeRegistry     : Adding type registration LocalTime -> org.hibernate.type.BasicTypeReference@376b5cb2
2024-05-22T19:57:33.803+09:00 DEBUG 15368 --- [reservation] [    Test worker] org.hibernate.type.BasicTypeRegistry     : Adding type registration java.time.LocalTime -> org.hibernate.type.BasicTypeReference@376b5cb2
2024-05-22T19:57:33.803+09:00 DEBUG 15368 --- [reservation] [    Test worker] org.hibernate.type.BasicTypeRegistry     : Adding type registration OffsetDateTime -> org.hibernate.type.BasicTypeReference@775f15fd
2024-05-22T19:57:33.803+09:00 DEBUG 15368 --- [reservation] [    Test worker] org.hibernate.type.BasicTypeRegistry     : Adding type registration java.time.OffsetDateTime -> org.hibernate.type.BasicTypeReference@775f15fd
2024-05-22T19:57:33.803+09:00 DEBUG 15368 --- [reservation] [    Test worker] org.hibernate.type.BasicTypeRegistry     : Adding type registration OffsetDateTimeWithTimezone -> org.hibernate.type.BasicTypeReference@106cd9c8
2024-05-22T19:57:33.804+09:00 DEBUG 15368 --- [reservation] [    Test worker] org.hibernate.type.BasicTypeRegistry     : Adding type registration OffsetDateTimeWithoutTimezone -> org.hibernate.type.BasicTypeReference@1552da16
2024-05-22T19:57:33.804+09:00 DEBUG 15368 --- [reservation] [    Test worker] org.hibernate.type.BasicTypeRegistry     : Adding type registration OffsetTime -> org.hibernate.type.BasicTypeReference@78318ac2
2024-05-22T19:57:33.804+09:00 DEBUG 15368 --- [reservation] [    Test worker] org.hibernate.type.BasicTypeRegistry     : Adding type registration java.time.OffsetTime -> org.hibernate.type.BasicTypeReference@78318ac2
2024-05-22T19:57:33.804+09:00 DEBUG 15368 --- [reservation] [    Test worker] org.hibernate.type.BasicTypeRegistry     : Adding type registration OffsetTimeUtc -> org.hibernate.type.BasicTypeReference@77ce88c4
2024-05-22T19:57:33.804+09:00 DEBUG 15368 --- [reservation] [    Test worker] org.hibernate.type.BasicTypeRegistry     : Adding type registration OffsetTimeWithTimezone -> org.hibernate.type.BasicTypeReference@11abd6c
2024-05-22T19:57:33.804+09:00 DEBUG 15368 --- [reservation] [    Test worker] org.hibernate.type.BasicTypeRegistry     : Adding type registration OffsetTimeWithoutTimezone -> org.hibernate.type.BasicTypeReference@29b5533
2024-05-22T19:57:33.804+09:00 DEBUG 15368 --- [reservation] [    Test worker] org.hibernate.type.BasicTypeRegistry     : Adding type registration ZonedDateTime -> org.hibernate.type.BasicTypeReference@7608a838
2024-05-22T19:57:33.804+09:00 DEBUG 15368 --- [reservation] [    Test worker] org.hibernate.type.BasicTypeRegistry     : Adding type registration java.time.ZonedDateTime -> org.hibernate.type.BasicTypeReference@7608a838
2024-05-22T19:57:33.804+09:00 DEBUG 15368 --- [reservation] [    Test worker] org.hibernate.type.BasicTypeRegistry     : Adding type registration ZonedDateTimeWithTimezone -> org.hibernate.type.BasicTypeReference@75839695
2024-05-22T19:57:33.804+09:00 DEBUG 15368 --- [reservation] [    Test worker] org.hibernate.type.BasicTypeRegistry     : Adding type registration ZonedDateTimeWithoutTimezone -> org.hibernate.type.BasicTypeReference@21a6a494
2024-05-22T19:57:33.805+09:00 DEBUG 15368 --- [reservation] [    Test worker] org.hibernate.type.BasicTypeRegistry     : Adding type registration date -> org.hibernate.type.BasicTypeReference@794c5f5e
2024-05-22T19:57:33.805+09:00 DEBUG 15368 --- [reservation] [    Test worker] org.hibernate.type.BasicTypeRegistry     : Adding type registration java.sql.Date -> org.hibernate.type.BasicTypeReference@794c5f5e
2024-05-22T19:57:33.805+09:00 DEBUG 15368 --- [reservation] [    Test worker] org.hibernate.type.BasicTypeRegistry     : Adding type registration time -> org.hibernate.type.BasicTypeReference@4ab66127
2024-05-22T19:57:33.805+09:00 DEBUG 15368 --- [reservation] [    Test worker] org.hibernate.type.BasicTypeRegistry     : Adding type registration java.sql.Time -> org.hibernate.type.BasicTypeReference@4ab66127
2024-05-22T19:57:33.805+09:00 DEBUG 15368 --- [reservation] [    Test worker] org.hibernate.type.BasicTypeRegistry     : Adding type registration timestamp -> org.hibernate.type.BasicTypeReference@236861da
2024-05-22T19:57:33.805+09:00 DEBUG 15368 --- [reservation] [    Test worker] org.hibernate.type.BasicTypeRegistry     : Adding type registration java.sql.Timestamp -> org.hibernate.type.BasicTypeReference@236861da
2024-05-22T19:57:33.805+09:00 DEBUG 15368 --- [reservation] [    Test worker] org.hibernate.type.BasicTypeRegistry     : Adding type registration java.util.Date -> org.hibernate.type.BasicTypeReference@236861da
2024-05-22T19:57:33.805+09:00 DEBUG 15368 --- [reservation] [    Test worker] org.hibernate.type.BasicTypeRegistry     : Adding type registration calendar -> org.hibernate.type.BasicTypeReference@37fef327
2024-05-22T19:57:33.805+09:00 DEBUG 15368 --- [reservation] [    Test worker] org.hibernate.type.BasicTypeRegistry     : Adding type registration java.util.Calendar -> org.hibernate.type.BasicTypeReference@37fef327
2024-05-22T19:57:33.806+09:00 DEBUG 15368 --- [reservation] [    Test worker] org.hibernate.type.BasicTypeRegistry     : Adding type registration java.util.GregorianCalendar -> org.hibernate.type.BasicTypeReference@37fef327
2024-05-22T19:57:33.806+09:00 DEBUG 15368 --- [reservation] [    Test worker] org.hibernate.type.BasicTypeRegistry     : Adding type registration calendar_date -> org.hibernate.type.BasicTypeReference@2cd3fc29
2024-05-22T19:57:33.806+09:00 DEBUG 15368 --- [reservation] [    Test worker] org.hibernate.type.BasicTypeRegistry     : Adding type registration calendar_time -> org.hibernate.type.BasicTypeReference@55951fcd
2024-05-22T19:57:33.806+09:00 DEBUG 15368 --- [reservation] [    Test worker] org.hibernate.type.BasicTypeRegistry     : Adding type registration instant -> org.hibernate.type.BasicTypeReference@3513d214
2024-05-22T19:57:33.806+09:00 DEBUG 15368 --- [reservation] [    Test worker] org.hibernate.type.BasicTypeRegistry     : Adding type registration java.time.Instant -> org.hibernate.type.BasicTypeReference@3513d214
2024-05-22T19:57:33.806+09:00 DEBUG 15368 --- [reservation] [    Test worker] org.hibernate.type.BasicTypeRegistry     : Adding type registration uuid -> org.hibernate.type.BasicTypeReference@7534785a
2024-05-22T19:57:33.806+09:00 DEBUG 15368 --- [reservation] [    Test worker] org.hibernate.type.BasicTypeRegistry     : Adding type registration java.util.UUID -> org.hibernate.type.BasicTypeReference@7534785a
2024-05-22T19:57:33.807+09:00 DEBUG 15368 --- [reservation] [    Test worker] org.hibernate.type.BasicTypeRegistry     : Adding type registration pg-uuid -> org.hibernate.type.BasicTypeReference@7534785a
2024-05-22T19:57:33.807+09:00 DEBUG 15368 --- [reservation] [    Test worker] org.hibernate.type.BasicTypeRegistry     : Adding type registration uuid-binary -> org.hibernate.type.BasicTypeReference@46b5f061
2024-05-22T19:57:33.807+09:00 DEBUG 15368 --- [reservation] [    Test worker] org.hibernate.type.BasicTypeRegistry     : Adding type registration uuid-char -> org.hibernate.type.BasicTypeReference@3ba3f40d
2024-05-22T19:57:33.807+09:00 DEBUG 15368 --- [reservation] [    Test worker] org.hibernate.type.BasicTypeRegistry     : Adding type registration class -> org.hibernate.type.BasicTypeReference@108b121f
2024-05-22T19:57:33.807+09:00 DEBUG 15368 --- [reservation] [    Test worker] org.hibernate.type.BasicTypeRegistry     : Adding type registration java.lang.Class -> org.hibernate.type.BasicTypeReference@108b121f
2024-05-22T19:57:33.807+09:00 DEBUG 15368 --- [reservation] [    Test worker] org.hibernate.type.BasicTypeRegistry     : Adding type registration currency -> org.hibernate.type.BasicTypeReference@46ab4efc
2024-05-22T19:57:33.807+09:00 DEBUG 15368 --- [reservation] [    Test worker] org.hibernate.type.BasicTypeRegistry     : Adding type registration Currency -> org.hibernate.type.BasicTypeReference@46ab4efc
2024-05-22T19:57:33.807+09:00 DEBUG 15368 --- [reservation] [    Test worker] org.hibernate.type.BasicTypeRegistry     : Adding type registration java.util.Currency -> org.hibernate.type.BasicTypeReference@46ab4efc
2024-05-22T19:57:33.807+09:00 DEBUG 15368 --- [reservation] [    Test worker] org.hibernate.type.BasicTypeRegistry     : Adding type registration locale -> org.hibernate.type.BasicTypeReference@2ff498b0
2024-05-22T19:57:33.808+09:00 DEBUG 15368 --- [reservation] [    Test worker] org.hibernate.type.BasicTypeRegistry     : Adding type registration java.util.Locale -> org.hibernate.type.BasicTypeReference@2ff498b0
2024-05-22T19:57:33.808+09:00 DEBUG 15368 --- [reservation] [    Test worker] org.hibernate.type.BasicTypeRegistry     : Adding type registration serializable -> org.hibernate.type.BasicTypeReference@b5312df
2024-05-22T19:57:33.808+09:00 DEBUG 15368 --- [reservation] [    Test worker] org.hibernate.type.BasicTypeRegistry     : Adding type registration java.io.Serializable -> org.hibernate.type.BasicTypeReference@b5312df
2024-05-22T19:57:33.808+09:00 DEBUG 15368 --- [reservation] [    Test worker] org.hibernate.type.BasicTypeRegistry     : Adding type registration timezone -> org.hibernate.type.BasicTypeReference@4300e240
2024-05-22T19:57:33.808+09:00 DEBUG 15368 --- [reservation] [    Test worker] org.hibernate.type.BasicTypeRegistry     : Adding type registration java.util.TimeZone -> org.hibernate.type.BasicTypeReference@4300e240
2024-05-22T19:57:33.808+09:00 DEBUG 15368 --- [reservation] [    Test worker] org.hibernate.type.BasicTypeRegistry     : Adding type registration ZoneOffset -> org.hibernate.type.BasicTypeReference@5f409872
2024-05-22T19:57:33.808+09:00 DEBUG 15368 --- [reservation] [    Test worker] org.hibernate.type.BasicTypeRegistry     : Adding type registration java.time.ZoneOffset -> org.hibernate.type.BasicTypeReference@5f409872
2024-05-22T19:57:33.808+09:00 DEBUG 15368 --- [reservation] [    Test worker] org.hibernate.type.BasicTypeRegistry     : Adding type registration url -> org.hibernate.type.BasicTypeReference@547aaa32
2024-05-22T19:57:33.809+09:00 DEBUG 15368 --- [reservation] [    Test worker] org.hibernate.type.BasicTypeRegistry     : Adding type registration java.net.URL -> org.hibernate.type.BasicTypeReference@547aaa32
2024-05-22T19:57:33.809+09:00 DEBUG 15368 --- [reservation] [    Test worker] org.hibernate.type.BasicTypeRegistry     : Adding type registration vector -> org.hibernate.type.BasicTypeReference@472c9f88
2024-05-22T19:57:33.809+09:00 DEBUG 15368 --- [reservation] [    Test worker] org.hibernate.type.BasicTypeRegistry     : Adding type registration row_version -> org.hibernate.type.BasicTypeReference@37a67cf
2024-05-22T19:57:33.815+09:00 DEBUG 15368 --- [reservation] [    Test worker] org.hibernate.type.BasicTypeRegistry     : Adding type registration object -> org.hibernate.type.JavaObjectType@3a16984c
2024-05-22T19:57:33.815+09:00 DEBUG 15368 --- [reservation] [    Test worker] org.hibernate.type.BasicTypeRegistry     : Adding type registration java.lang.Object -> org.hibernate.type.JavaObjectType@3a16984c
2024-05-22T19:57:33.816+09:00 DEBUG 15368 --- [reservation] [    Test worker] org.hibernate.type.BasicTypeRegistry     : Adding type registration null -> org.hibernate.type.NullType@68e24e7
2024-05-22T19:57:33.817+09:00 DEBUG 15368 --- [reservation] [    Test worker] org.hibernate.type.BasicTypeRegistry     : Adding type registration imm_date -> org.hibernate.type.BasicTypeReference@c732e1c
2024-05-22T19:57:33.817+09:00 DEBUG 15368 --- [reservation] [    Test worker] org.hibernate.type.BasicTypeRegistry     : Adding type registration imm_time -> org.hibernate.type.BasicTypeReference@6aad919c
2024-05-22T19:57:33.817+09:00 DEBUG 15368 --- [reservation] [    Test worker] org.hibernate.type.BasicTypeRegistry     : Adding type registration imm_timestamp -> org.hibernate.type.BasicTypeReference@56c42964
2024-05-22T19:57:33.817+09:00 DEBUG 15368 --- [reservation] [    Test worker] org.hibernate.type.BasicTypeRegistry     : Adding type registration imm_calendar -> org.hibernate.type.BasicTypeReference@211a9647
2024-05-22T19:57:33.817+09:00 DEBUG 15368 --- [reservation] [    Test worker] org.hibernate.type.BasicTypeRegistry     : Adding type registration imm_calendar_date -> org.hibernate.type.BasicTypeReference@340c5fb6
2024-05-22T19:57:33.817+09:00 DEBUG 15368 --- [reservation] [    Test worker] org.hibernate.type.BasicTypeRegistry     : Adding type registration imm_calendar_time -> org.hibernate.type.BasicTypeReference@322b09da
2024-05-22T19:57:33.817+09:00 DEBUG 15368 --- [reservation] [    Test worker] org.hibernate.type.BasicTypeRegistry     : Adding type registration imm_binary -> org.hibernate.type.BasicTypeReference@45d389f2
2024-05-22T19:57:33.817+09:00 DEBUG 15368 --- [reservation] [    Test worker] org.hibernate.type.BasicTypeRegistry     : Adding type registration imm_serializable -> org.hibernate.type.BasicTypeReference@308e87a1
2024-05-22T19:57:34.026+09:00  INFO 15368 --- [reservation] [    Test worker] o.s.o.j.p.SpringPersistenceUnitInfo      : No LoadTimeWeaver setup: ignoring JPA class transformer
2024-05-22T19:57:34.063+09:00  INFO 15368 --- [reservation] [    Test worker] com.zaxxer.hikari.HikariDataSource       : HikariPool-1 - Starting...
2024-05-22T19:57:34.272+09:00  INFO 15368 --- [reservation] [    Test worker] com.zaxxer.hikari.pool.HikariPool        : HikariPool-1 - Added connection conn0: url=jdbc:h2:mem:testdb user=SA
2024-05-22T19:57:34.275+09:00  INFO 15368 --- [reservation] [    Test worker] com.zaxxer.hikari.HikariDataSource       : HikariPool-1 - Start completed.
2024-05-22T19:57:34.301+09:00  WARN 15368 --- [reservation] [    Test worker] org.hibernate.orm.deprecation            : HHH90000025: H2Dialect does not need to be specified explicitly using 'hibernate.dialect' (remove the property setting and it will be selected by default)
2024-05-22T19:57:34.328+09:00 DEBUG 15368 --- [reservation] [    Test worker] o.h.t.d.jdbc.spi.JdbcTypeRegistry        : addDescriptor(NCharTypeDescriptor) replaced previous registration(CharTypeDescriptor)
2024-05-22T19:57:34.328+09:00 DEBUG 15368 --- [reservation] [    Test worker] o.h.t.d.jdbc.spi.JdbcTypeRegistry        : addDescriptor(NVarcharTypeDescriptor) replaced previous registration(VarcharTypeDescriptor)
2024-05-22T19:57:34.329+09:00 DEBUG 15368 --- [reservation] [    Test worker] o.h.t.d.jdbc.spi.JdbcTypeRegistry        : addDescriptor(LongNVarcharTypeDescriptor) replaced previous registration(LongVarcharTypeDescriptor)
2024-05-22T19:57:34.331+09:00 DEBUG 15368 --- [reservation] [    Test worker] o.h.t.d.jdbc.spi.JdbcTypeRegistry        : addDescriptor(NClobTypeDescriptor(DEFAULT)) replaced previous registration(ClobTypeDescriptor(DEFAULT))
2024-05-22T19:57:34.331+09:00 DEBUG 15368 --- [reservation] [    Test worker] o.h.t.d.jdbc.spi.JdbcTypeRegistry        : addDescriptor(2005, ClobTypeDescriptor(STREAM_BINDING)) replaced previous registration(ClobTypeDescriptor(DEFAULT))
2024-05-22T19:57:34.333+09:00 DEBUG 15368 --- [reservation] [    Test worker] o.h.t.d.jdbc.spi.JdbcTypeRegistry        : addDescriptor(TimestampUtcDescriptor) replaced previous registration(TimestampUtcDescriptor)
2024-05-22T19:57:34.338+09:00 DEBUG 15368 --- [reservation] [    Test worker] org.hibernate.type.BasicTypeRegistry     : Adding type registration org.hibernate.type.DurationType -> basicType@1(java.time.Duration,3015)
2024-05-22T19:57:34.338+09:00 DEBUG 15368 --- [reservation] [    Test worker] org.hibernate.type.BasicTypeRegistry     : Adding type registration Duration -> basicType@1(java.time.Duration,3015)
2024-05-22T19:57:34.338+09:00 DEBUG 15368 --- [reservation] [    Test worker] org.hibernate.type.BasicTypeRegistry     : Adding type registration java.time.Duration -> basicType@1(java.time.Duration,3015)
2024-05-22T19:57:34.343+09:00 DEBUG 15368 --- [reservation] [    Test worker] o.h.type.spi.TypeConfiguration$Scope     : Scoping TypeConfiguration [org.hibernate.type.spi.TypeConfiguration@2168def] to MetadataBuildingContext [org.hibernate.boot.internal.MetadataBuildingContextRootImpl@3639b04]
2024-05-22T19:57:35.221+09:00  INFO 15368 --- [reservation] [    Test worker] o.h.e.t.j.p.i.JtaPlatformInitiator       : HHH000489: No JTA platform available (set 'hibernate.transaction.jta.platform' to enable JTA platform integration)
2024-05-22T19:57:35.222+09:00 DEBUG 15368 --- [reservation] [    Test worker] o.h.type.spi.TypeConfiguration$Scope     : Scoping TypeConfiguration [org.hibernate.type.spi.TypeConfiguration@2168def] to SessionFactoryImplementor [org.hibernate.internal.SessionFactoryImpl@116efe65]
2024-05-22T19:57:35.240+09:00 DEBUG 15368 --- [reservation] [    Test worker] org.hibernate.SQL                        : 
    drop table if exists store cascade 
Hibernate: 
    drop table if exists store cascade 
2024-05-22T19:57:35.244+09:00 DEBUG 15368 --- [reservation] [    Test worker] org.hibernate.SQL                        : 
    drop table if exists users cascade 
Hibernate: 
    drop table if exists users cascade 
2024-05-22T19:57:35.251+09:00 DEBUG 15368 --- [reservation] [    Test worker] org.hibernate.SQL                        : 
    create table store (
        created_at timestamp(6),
        expired_at timestamp(6),
        id bigint generated by default as identity,
        updated_at timestamp(6),
        user_id bigint,
        name varchar(50) unique,
        primary key (id)
    )
Hibernate: 
    create table store (
        created_at timestamp(6),
        expired_at timestamp(6),
        id bigint generated by default as identity,
        updated_at timestamp(6),
        user_id bigint,
        name varchar(50) unique,
        primary key (id)
    )
2024-05-22T19:57:35.264+09:00 DEBUG 15368 --- [reservation] [    Test worker] org.hibernate.SQL                        : 
    create table users (
        created_at timestamp(6),
        expired_at timestamp(6),
        id bigint generated by default as identity,
        updated_at timestamp(6),
        nickname varchar(50),
        username varchar(50) unique,
        password varchar(100),
        refresh_token varchar(1000),
        authority varchar(255) check (authority in ('USER','ADMIN')),
        primary key (id)
    )
Hibernate: 
    create table users (
        created_at timestamp(6),
        expired_at timestamp(6),
        id bigint generated by default as identity,
        updated_at timestamp(6),
        nickname varchar(50),
        username varchar(50) unique,
        password varchar(100),
        refresh_token varchar(1000),
        authority varchar(255) check (authority in ('USER','ADMIN')),
        primary key (id)
    )
2024-05-22T19:57:35.274+09:00 TRACE 15368 --- [reservation] [    Test worker] o.h.type.spi.TypeConfiguration$Scope     : Handling #sessionFactoryCreated from [org.hibernate.internal.SessionFactoryImpl@116efe65] for TypeConfiguration
2024-05-22T19:57:35.274+09:00  INFO 15368 --- [reservation] [    Test worker] j.LocalContainerEntityManagerFactoryBean : Initialized JPA EntityManagerFactory for persistence unit 'default'
2024-05-22T19:57:35.981+09:00  WARN 15368 --- [reservation] [    Test worker] JpaBaseConfiguration$JpaWebConfiguration : spring.jpa.open-in-view is enabled by default. Therefore, database queries may be performed during view rendering. Explicitly configure spring.jpa.open-in-view to disable this warning
2024-05-22T19:57:37.362+09:00  INFO 15368 --- [reservation] [    Test worker] o.s.s.web.DefaultSecurityFilterChain     : Will secure any request with [org.springframework.security.web.session.DisableEncodeUrlFilter@144fc5fa, org.springframework.security.web.context.request.async.WebAsyncManagerIntegrationFilter@5472c27a, org.springframework.security.web.context.SecurityContextHolderFilter@12544a50, org.springframework.security.web.header.HeaderWriterFilter@3502b614, org.springframework.web.filter.CorsFilter@555b3ec9, com.portfolio.reservation.filter.JwtAuthenticationProcessingFilter@f28ee19, org.springframework.security.web.authentication.logout.LogoutFilter@44233014, com.portfolio.reservation.filter.JsonUsernamePasswordAuthenticationFilter@12922d53, org.springframework.security.web.savedrequest.RequestCacheAwareFilter@1b472cad, org.springframework.security.web.servletapi.SecurityContextHolderAwareRequestFilter@27aa0720, org.springframework.security.web.authentication.AnonymousAuthenticationFilter@299e245c, org.springframework.security.web.session.SessionManagementFilter@2ef5df8f, org.springframework.security.web.access.ExceptionTranslationFilter@2e53f980, org.springframework.security.web.access.intercept.AuthorizationFilter@137a70f1]
2024-05-22T19:57:37.902+09:00  INFO 15368 --- [reservation] [    Test worker] c.p.r.service.store.storeServiceTest     : Started storeServiceTest in 6.431 seconds (process running for 7.756)
2024-05-22T19:57:38.615+09:00 DEBUG 15368 --- [reservation] [    Test worker] org.hibernate.SQL                        : 
    select
        u1_0.id,
        u1_0.authority,
        u1_0.created_at,
        u1_0.expired_at,
        u1_0.nickname,
        u1_0.password,
        u1_0.refresh_token,
        u1_0.updated_at,
        u1_0.username 
    from
        users u1_0 
    where
        u1_0.username=? 
        and u1_0.expired_at is null
Hibernate: 
    select
        u1_0.id,
        u1_0.authority,
        u1_0.created_at,
        u1_0.expired_at,
        u1_0.nickname,
        u1_0.password,
        u1_0.refresh_token,
        u1_0.updated_at,
        u1_0.username 
    from
        users u1_0 
    where
        u1_0.username=? 
        and u1_0.expired_at is null
2024-05-22T19:57:38.766+09:00 DEBUG 15368 --- [reservation] [    Test worker] org.hibernate.SQL                        : 
    insert 
    into
        users
        (authority, created_at, expired_at, nickname, password, refresh_token, updated_at, username, id) 
    values
        (?, ?, ?, ?, ?, ?, ?, ?, default)
Hibernate: 
    insert 
    into
        users
        (authority, created_at, expired_at, nickname, password, refresh_token, updated_at, username, id) 
    values
        (?, ?, ?, ?, ?, ?, ?, ?, default)
2024-05-22T19:57:38.788+09:00 DEBUG 15368 --- [reservation] [    Test worker] org.hibernate.SQL                        : 
    select
        u1_0.id,
        u1_0.authority,
        u1_0.created_at,
        u1_0.expired_at,
        u1_0.nickname,
        u1_0.password,
        u1_0.refresh_token,
        u1_0.updated_at,
        u1_0.username 
    from
        users u1_0 
    order by
        u1_0.id 
    fetch
        first ? rows only
Hibernate: 
    select
        u1_0.id,
        u1_0.authority,
        u1_0.created_at,
        u1_0.expired_at,
        u1_0.nickname,
        u1_0.password,
        u1_0.refresh_token,
        u1_0.updated_at,
        u1_0.username 
    from
        users u1_0 
    order by
        u1_0.id 
    fetch
        first ? rows only
2024-05-22T19:57:38.794+09:00 DEBUG 15368 --- [reservation] [    Test worker] org.hibernate.SQL                        : 
    select
        u1_0.id,
        u1_0.authority,
        u1_0.created_at,
        u1_0.expired_at,
        u1_0.nickname,
        u1_0.password,
        u1_0.refresh_token,
        u1_0.updated_at,
        u1_0.username 
    from
        users u1_0 
    where
        u1_0.username=? 
        and u1_0.expired_at is null
Hibernate: 
    select
        u1_0.id,
        u1_0.authority,
        u1_0.created_at,
        u1_0.expired_at,
        u1_0.nickname,
        u1_0.password,
        u1_0.refresh_token,
        u1_0.updated_at,
        u1_0.username 
    from
        users u1_0 
    where
        u1_0.username=? 
        and u1_0.expired_at is null
2024-05-22T19:57:38.797+09:00 DEBUG 15368 --- [reservation] [    Test worker] org.hibernate.SQL                        : 
    select
        s1_0.id,
        s1_0.created_at,
        s1_0.expired_at,
        s1_0.name,
        s1_0.updated_at,
        s1_0.user_id 
    from
        store s1_0 
    where
        s1_0.name=? 
        and s1_0.expired_at is null
Hibernate: 
    select
        s1_0.id,
        s1_0.created_at,
        s1_0.expired_at,
        s1_0.name,
        s1_0.updated_at,
        s1_0.user_id 
    from
        store s1_0 
    where
        s1_0.name=? 
        and s1_0.expired_at is null
2024-05-22T19:57:38.803+09:00 DEBUG 15368 --- [reservation] [    Test worker] org.hibernate.SQL                        : 
    insert 
    into
        store
        (created_at, expired_at, name, updated_at, user_id, id) 
    values
        (?, ?, ?, ?, ?, default)
Hibernate: 
    insert 
    into
        store
        (created_at, expired_at, name, updated_at, user_id, id) 
    values
        (?, ?, ?, ?, ?, default)
2024-05-22T19:57:38.806+09:00 DEBUG 15368 --- [reservation] [    Test worker] org.hibernate.SQL                        : 
    select
        s1_0.id,
        s1_0.created_at,
        s1_0.expired_at,
        s1_0.name,
        s1_0.updated_at,
        s1_0.user_id 
    from
        store s1_0 
    order by
        s1_0.id 
    fetch
        first ? rows only
Hibernate: 
    select
        s1_0.id,
        s1_0.created_at,
        s1_0.expired_at,
        s1_0.name,
        s1_0.updated_at,
        s1_0.user_id 
    from
        store s1_0 
    order by
        s1_0.id 
    fetch
        first ? rows only
2024-05-22T19:57:38.870+09:00 DEBUG 15368 --- [reservation] [    Test worker] org.hibernate.SQL                        : 
    select
        s1_0.id,
        s1_0.created_at,
        s1_0.expired_at,
        s1_0.name,
        s1_0.updated_at,
        s1_0.user_id 
    from
        store s1_0 
    order by
        s1_0.id 
    fetch
        first ? rows only
Hibernate: 
    select
        s1_0.id,
        s1_0.created_at,
        s1_0.expired_at,
        s1_0.name,
        s1_0.updated_at,
        s1_0.user_id 
    from
        store s1_0 
    order by
        s1_0.id 
    fetch
        first ? rows only
2024-05-22T19:57:38.887+09:00 DEBUG 15368 --- [reservation] [    Test worker] org.hibernate.SQL                        : 
    select
        u1_0.id,
        u1_0.authority,
        u1_0.created_at,
        u1_0.expired_at,
        u1_0.nickname,
        u1_0.password,
        u1_0.refresh_token,
        u1_0.updated_at,
        u1_0.username 
    from
        users u1_0 
    order by
        u1_0.id 
    fetch
        first ? rows only
Hibernate: 
    select
        u1_0.id,
        u1_0.authority,
        u1_0.created_at,
        u1_0.expired_at,
        u1_0.nickname,
        u1_0.password,
        u1_0.refresh_token,
        u1_0.updated_at,
        u1_0.username 
    from
        users u1_0 
    order by
        u1_0.id 
    fetch
        first ? rows only
]]></system-out>
  <system-err><![CDATA[]]></system-err>
</testsuite>
